Release 14.7 Xflow P.20131013 (lin64)
Copyright (c) 1995-2013 Xilinx, Inc.  All rights reserved.
xflow -wd implementation -p xc7z020clg484-1 -implement xflow.opt system.ngc  
PMSPEC -- Overriding Xilinx file
</opt/Xilinx/14.7/ISE_DS/EDK/zynq/data/zynq.acd> with local file
</opt/Xilinx/14.7/ISE_DS/ISE/zynq/data/zynq.acd>
.... Copying flowfile /opt/Xilinx/14.7/ISE_DS/ISE/xilinx/data/fpga.flw into
working directory /cf_ad9467_zed/implementation 

Using Flow File: /cf_ad9467_zed/implementation/fpga.flw 
Using Option File(s): 
 /cf_ad9467_zed/implementation/xflow.opt 

Creating Script File ... 

#----------------------------------------------#
# Starting program ngdbuild
# ngdbuild -p xc7z020clg484-1 -nt timestamp -bm system.bmm
"/cf_ad9467_zed/implementation/system.ngc" -uc system.ucf system.ngd 
#----------------------------------------------#
Release 14.7 - ngdbuild P.20131013 (lin64)
Copyright (c) 1995-2013 Xilinx, Inc.  All rights reserved.
PMSPEC -- Overriding Xilinx file
</opt/Xilinx/14.7/ISE_DS/EDK/zynq/data/zynq.acd> with local file
</opt/Xilinx/14.7/ISE_DS/ISE/zynq/data/zynq.acd>

Command Line: /opt/Xilinx/14.7/ISE_DS/ISE/bin/lin64/unwrapped/ngdbuild -p
xc7z020clg484-1 -nt timestamp -bm system.bmm
/cf_ad9467_zed/implementation/system.ngc -uc system.ucf system.ngd

Reading NGO file "/cf_ad9467_zed/implementation/system.ngc" ...
Loading design module
"/cf_ad9467_zed/implementation/system_axi_adc_1c_0_wrapper.ngc"...
Loading design module
"/cf_ad9467_zed/implementation/system_chipscope_ila_0_wrapper.ngc"...
Loading design module
"/cf_ad9467_zed/implementation/system_axi_dma_0_wrapper.ngc"...
Loading design module
"/cf_ad9467_zed/implementation/system_axi_interconnect_2_wrapper.ngc"...
Loading design module
"/cf_ad9467_zed/implementation/system_axi_interconnect_1_wrapper.ngc"...
Loading design module
"/cf_ad9467_zed/implementation/system_processing_system7_0_wrapper.ngc"...
Loading design module
"/cf_ad9467_zed/implementation/system_axi_spi_0_wrapper.ngc"...
Loading design module
"/cf_ad9467_zed/implementation/system_util_spi_3w_0_wrapper.ngc"...
Loading design module
"/cf_ad9467_zed/implementation/system_chipscope_icon_0_wrapper.ngc"...
Applying constraints in
"/cf_ad9467_zed/implementation/system_chipscope_ila_0_wrapper.ncf" to module
"chipscope_ila_0"...
WARNING:ConstraintSystem:192 - The TNM 'D2_CLK', does not directly or indirectly
   drive any flip-flops, latches and/or RAMS and cannot be actively used by the
   referencing TIg constraint ''. If clock manager blocks are directly or
   indirectly driven, a new TNM constraint will not be derived since the none of
   the referencing constraints are a PERIOD constraint. This TNM is used in the
   following user groups and/or specifications:
   <TIMESPEC TS_D2_TO_T2 = FROM D2_CLK TO "FFS" TIG;>
   [/cf_ad9467_zed/implementation/system_chipscope_ila_0_wrapper.ncf(6)]
   <TIMESPEC TS_J2_TO_D2 = FROM "FFS" TO D2_CLK TIG;>
   [/cf_ad9467_zed/implementation/system_chipscope_ila_0_wrapper.ncf(7)]
   <TIMESPEC TS_J3_TO_D2 = FROM "FFS" TO D2_CLK TIG;>
   [/cf_ad9467_zed/implementation/system_chipscope_ila_0_wrapper.ncf(8)]
   <TIMESPEC TS_J4_TO_D2 = FROM "FFS" TO D2_CLK TIG;>
   [/cf_ad9467_zed/implementation/system_chipscope_ila_0_wrapper.ncf(9)]

WARNING:ConstraintSystem:197 - The following specification is invalid because
   the referenced TNM constraint was removed:
   <TIMESPEC TS_D2_TO_T2 = FROM D2_CLK TO "FFS" TIG;>
   [/cf_ad9467_zed/implementation/system_chipscope_ila_0_wrapper.ncf(6)]

WARNING:ConstraintSystem:197 - The following specification is invalid because
   the referenced TNM constraint was removed:
   <TIMESPEC TS_J2_TO_D2 = FROM "FFS" TO D2_CLK TIG;>
   [/cf_ad9467_zed/implementation/system_chipscope_ila_0_wrapper.ncf(7)]

WARNING:ConstraintSystem:197 - The following specification is invalid because
   the referenced TNM constraint was removed:
   <TIMESPEC TS_J3_TO_D2 = FROM "FFS" TO D2_CLK TIG;>
   [/cf_ad9467_zed/implementation/system_chipscope_ila_0_wrapper.ncf(8)]

WARNING:ConstraintSystem:197 - The following specification is invalid because
   the referenced TNM constraint was removed:
   <TIMESPEC TS_J4_TO_D2 = FROM "FFS" TO D2_CLK TIG;>
   [/cf_ad9467_zed/implementation/system_chipscope_ila_0_wrapper.ncf(9)]

Checking Constraint Associations...
INFO:NgdBuild:981 - Could not find any associations for the following
   constraint:
       '<INST "U0/*/U_STAT/U_DIRTY_LDC" TNM = D2_CLK;>
   [/cf_ad9467_zed/implementation/system_chipscope_ila_0_wrapper.ncf(5)]'
Applying constraints in
"/cf_ad9467_zed/implementation/system_axi_dma_0_wrapper.ncf" to module
"axi_dma_0"...
Checking Constraint Associations...
Applying constraints in
"/cf_ad9467_zed/implementation/system_axi_interconnect_2_wrapper.ncf" to module
"axi_interconnect_2"...
WARNING:ConstraintSystem:194 - The TNM
   'axi_interconnect_2_async_clock_conv_FFDEST', does not directly or indirectly
   drive any flip-flops, latches and/or RAMs and is not actively used by any
   referencing constraint.

WARNING:ConstraintSystem:194 - The TNM
   'axi_interconnect_2_async_clock_conv_FFDEST', does not directly or indirectly
   drive any flip-flops, latches and/or RAMs and is not actively used by any
   referencing constraint.

Checking Constraint Associations...
INFO:NgdBuild:981 - Could not find any associations for the following
   constraint:
       '<INST
   "axi_interconnect_2/*_converter_bank/*clock_conv_inst/*asyncfifo_*/*mem/*dout
   _i_???" TNM = "axi_interconnect_2_async_clock_conv_FFDEST";>
   [/cf_ad9467_zed/implementation/system_axi_interconnect_2_wrapper.ncf(6)]'
INFO:NgdBuild:981 - Could not find any associations for the following
   constraint:
       '<INST
   "axi_interconnect_2/*_converter_bank/*clock_conv_inst/*asyncfifo_*/*mem/*dout
   _i_????" TNM = "axi_interconnect_2_async_clock_conv_FFDEST";>
   [/cf_ad9467_zed/implementation/system_axi_interconnect_2_wrapper.ncf(7)]'
Applying constraints in
"/cf_ad9467_zed/implementation/system_axi_interconnect_1_wrapper.ncf" to module
"axi_interconnect_1"...
WARNING:ConstraintSystem:194 - The TNM
   'axi_interconnect_1_async_clock_conv_FFDEST', does not directly or indirectly
   drive any flip-flops, latches and/or RAMs and is not actively used by any
   referencing constraint.

WARNING:ConstraintSystem:194 - The TNM
   'axi_interconnect_1_async_clock_conv_FFDEST', does not directly or indirectly
   drive any flip-flops, latches and/or RAMs and is not actively used by any
   referencing constraint.

Checking Constraint Associations...
INFO:NgdBuild:981 - Could not find any associations for the following
   constraint:
       '<INST
   "axi_interconnect_1/*_converter_bank/*clock_conv_inst/*asyncfifo_*/*mem/*dout
   _i_???" TNM = "axi_interconnect_1_async_clock_conv_FFDEST";>
   [/cf_ad9467_zed/implementation/system_axi_interconnect_1_wrapper.ncf(6)]'
INFO:NgdBuild:981 - Could not find any associations for the following
   constraint:
       '<INST
   "axi_interconnect_1/*_converter_bank/*clock_conv_inst/*asyncfifo_*/*mem/*dout
   _i_????" TNM = "axi_interconnect_1_async_clock_conv_FFDEST";>
   [/cf_ad9467_zed/implementation/system_axi_interconnect_1_wrapper.ncf(7)]'
Applying constraints in
"/cf_ad9467_zed/implementation/system_processing_system7_0_wrapper.ncf" to
module "processing_system7_0"...
Checking Constraint Associations...
Applying constraints in
"/cf_ad9467_zed/implementation/system_chipscope_icon_0_wrapper.ncf" to module
"chipscope_icon_0"...
WARNING:ConstraintSystem:190 - The TNM 'J_CLK', does not directly or indirectly
   drive any flip-flops, latches and/or RAMS and cannot be actively used by the
   referencing Period constraint 'TS_J_CLK'. If clock manager blocks are
   directly or indirectly driven, a new TNM and PERIOD are derived only if the
   PERIOD constraint is the only referencing constraint and if an output of the
   clock manager block drives flip-flops, latches or RAMs.  
   This TNM is used in the following user groups and/or specifications:
   <TIMESPEC TS_J_CLK = PERIOD J_CLK 30 ns ;>
   [/cf_ad9467_zed/implementation/system_chipscope_icon_0_wrapper.ncf(2)]
   <TIMESPEC TS_U_TO_J = FROM U_CLK TO J_CLK 15 ns ;>
   [/cf_ad9467_zed/implementation/system_chipscope_icon_0_wrapper.ncf(6)]
   <TIMESPEC TS_J_TO_D = FROM J_CLK TO D_CLK TIG ;>
   [/cf_ad9467_zed/implementation/system_chipscope_icon_0_wrapper.ncf(8)]
   <TIMESPEC TS_D_TO_J = FROM D_CLK TO J_CLK TIG ;>
   [/cf_ad9467_zed/implementation/system_chipscope_icon_0_wrapper.ncf(9)]

WARNING:ConstraintSystem:197 - The following specification is invalid because
   the referenced TNM constraint was removed:
   <TIMESPEC TS_J_CLK = PERIOD J_CLK 30 ns ;>
   [/cf_ad9467_zed/implementation/system_chipscope_icon_0_wrapper.ncf(2)]

WARNING:ConstraintSystem:197 - The following specification is invalid because
   the referenced TNM constraint was removed:
   <TIMESPEC TS_U_TO_J = FROM U_CLK TO J_CLK 15 ns ;>
   [/cf_ad9467_zed/implementation/system_chipscope_icon_0_wrapper.ncf(6)]

WARNING:ConstraintSystem:197 - The following specification is invalid because
   the referenced TNM constraint was removed:
   <TIMESPEC TS_J_TO_D = FROM J_CLK TO D_CLK TIG ;>
   [/cf_ad9467_zed/implementation/system_chipscope_icon_0_wrapper.ncf(8)]

WARNING:ConstraintSystem:197 - The following specification is invalid because
   the referenced TNM constraint was removed:
   <TIMESPEC TS_D_TO_J = FROM D_CLK TO J_CLK TIG ;>
   [/cf_ad9467_zed/implementation/system_chipscope_icon_0_wrapper.ncf(9)]

WARNING:ConstraintSystem:192 - The TNM 'U_CLK', does not directly or indirectly
   drive any flip-flops, latches and/or RAMS and cannot be actively used by the
   referencing MaxDelay constraint 'TS_U_TO_J'. If clock manager blocks are
   directly or indirectly driven, a new TNM constraint will not be derived since
   the none of the referencing constraints are a PERIOD constraint. This TNM is
   used in the following user groups and/or specifications:
   <TIMESPEC TS_U_TO_J = FROM U_CLK TO J_CLK 15 ns ;>
   [/cf_ad9467_zed/implementation/system_chipscope_icon_0_wrapper.ncf(6)]
   <TIMESPEC TS_U_TO_U = FROM U_CLK TO U_CLK 15 ns ;>
   [/cf_ad9467_zed/implementation/system_chipscope_icon_0_wrapper.ncf(7)]

WARNING:ConstraintSystem:197 - The following specification is invalid because
   the referenced TNM constraint was removed:
   <TIMESPEC TS_U_TO_J = FROM U_CLK TO J_CLK 15 ns ;>
   [/cf_ad9467_zed/implementation/system_chipscope_icon_0_wrapper.ncf(6)]

WARNING:ConstraintSystem:197 - The following specification is invalid because
   the referenced TNM constraint was removed:
   <TIMESPEC TS_U_TO_U = FROM U_CLK TO U_CLK 15 ns ;>
   [/cf_ad9467_zed/implementation/system_chipscope_icon_0_wrapper.ncf(7)]

Checking Constraint Associations...
INFO:NgdBuild:981 - Could not find any associations for the following
   constraint:
       '<NET "U0/U_ICON/*/iDRCK_LOCAL" TNM_NET = J_CLK ;>
   [/cf_ad9467_zed/implementation/system_chipscope_icon_0_wrapper.ncf(1)]'
INFO:NgdBuild:981 - Could not find any associations for the following
   constraint:
       '<NET "U0/iUPDATE_OUT" TNM_NET = U_CLK ;>
   [/cf_ad9467_zed/implementation/system_chipscope_icon_0_wrapper.ncf(4)]'
WARNING:NgdBuild:981 - Could not find any associations for the following
   constraint:
       '<NET "U0/iSHIFT_OUT" TIG ;>
   [/cf_ad9467_zed/implementation/system_chipscope_icon_0_wrapper.ncf(5)]'
Gathering constraint information from source properties...
Done.

Annotating constraints to design from ucf file "system.ucf" ...
Resolving constraint associations...
Checking Constraint Associations...
WARNING:ConstraintSystem:56 - Constraint <TIMESPEC TS_J_CLK = PERIOD "J_CLK"
   30000.000000000 pS HIGH 50.000000000 %;>: Unable to find an active 'TNM' or
   'TimeGrp' constraint named 'J_CLK'.

WARNING:ConstraintSystem:56 - Constraint <TIMESPEC TS_U_TO_J = FROM "U_CLK" TO
   "J_CLK" 15000.000000000 pS;>: Unable to find an active 'TimeGrp' or 'TNM' or
   'TPSync' constraint named 'U_CLK'.

WARNING:ConstraintSystem:56 - Constraint <TIMESPEC TS_U_TO_J = FROM "U_CLK" TO
   "J_CLK" 15000.000000000 pS;>: Unable to find an active 'TimeGrp' or 'TNM' or
   'TPSync' constraint named 'J_CLK'.

WARNING:ConstraintSystem:56 - Constraint <TIMESPEC TS_U_TO_U = FROM "U_CLK" TO
   "U_CLK" 15000.000000000 pS;>: Unable to find an active 'TimeGrp' or 'TNM' or
   'TPSync' constraint named 'U_CLK'.

WARNING:ConstraintSystem:56 - Constraint <TIMESPEC TS_U_TO_U = FROM "U_CLK" TO
   "U_CLK" 15000.000000000 pS;>: Unable to find an active 'TimeGrp' or 'TNM' or
   'TPSync' constraint named 'U_CLK'.

WARNING:ConstraintSystem:56 - Constraint <TIMESPEC TS_J_TO_D = FROM "J_CLK" TO
   "D_CLK" TIG;>: Unable to find an active 'TimeGrp' or 'TNM' or 'TPSync'
   constraint named 'J_CLK'.

WARNING:ConstraintSystem:56 - Constraint <TIMESPEC TS_D_TO_J = FROM "D_CLK" TO
   "J_CLK" TIG;>: Unable to find an active 'TimeGrp' or 'TNM' or 'TPSync'
   constraint named 'J_CLK'.

WARNING:ConstraintSystem:135 - Constraint <INST
   /system/EXPANDED/system/axi_interconnect_1/axi_interconnect_1\/mi_converter_b
   ank\/gen_conv_slot[2].clock_conv_inst\/s_axi_aresetn_resync<2>_inv1_INV_0 TNM
   = FFS:axi_interconnect_1_reset_resync>: No instances of type FFS were found
   under block
   "axi_interconnect_1/axi_interconnect_1/mi_converter_bank/gen_conv_slot[2].clo
   ck_conv_inst/s_axi_aresetn_resync<2>_inv1_INV_0" (type=INV).

WARNING:ConstraintSystem:135 - Constraint <INST
   /system/EXPANDED/system/axi_interconnect_1/axi_interconnect_1\/mi_converter_b
   ank\/gen_conv_slot[2].clock_conv_inst\/m_axi_aresetn_resync<2>_inv1_INV_0 TNM
   = FFS:axi_interconnect_1_reset_resync>: No instances of type FFS were found
   under block
   "axi_interconnect_1/axi_interconnect_1/mi_converter_bank/gen_conv_slot[2].clo
   ck_conv_inst/m_axi_aresetn_resync<2>_inv1_INV_0" (type=INV).

WARNING:ConstraintSystem:135 - Constraint <INST
   /system/EXPANDED/system/axi_interconnect_1/axi_interconnect_1\/mi_converter_b
   ank\/gen_conv_slot[1].clock_conv_inst\/s_axi_aresetn_resync<2>_inv1_INV_0 TNM
   = FFS:axi_interconnect_1_reset_resync>: No instances of type FFS were found
   under block
   "axi_interconnect_1/axi_interconnect_1/mi_converter_bank/gen_conv_slot[1].clo
   ck_conv_inst/s_axi_aresetn_resync<2>_inv1_INV_0" (type=INV).

WARNING:ConstraintSystem:135 - Constraint <INST
   /system/EXPANDED/system/axi_interconnect_1/axi_interconnect_1\/mi_converter_b
   ank\/gen_conv_slot[1].clock_conv_inst\/m_axi_aresetn_resync<2>_inv1_INV_0 TNM
   = FFS:axi_interconnect_1_reset_resync>: No instances of type FFS were found
   under block
   "axi_interconnect_1/axi_interconnect_1/mi_converter_bank/gen_conv_slot[1].clo
   ck_conv_inst/m_axi_aresetn_resync<2>_inv1_INV_0" (type=INV).

WARNING:ConstraintSystem:135 - Constraint <INST
   /system/EXPANDED/system/axi_interconnect_1/axi_interconnect_1\/mi_converter_b
   ank\/gen_conv_slot[0].clock_conv_inst\/s_axi_aresetn_resync<2>_inv1_INV_0 TNM
   = FFS:axi_interconnect_1_reset_resync>: No instances of type FFS were found
   under block
   "axi_interconnect_1/axi_interconnect_1/mi_converter_bank/gen_conv_slot[0].clo
   ck_conv_inst/s_axi_aresetn_resync<2>_inv1_INV_0" (type=INV).

WARNING:ConstraintSystem:135 - Constraint <INST
   /system/EXPANDED/system/axi_interconnect_1/axi_interconnect_1\/mi_converter_b
   ank\/gen_conv_slot[0].clock_conv_inst\/m_axi_aresetn_resync<2>_inv1_INV_0 TNM
   = FFS:axi_interconnect_1_reset_resync>: No instances of type FFS were found
   under block
   "axi_interconnect_1/axi_interconnect_1/mi_converter_bank/gen_conv_slot[0].clo
   ck_conv_inst/m_axi_aresetn_resync<2>_inv1_INV_0" (type=INV).

WARNING:ConstraintSystem:135 - Constraint <INST
   /system/EXPANDED/system/axi_interconnect_1/axi_interconnect_1\/si_converter_b
   ank\/gen_conv_slot[0].clock_conv_inst\/interconnect_aresetn_resync<2>_inv1_IN
   V_0 TNM = FFS:axi_interconnect_1_reset...>: No instances of type FFS were
   found under block
   "axi_interconnect_1/axi_interconnect_1/si_converter_bank/gen_conv_slot[0].clo
   ck_conv_inst/interconnect_aresetn_resync<2>_inv1_INV_0" (type=INV).

WARNING:ConstraintSystem:135 - Constraint <INST
   /system/EXPANDED/system/axi_interconnect_1/axi_interconnect_1\/si_converter_b
   ank\/gen_conv_slot[0].clock_conv_inst\/s_axi_aresetn_resync<2>_inv1_INV_0 TNM
   = FFS:axi_interconnect_1_reset_resync>: No instances of type FFS were found
   under block
   "axi_interconnect_1/axi_interconnect_1/si_converter_bank/gen_conv_slot[0].clo
   ck_conv_inst/s_axi_aresetn_resync<2>_inv1_INV_0" (type=INV).

WARNING:ConstraintSystem:135 - Constraint <INST
   /system/EXPANDED/system/axi_interconnect_1/axi_interconnect_1\/si_converter_b
   ank\/gen_conv_slot[0].clock_conv_inst\/m_axi_aresetn_resync<2>_inv1_INV_0 TNM
   = FFS:axi_interconnect_1_reset_resync>: No instances of type FFS were found
   under block
   "axi_interconnect_1/axi_interconnect_1/si_converter_bank/gen_conv_slot[0].clo
   ck_conv_inst/m_axi_aresetn_resync<2>_inv1_INV_0" (type=INV).

WARNING:ConstraintSystem:135 - Constraint <INST
   /system/EXPANDED/system/axi_interconnect_2/axi_interconnect_2\/mi_converter_b
   ank\/gen_conv_slot[0].clock_conv_inst\/s_axi_aresetn_resync<2>_inv1_INV_0 TNM
   = FFS:axi_interconnect_2_reset_resync>: No instances of type FFS were found
   under block
   "axi_interconnect_2/axi_interconnect_2/mi_converter_bank/gen_conv_slot[0].clo
   ck_conv_inst/s_axi_aresetn_resync<2>_inv1_INV_0" (type=INV).

WARNING:ConstraintSystem:135 - Constraint <INST
   /system/EXPANDED/system/axi_interconnect_2/axi_interconnect_2\/mi_converter_b
   ank\/gen_conv_slot[0].clock_conv_inst\/m_axi_aresetn_resync<2>_inv1_INV_0 TNM
   = FFS:axi_interconnect_2_reset_resync>: No instances of type FFS were found
   under block
   "axi_interconnect_2/axi_interconnect_2/mi_converter_bank/gen_conv_slot[0].clo
   ck_conv_inst/m_axi_aresetn_resync<2>_inv1_INV_0" (type=INV).

WARNING:ConstraintSystem:135 - Constraint <INST
   /system/EXPANDED/system/axi_interconnect_2/axi_interconnect_2\/si_converter_b
   ank\/gen_conv_slot[0].clock_conv_inst\/interconnect_aresetn_resync<2>_inv1_IN
   V_0 TNM = FFS:axi_interconnect_2_reset...>: No instances of type FFS were
   found under block
   "axi_interconnect_2/axi_interconnect_2/si_converter_bank/gen_conv_slot[0].clo
   ck_conv_inst/interconnect_aresetn_resync<2>_inv1_INV_0" (type=INV).

WARNING:ConstraintSystem:135 - Constraint <INST
   /system/EXPANDED/system/axi_interconnect_2/axi_interconnect_2\/si_converter_b
   ank\/gen_conv_slot[0].clock_conv_inst\/s_axi_aresetn_resync<2>_inv1_INV_0 TNM
   = FFS:axi_interconnect_2_reset_resync>: No instances of type FFS were found
   under block
   "axi_interconnect_2/axi_interconnect_2/si_converter_bank/gen_conv_slot[0].clo
   ck_conv_inst/s_axi_aresetn_resync<2>_inv1_INV_0" (type=INV).

WARNING:ConstraintSystem:135 - Constraint <INST
   /system/EXPANDED/system/axi_interconnect_2/axi_interconnect_2\/si_converter_b
   ank\/gen_conv_slot[0].clock_conv_inst\/m_axi_aresetn_resync<2>_inv1_INV_0 TNM
   = FFS:axi_interconnect_2_reset_resync>: No instances of type FFS were found
   under block
   "axi_interconnect_2/axi_interconnect_2/si_converter_bank/gen_conv_slot[0].clo
   ck_conv_inst/m_axi_aresetn_resync<2>_inv1_INV_0" (type=INV).

WARNING:ConstraintSystem:56 - Constraint <TIMESPEC TS_D2_TO_T2 = FROM "D2_CLK"
   TO FFS TIG;>: Unable to find an active 'TimeGrp' or 'TNM' or 'TPSync'
   constraint named 'D2_CLK'.

WARNING:ConstraintSystem:56 - Constraint <TIMESPEC TS_J2_TO_D2 = FROM FFS TO
   "D2_CLK" TIG;>: Unable to find an active 'TimeGrp' or 'TNM' or 'TPSync'
   constraint named 'D2_CLK'.

WARNING:ConstraintSystem:56 - Constraint <TIMESPEC TS_J3_TO_D2 = FROM FFS TO
   "D2_CLK" TIG;>: Unable to find an active 'TimeGrp' or 'TNM' or 'TPSync'
   constraint named 'D2_CLK'.

WARNING:ConstraintSystem:56 - Constraint <TIMESPEC TS_J4_TO_D2 = FROM FFS TO
   "D2_CLK" TIG;>: Unable to find an active 'TimeGrp' or 'TNM' or 'TPSync'
   constraint named 'D2_CLK'.

WARNING:ConstraintSystem:58 - Constraint <TIMEGRP
   axi_interconnect_2_reset_source = FFS PADS CPUS;>: CPUS "*" does not match
   any design objects.

WARNING:ConstraintSystem:58 - Constraint <TIMEGRP
   axi_interconnect_1_reset_source = FFS PADS CPUS;>: CPUS "*" does not match
   any design objects.

WARNING:ConstraintSystem:194 - The TNM 'axi_interconnect_1_reset_resync', does
   not directly or indirectly drive any flip-flops, latches and/or RAMs and is
   not actively used by any referencing constraint.

WARNING:ConstraintSystem:194 - The TNM 'axi_interconnect_1_reset_resync', does
   not directly or indirectly drive any flip-flops, latches and/or RAMs and is
   not actively used by any referencing constraint.

WARNING:ConstraintSystem:194 - The TNM 'axi_interconnect_1_reset_resync', does
   not directly or indirectly drive any flip-flops, latches and/or RAMs and is
   not actively used by any referencing constraint.

WARNING:ConstraintSystem:194 - The TNM 'axi_interconnect_1_reset_resync', does
   not directly or indirectly drive any flip-flops, latches and/or RAMs and is
   not actively used by any referencing constraint.

WARNING:ConstraintSystem:194 - The TNM 'axi_interconnect_1_reset_resync', does
   not directly or indirectly drive any flip-flops, latches and/or RAMs and is
   not actively used by any referencing constr