Saved contents of this file to system_log.14.6 during revup to EDK 14.7.

Xilinx Platform Studio (XPS)
Xilinx EDK 14.7 Build EDK_P.20131013
Copyright (c) 1995-2012 Xilinx, Inc.  All rights reserved.


Running DRCs...

Overriding IP level properties ...
INFO:EDK:4130 - IPNAME: microblaze, INSTANCE:microblaze_0 - tcl is overriding PARAMETER C_ENDIANNESS value to 1 - /opt/Xilinx/14.7/ISE_DS/EDK/hw/XilinxProcessorIPLib/pcores/microblaze_v8_50_c/data/microblaze_v2_1_0.mpd line 198 
INFO:EDK:4130 - IPNAME: microblaze, INSTANCE:microblaze_0 - tcl is overriding PARAMETER C_ICACHE_USE_FSL value to 0 - /opt/Xilinx/14.7/ISE_DS/EDK/hw/XilinxProcessorIPLib/pcores/microblaze_v8_50_c/data/microblaze_v2_1_0.mpd line 339 
INFO:EDK:4130 - IPNAME: microblaze, INSTANCE:microblaze_0 - tcl is overriding PARAMETER C_DCACHE_USE_FSL value to 0 - /opt/Xilinx/14.7/ISE_DS/EDK/hw/XilinxProcessorIPLib/pcores/microblaze_v8_50_c/data/microblaze_v2_1_0.mpd line 369 
INFO:EDK:4130 - IPNAME: axi_interconnect, INSTANCE:axi4lite_0 - tcl is overriding PARAMETER C_BASEFAMILY value to virtex7 - /opt/Xilinx/14.7/ISE_DS/EDK/hw/XilinxProcessorIPLib/pcores/axi_interconnect_v1_06_a/data/axi_interconnect_v2_1_0.mpd line 81 
INFO:EDK:4130 - IPNAME: axi_interconnect, INSTANCE:axi4_0 - tcl is overriding PARAMETER C_BASEFAMILY value to virtex7 - /opt/Xilinx/14.7/ISE_DS/EDK/hw/XilinxProcessorIPLib/pcores/axi_interconnect_v1_06_a/data/axi_interconnect_v2_1_0.mpd line 81 
INFO:EDK:4130 - IPNAME: axi_7series_ddrx, INSTANCE:DDR3_SDRAM - tcl is overriding PARAMETER C_IODELAY_GRP value to DDR3_SDRAM - /opt/Xilinx/14.7/ISE_DS/EDK/hw/XilinxProcessorIPLib/pcores/axi_7series_ddrx_v1_08_a/data/axi_7series_ddrx_v2_1_0.mpd line 116 
INFO:EDK:4130 - IPNAME: axi_intc, INSTANCE:axi_intc_0 - tcl is overriding PARAMETER C_NUM_INTR_INPUTS value to 4 - /opt/Xilinx/14.7/ISE_DS/EDK/hw/XilinxProcessorIPLib/pcores/axi_intc_v1_04_a/data/axi_intc_v2_1_0.mpd line 85 
INFO:EDK:4130 - IPNAME: axi_dma, INSTANCE:axi_dma_0 - tcl is overriding PARAMETER C_PRMRY_IS_ACLK_ASYNC value to 1 - /opt/Xilinx/14.7/ISE_DS/EDK/hw/XilinxProcessorIPLib/pcores/axi_dma_v5_00_a/data/axi_dma_v2_1_0.mpd line 86 

Computing clock values...
INFO:EDK:740 - Cannot determine the input clock associated with port : microblaze_0_i_bram_ctrl:BRAM_Clk_A. Clock DRCs will not be performed on this core and cores connected to it. 
INFO:EDK:740 - Cannot determine the input clock associated with port : microblaze_0_d_bram_ctrl:BRAM_Clk_A. Clock DRCs will not be performed on this core and cores connected to it. 
INFO:EDK:740 - Cannot determine the input clock associated with port : axi_adc_1c_0:adc_clk. Clock DRCs will not be performed on this core and cores connected to it. 
INFO:EDK:1039 - Did not update the value for parameter: axi_dma_0:C_M_AXI_SG_ACLK_FREQ_HZ. Top-level frequency could not be propagated to this IP. Please make sure that you have specified the frequency of the top-level clock port, and that the clocks are properly connected.

Performing IP level DRCs on properties...

Running DRC Tcl procedures for OPTION IPLEVEL_DRC_PROC...
Address Map for Processor microblaze_0
  (0000000000-0x00007fff) microblaze_0_d_bram_ctrl	microblaze_0_dlmb
  (0000000000-0x00007fff) microblaze_0_i_bram_ctrl	microblaze_0_ilmb
  (0x40000000-0x4000ffff) axi_gpio_0	axi4lite_0
  (0x40600000-0x4060ffff) RS232_Uart_1	axi4lite_0
  (0x40a00000-0x40a0ffff) axi_spi_0	axi4lite_0
  (0x41200000-0x4120ffff) axi_intc_0	axi4lite_0
  (0x41c00000-0x41c0ffff) axi_timer_0	axi4lite_0
  (0x41e00000-0x41e0ffff) axi_dma_0	axi4lite_0
  (0x73000000-0x7300ffff) axi_adc_1c_0	axi4lite_0
  (0x74800000-0x7480ffff) debug_module	axi4lite_0
  (0xc0000000-0xffffffff) DDR3_SDRAM	axi4_0
INFO:EDK:4130 - IPNAME: lmb_v10, INSTANCE:microblaze_0_ilmb - tool is overriding PARAMETER C_LMB_NUM_SLAVES value to 1 - /opt/Xilinx/14.7/ISE_DS/EDK/hw/XilinxProcessorIPLib/pcores/lmb_v10_v2_00_b/data/lmb_v10_v2_1_0.mpd line 82 
INFO:EDK:4130 - IPNAME: lmb_v10, INSTANCE:microblaze_0_dlmb - tool is overriding PARAMETER C_LMB_NUM_SLAVES value to 1 - /opt/Xilinx/14.7/ISE_DS/EDK/hw/XilinxProcessorIPLib/pcores/lmb_v10_v2_00_b/data/lmb_v10_v2_1_0.mpd line 82 
INFO:EDK:4130 - IPNAME: bram_block, INSTANCE:microblaze_0_bram_block - tool is overriding PARAMETER C_MEMSIZE value to 0x8000 - /opt/Xilinx/14.7/ISE_DS/EDK/hw/XilinxProcessorIPLib/pcores/bram_block_v1_00_a/data/bram_block_v2_1_0.mpd line 78 

Checking platform address map ...

Checking platform configuration ...
IPNAME: lmb_v10, INSTANCE: microblaze_0_ilmb - 1 master(s) : 1 slave(s) 
IPNAME: lmb_v10, INSTANCE: microblaze_0_dlmb - 1 master(s) : 1 slave(s) 
IPNAME: axi_interconnect, INSTANCE: axi4lite_0 - 1 master(s) : 8 slave(s) 
IPNAME: axi_interconnect, INSTANCE: axi4_0 - 3 master(s) : 1 slave(s) 

Checking port drivers...
WARNING:EDK:4180 - PORT: Interrupt_address_in, CONNECTOR: Interrupt_address_in - No driver found. Port will be driven to GND - /opt/Xilinx/14.7/ISE_DS/EDK/hw/XilinxProcessorIPLib/pcores/axi_intc_v1_04_a/data/axi_intc_v2_1_0.mpd line 131 
WARNING:EDK:4180 - PORT: tdi_in, CONNECTOR: bscan_tdi - No driver found. Port will be driven to GND - /opt/Xilinx/14.7/ISE_DS/EDK/hw/XilinxProcessorIPLib/pcores/chipscope_icon_v1_06_a/data/chipscope_icon_v2_1_0.mpd line 101 
WARNING:EDK:4180 - PORT: reset_in, CONNECTOR: bscan_reset - No driver found. Port will be driven to GND - /opt/Xilinx/14.7/ISE_DS/EDK/hw/XilinxProcessorIPLib/pcores/chipscope_icon_v1_06_a/data/chipscope_icon_v2_1_0.mpd line 102 
WARNING:EDK:4180 - PORT: shift_in, CONNECTOR: bscan_shift - No driver found. Port will be driven to GND - /opt/Xilinx/14.7/ISE_DS/EDK/hw/XilinxProcessorIPLib/pcores/chipscope_icon_v1_06_a/data/chipscope_icon_v2_1_0.mpd line 103 
WARNING:EDK:4180 - PORT: update_in, CONNECTOR: bscan_update - No driver found. Port will be driven to GND - /opt/Xilinx/14.7/ISE_DS/EDK/hw/XilinxProcessorIPLib/pcores/chipscope_icon_v1_06_a/data/chipscope_icon_v2_1_0.mpd line 104 
WARNING:EDK:4180 - PORT: sel_in, CONNECTOR: bscan_sel1 - No driver found. Port will be driven to GND - /opt/Xilinx/14.7/ISE_DS/EDK/hw/XilinxProcessorIPLib/pcores/chipscope_icon_v1_06_a/data/chipscope_icon_v2_1_0.mpd line 105 
WARNING:EDK:4180 - PORT: drck_in, CONNECTOR: bscan_drck1 - No driver found. Port will be driven to GND - /opt/Xilinx/14.7/ISE_DS/EDK/hw/XilinxProcessorIPLib/pcores/chipscope_icon_v1_06_a/data/chipscope_icon_v2_1_0.mpd line 106 
WARNING:EDK:4180 - PORT: capture_in, CONNECTOR: bscan_capture - No driver found. Port will be driven to GND - /opt/Xilinx/14.7/ISE_DS/EDK/hw/XilinxProcessorIPLib/pcores/chipscope_icon_v1_06_a/data/chipscope_icon_v2_1_0.mpd line 107 
WARNING:EDK:4181 - PORT: Processor_ack_out, CONNECTOR: Processor_ack_out - floating connection - /opt/Xilinx/14.7/ISE_DS/EDK/hw/XilinxProcessorIPLib/pcores/axi_intc_v1_04_a/data/axi_intc_v2_1_0.mpd line 132 
WARNING:EDK:4181 - PORT: tdo_out, CONNECTOR: bscan_tdo1 - floating connection - /opt/Xilinx/14.7/ISE_DS/EDK/hw/XilinxProcessorIPLib/pcores/chipscope_icon_v1_06_a/data/chipscope_icon_v2_1_0.mpd line 108 
WARNING:EDK:4181 - PORT: mm2s_prmry_reset_out_n, CONNECTOR: RESET_OUT_N - floating connection - /opt/Xilinx/14.7/ISE_DS/EDK/hw/XilinxProcessorIPLib/pcores/axi_dma_v5_00_a/data/axi_dma_v2_1_0.mpd line 212 
WARNING:EDK:4181 - PORT: mm2s_cntrl_reset_out_n, CONNECTOR: RESET_OUT_N - floating connection - /opt/Xilinx/14.7/ISE_DS/EDK/hw/XilinxProcessorIPLib/pcores/axi_dma_v5_00_a/data/axi_dma_v2_1_0.mpd line 218 
WARNING:EDK:4181 - PORT: s2mm_prmry_reset_out_n, CONNECTOR: RESET_OUT_N - floating connection - /opt/Xilinx/14.7/ISE_DS/EDK/hw/XilinxProcessorIPLib/pcores/axi_dma_v5_00_a/data/axi_dma_v2_1_0.mpd line 240 
WARNING:EDK:4181 - PORT: s2mm_sts_reset_out_n, CONNECTOR: RESET_OUT_N - floating connection - /opt/Xilinx/14.7/ISE_DS/EDK/hw/XilinxProcessorIPLib/pcores/axi_dma_v5_00_a/data/axi_dma_v2_1_0.mpd line 246 

Performing Clock DRCs...
INFO:EDK:4060 - INSTANCE: axi_dma_0, PARAMETER: C_M_AXI_SG_ACLK_FREQ_HZ - Did not implement clock DRCs for the parameter. Top-level frequency could not be propagated to this IP. Please make sure that you have specified the frequency of the top-level clock port, and that the clocks are properly connected.

Performing Reset DRCs...

Overriding system level properties...
INFO:EDK:4130 - IPNAME: lmb_bram_if_cntlr, INSTANCE:microblaze_0_i_bram_ctrl - tcl is overriding PARAMETER C_MASK value to 0x40000000 - /opt/Xilinx/14.7/ISE_DS/EDK/hw/XilinxProcessorIPLib/pcores/lmb_bram_if_cntlr_v3_10_c/data/lmb_bram_if_cntlr_v2_1_0.mpd line 92 
INFO:EDK:4130 - IPNAME: lmb_bram_if_cntlr, INSTANCE:microblaze_0_d_bram_ctrl - tcl is overriding PARAMETER C_MASK value to 0x40000000 - /opt/Xilinx/14.7/ISE_DS/EDK/hw/XilinxProcessorIPLib/pcores/lmb_bram_if_cntlr_v3_10_c/data/lmb_bram_if_cntlr_v2_1_0.mpd line 92 
INFO:EDK:4130 - IPNAME: microblaze, INSTANCE:microblaze_0 - tcl is overriding PARAMETER C_INTERCONNECT_M_AXI_IC_READ_ISSUING value to 8 - /opt/Xilinx/14.7/ISE_DS/EDK/hw/XilinxProcessorIPLib/pcores/microblaze_v8_50_c/data/microblaze_v2_1_0.mpd line 362 
INFO:EDK:4130 - IPNAME: microblaze, INSTANCE:microblaze_0 - tcl is overriding PARAMETER C_D_AXI value to 1 - /opt/Xilinx/14.7/ISE_DS/EDK/hw/XilinxProcessorIPLib/pcores/microblaze_v8_50_c/data/microblaze_v2_1_0.mpd line 232 
INFO:EDK:4130 - IPNAME: microblaze, INSTANCE:microblaze_0 - tcl is overriding PARAMETER C_ADDR_TAG_BITS value to 16 - /opt/Xilinx/14.7/ISE_DS/EDK/hw/XilinxProcessorIPLib/pcores/microblaze_v8_50_c/data/microblaze_v2_1_0.mpd line 337 
INFO:EDK:4130 - IPNAME: microblaze, INSTANCE:microblaze_0 - tcl is overriding PARAMETER C_DCACHE_ADDR_TAG value to 16 - /opt/Xilinx/14.7/ISE_DS/EDK/hw/XilinxProcessorIPLib/pcores/microblaze_v8_50_c/data/microblaze_v2_1_0.mpd line 367 
INFO:EDK:4130 - IPNAME: microblaze, INSTANCE:microblaze_0 - tcl is overriding PARAMETER C_USE_INTERRUPT value to 1 - /opt/Xilinx/14.7/ISE_DS/EDK/hw/XilinxProcessorIPLib/pcores/microblaze_v8_50_c/data/microblaze_v2_1_0.mpd line 401 
INFO:EDK:4130 - IPNAME: microblaze, INSTANCE:microblaze_0 - tcl is overriding PARAMETER C_USE_EXT_BRK value to 1 - /opt/Xilinx/14.7/ISE_DS/EDK/hw/XilinxProcessorIPLib/pcores/microblaze_v8_50_c/data/microblaze_v2_1_0.mpd line 402 
INFO:EDK:4130 - IPNAME: microblaze, INSTANCE:microblaze_0 - tcl is overriding PARAMETER C_USE_EXT_NM_BRK value to 1 - /opt/Xilinx/14.7/ISE_DS/EDK/hw/XilinxProcessorIPLib/pcores/microblaze_v8_50_c/data/microblaze_v2_1_0.mpd line 403 

INFO: Setting C_RANGE_CHECK = ON for axi_interconnect axi4lite_0.
INFO:EDK:4130 - IPNAME: axi_interconnect, INSTANCE:axi4lite_0 - tcl is overriding PARAMETER C_RANGE_CHECK value to 1 - /opt/Xilinx/14.7/ISE_DS/EDK/hw/XilinxProcessorIPLib/pcores/axi_interconnect_v1_06_a/data/axi_interconnect_v2_1_0.mpd line 149 

INFO: Setting C_RANGE_CHECK = OFF for axi_interconnect axi4_0; no DECERR checking will be performed.
INFO:EDK:4130 - IPNAME: axi_interconnect, INSTANCE:axi4_0 - tcl is overriding PARAMETER C_RANGE_CHECK value to 0 - /opt/Xilinx/14.7/ISE_DS/EDK/hw/XilinxProcessorIPLib/pcores/axi_interconnect_v1_06_a/data/axi_interconnect_v2_1_0.mpd line 149 
INFO:EDK:4130 - IPNAME: axi_intc, INSTANCE:axi_intc_0 - tcl is overriding PARAMETER C_KIND_OF_INTR value to 0b11111111111111111111111111111000 - /opt/Xilinx/14.7/ISE_DS/EDK/hw/XilinxProcessorIPLib/pcores/axi_intc_v1_04_a/data/axi_intc_v2_1_0.mpd line 87 
INFO:EDK:4130 - IPNAME: axi_intc, INSTANCE:axi_intc_0 - tcl is overriding PARAMETER C_KIND_OF_EDGE value to 0b11111111111111111111111111111111 - /opt/Xilinx/14.7/ISE_DS/EDK/hw/XilinxProcessorIPLib/pcores/axi_intc_v1_04_a/data/axi_intc_v2_1_0.mpd line 88 
INFO:EDK:4130 - IPNAME: axi_intc, INSTANCE:axi_intc_0 - tcl is overriding PARAMETER C_KIND_OF_LVL value to 0b11111111111111111111111111111111 - /opt/Xilinx/14.7/ISE_DS/EDK/hw/XilinxProcessorIPLib/pcores/axi_intc_v1_04_a/data/axi_intc_v2_1_0.mpd line 89 
INFO:EDK:4130 - IPNAME: chipscope_icon, INSTANCE:chipscope_icon_0 - tcl is overriding PARAMETER C_SYSTEM_CONTAINS_MDM value to 1 - /opt/Xilinx/14.7/ISE_DS/EDK/hw/XilinxProcessorIPLib/pcores/chipscope_icon_v1_06_a/data/chipscope_icon_v2_1_0.mpd line 81 

Running system level update procedures...

Running UPDATE Tcl procedures for OPTION SYSLEVEL_UPDATE_PROC...
INFO:EDK - IPNAME: axi_7series_ddrx, INSTANCE:DDR3_SDRAM - Invoking MIG ...
Loading device for application Rf_Device from file '7vx485t.nph' in environment
/opt/Xilinx/14.7/ISE_DS/EDK:/opt/Xilinx/14.7/ISE_DS/ISE.
INFO:EDK - IPNAME: axi_7series_ddrx, INSTANCE:DDR3_SDRAM - MIG returned 0

Running system level DRCs...

Performing System level DRCs on properties...

Running DRC Tcl procedures for OPTION SYSLEVEL_DRC_PROC...
INFO:EDK - IPNAME: axi_7series_ddrx, INSTANCE:DDR3_SDRAM - Clock port 'freq_refclk' phase DRC passed.
INFO:EDK - IPNAME: axi_7series_ddrx, INSTANCE:DDR3_SDRAM - Clock port 'freq_refclk' frequency DRC passed.
INTC INFO:: Processor_clk not connected. IRQ is generated on AXI clock.
Chipscope Integrate Controller, instance 'chipscope_icon', exists in System 
Done!

********************************************************************************
At Local date and time: Mon Mar 24 10:33:58 2014
 make -f system.make netlist started...
****************************************************
Creating system netlist for hardware specification..
****************************************************
platgen -p xc7vx485tffg1761-2 -lang vhdl -intstyle default -lp /cf_lib/   -msg __xps/ise/xmsgprops.lst -parallel yes system.mhs

Release 14.7 - platgen Xilinx EDK 14.7 Build EDK_P.20131013
 (lin64)
Copyright (c) 1995-2013 Xilinx, Inc.  All rights reserved.


Command Line: platgen -p xc7vx485tffg1761-2 -lang vhdl -intstyle default -lp
/cf_lib/ -msg __xps/ise/xmsgprops.lst -parallel yes system.mhs 

Parse /cf_ad9467_vc707/system.mhs ...

Read MPD definitions ...
WARNING:EDK:4088 - IPNAME: axi_dma, INSTANCE: axi_dma_0 - Superseded core for
   architecture 'virtex7' - /cf_ad9467_vc707/system.mhs line 322 
WARNING:EDK:4088 - IPNAME: axi_dma, INSTANCE: axi_dma_0 - Superseded core for
   architecture 'virtex7' - /cf_ad9467_vc707/system.mhs line 322 

Overriding IP level properties ...
INFO:EDK:4130 - IPNAME: microblaze, INSTANCE:microblaze_0 - tcl is overriding
   PARAMETER C_ENDIANNESS value to 1 -
   /opt/Xilinx/14.7/ISE_DS/EDK/hw/XilinxProcessorIPLib/pcores/microblaze_v8_50_c
   /data/microblaze_v2_1_0.mpd line 198 
INFO:EDK:4130 - IPNAME: microblaze, INSTANCE:microblaze_0 - tcl is overriding
   PARAMETER C_ICACHE_USE_FSL value to 0 -
   /opt/Xilinx/14.7/ISE_DS/EDK/hw/XilinxProcessorIPLib/pcores/microblaze_v8_50_c
   /data/microblaze_v2_1_0.mpd line 339 
INFO:EDK:4130 - IPNAME: microblaze, INSTANCE:microblaze_0 - tcl is overriding
   PARAMETER C_DCACHE_USE_FSL value to 0 -
   /opt/Xilinx/14.7/ISE_DS/EDK/hw/XilinxProcessorIPLib/pcores/microblaze_v8_50_c
   /data/microblaze_v2_1_0.mpd line 369 
INFO:EDK:4130 - IPNAME: axi_interconnect, INSTANCE:axi4lite_0 - tcl is
   overriding PARAMETER C_BASEFAMILY value to virtex7 -
   /opt/Xilinx/14.7/ISE_DS/EDK/hw/XilinxProcessorIPLib/pcores/axi_interconnect_v
   1_06_a/data/axi_interconnect_v2_1_0.mpd line 81 
INFO:EDK:4130 - IPNAME: axi_interconnect, INSTANCE:axi4_0 - tcl is overriding
   PARAMETER C_BASEFAMILY value to virtex7 -
   /opt/Xilinx/14.7/ISE_DS/EDK/hw/XilinxProcessorIPLib/pcores/axi_interconnect_v
   1_06_a/data/axi_interconnect_v2_1_0.mpd line 81 
INFO:EDK:4130 - IPNAME: axi_7series_ddrx, INSTANCE:DDR3_SDRAM - tcl is
   overriding PARAMETER C_IODELAY_GRP value to DDR3_SDRAM -
   /opt/Xilinx/14.7/ISE_DS/EDK/hw/XilinxProcessorIPLib/pcores/axi_7series_ddrx_v
   1_08_a/data/axi_7series_ddrx_v2_1_0.mpd line 116 
INFO:EDK:4130 - IPNAME: axi_intc, INSTANCE:axi_intc_0 - tcl is overriding
   PARAMETER C_NUM_INTR_INPUTS value to 4 -
   /opt/Xilinx/14.7/ISE_DS/EDK/hw/XilinxProcessorIPLib/pcores/axi_intc_v1_04_a/d
   ata/axi_intc_v2_1_0.mpd line 85 
INFO:EDK:4130 - IPNAME: axi_dma, INSTANCE:axi_dma_0 - tcl is overriding
   PARAMETER C_PRMRY_IS_ACLK_ASYNC value to 1 -
   /opt/Xilinx/14.7/ISE_DS/EDK/hw/XilinxProcessorIPLib/pcores/axi_dma_v5_00_a/da
   ta/axi_dma_v2_1_0.mpd line 86 

Computing clock values...
INFO:EDK:740 - Cannot determine the input clock associated with port :
   microblaze_0_i_bram_ctrl:BRAM_Clk_A. Clock DRCs will not be performed on this
   core and cores connected to it. 
INFO:EDK:740 - Cannot determine the input clock associated with port :
   microblaze_0_d_bram_ctrl:BRAM_Clk_A. Clock DRCs will not be performed on this
   core and cores connected to it. 
INFO:EDK:740 - Cannot determine the input clock associated with port :
   axi_adc_1c_0:adc_clk. Clock DRCs will not be performed on this core and cores
   connected to it. 
INFO:EDK:1039 - Did not update the value for parameter:
   axi_dma_0:C_M_AXI_SG_ACLK_FREQ_HZ. Top-level frequency could not be
   propagated to this IP. Please make sure that you have specified the frequency
   of the top-level clock port, and that the clocks are properly connected.

Performing IP level DRCs on properties...

Running DRC Tcl procedures for OPTION IPLEVEL_DRC_PROC...
Address Map for Processor microblaze_0
  (0000000000-0x00007fff) microblaze_0_d_bram_ctrl	microblaze_0_dlmb
  (0000000000-0x00007fff) microblaze_0_i_bram_ctrl	microblaze_0_ilmb
  (0x40000000-0x4000ffff) axi_gpio_0	axi4lite_0
  (0x40600000-0x4060ffff) RS232_Uart_1	axi4lite_0
  (0x40a00000-0x40a0ffff) axi_spi_0	axi4lite_0
  (0x41200000-0x4120ffff) axi_intc_0	axi4lite_0
  (0x41c00000-0x41c0ffff) axi_timer_0	axi4lite_0
  (0x41e00000-0x41e0ffff) axi_dma_0	axi4lite_0
  (0x73000000-0x7300ffff) axi_adc_1c_0	axi4lite_0
  (0x74800000-0x7480ffff) debug_module	axi4lite_0
  (0xc0000000-0xffffffff) DDR3_SDRAM	axi4_0
INFO:EDK:4130 - IPNAME: lmb_v10, INSTANCE:microblaze_0_ilmb - tool is overriding
   PARAMETER C_LMB_NUM_SLAVES value to 1 -
   /opt/Xilinx/14.7/ISE_DS/EDK/hw/XilinxProcessorIPLib/pcores/lmb_v10_v2_00_b/da
   ta/lmb_v10_v2_1_0.mpd line 82 
INFO:EDK:4130 - IPNAME: lmb_v10, INSTANCE:microblaze_0_dlmb - tool is overriding
   PARAMETER C_LMB_NUM_SLAVES value to 1 -
   /opt/Xilinx/14.7/ISE_DS/EDK/hw/XilinxProcessorIPLib/pcores/lmb_v10_v2_00_b/da
   ta/lmb_v10_v2_1_0.mpd line 82 
INFO:EDK:4130 - IPNAME: bram_block, INSTANCE:microblaze_0_bram_block - tool is
   overriding PARAMETER C_MEMSIZE value to 0x8000 -
   /opt/Xilinx/14.7/ISE_DS/EDK/hw/XilinxProcessorIPLib/pcores/bram_block_v1_00_a
   /data/bram_block_v2_1_0.mpd line 78 

Checking platform address map ...

Checking platform configuration ...
IPNAME: lmb_v10, INSTANCE: microblaze_0_ilmb - 1 master(s) : 1 slave(s) 
IPNAME: lmb_v10, INSTANCE: microblaze_0_dlmb - 1 master(s) : 1 slave(s) 
IPNAME: axi_interconnect, INSTANCE: axi4lite_0 - 1 master(s) : 8 slave(s) 
IPNAME: axi_interconnect, INSTANCE: axi4_0 - 3 master(s) : 1 slave(s) 

Checking port drivers...
WARNING:EDK:4180 - PORT: Interrupt_address_in, CONNECTOR: Interrupt_address_in -
   No driver found. Port will be driven to GND -
   /opt/Xilinx/14.7/ISE_DS/EDK/hw/XilinxProcessorIPLib/pcores/axi_intc_v1_04_a/d
   ata/axi_intc_v2_1_0.mpd line 131 
WARNING:EDK:4180 - PORT: tdi_in, CONNECTOR: bscan_tdi - No driver found. Port
   will be driven to GND -
   /opt/Xilinx/14.7/ISE_DS/EDK/hw/XilinxProcessorIPLib/pcores/chipscope_icon_v1_
   06_a/data/chipscope_icon_v2_1_0.mpd line 101 
WARNING:EDK:4180 - PORT: reset_in, CONNECTOR: bscan_reset - No driver found.
   Port will be driven to GND -
   /opt/Xilinx/14.7/ISE_DS/EDK/hw/XilinxProcessorIPLib/pcores/chipscope_icon_v1_
   06_a/data/chipscope_icon_v2_1_0.mpd line 102 
WARNING:EDK:4180 - PORT: shift_in, CONNECTOR: bscan_shift - No driver found.
   Port will be driven to GND -
   /opt/Xilinx/14.7/ISE_DS/EDK/hw/XilinxProcessorIPLib/pcores/chipscope_icon_v1_
   06_a/data/chipscope_icon_v2_1_0.mpd line 103 
WARNING:EDK:4180 - PORT: update_in, CONNECTOR: bscan_update - No driver found.
   Port will be driven to GND -
   /opt/Xilinx/14.7/ISE_DS/EDK/hw/XilinxProcessorIPLib/pcores/chipscope_icon_v1_
   06_a/data/chipscope_icon_v2_1_0.mpd line 104 
WARNING:EDK:4180 - PORT: sel_in, CONNECTOR: bscan_sel1 - No driver found. Port
   will be driven to GND -
   /opt/Xilinx/14.7/ISE_DS/EDK/hw/XilinxProcessorIPLib/pcores/chipscope_icon_v1_
   06_a/data/chipscope_icon_v2_1_0.mpd line 105 
WARNING:EDK:4180 - PORT: drck_in, CONNECTOR: bscan_drck1 - No driver found. Port
   will be driven to GND -
   /opt/Xilinx/14.7/ISE_DS/EDK/hw/XilinxProcessorIPLib/pcores/chipscope_icon_v1_
   06_a/data/chipscope_icon_v2_1_0.mpd line 106 
WARNING:EDK:4180 - PORT: capture_in, CONNECTOR: bscan_capture - No driver found.
   Port will be driven to GND -
   /opt/Xilinx/14.7/ISE_DS/EDK/hw/XilinxProcessorIPLib/pcores/chipscope_icon_v1_
   06_a/data/chipscope_icon_v2_1_0.mpd line 107 
WARNING:EDK:4181 - PORT: Processor_ack_out, CONNECTOR: Processor_ack_out -
   floating connection -
   /opt/Xilinx/14.7/ISE_DS/EDK/hw/XilinxProcessorIPLib/pcores/axi_intc_v1_04_a/d
   ata/axi_intc_v2_1_0.mpd line 132 
WARNING:EDK:4181 - PORT: tdo_out, CONNECTOR: bscan_tdo1 - floating connection -
   /opt/Xilinx/14.7/ISE_DS/EDK/hw/XilinxProcessorIPLib/pcores/chipscope_icon_v1_
   06_a/data/chipscope_icon_v2_1_0.mpd line 108 
WARNING:EDK:4181 - PORT: mm2s_prmry_reset_out_n, CONNECTOR: RESET_OUT_N -
   floating connection -
   /opt/Xilinx/14.7/ISE_DS/EDK/hw/XilinxProcessorIPLib/pcores/axi_dma_v5_00_a/da
   ta/axi_dma_v2_1_0.mpd line 212 
WARNING:EDK:4181 - PORT: mm2s_cntrl_reset_out_n, CONNECTOR: RESET_OUT_N -
   floating connection -
   /opt/Xilinx/14.7/ISE_DS/EDK/hw/XilinxProcessorIPLib/pcores/axi_dma_v5_00_a/da
   ta/axi_dma_v2_1_0.mpd line 218 
WARNING:EDK:4181 - PORT: s2mm_prmry_reset_out_n, CONNECTOR: RESET_OUT_N -
   floating connection -
   /opt/Xilinx/14.7/ISE_DS/EDK/hw/XilinxProcessorIPLib/pcores/axi_dma_v5_00_a/da
   ta/axi_dma_v2_1_0.mpd line 240 
WARNING:EDK:4181 - PORT: s2mm_sts_reset_out_n, CONNECTOR: RESET_OUT_N - floating
   connection -
   /opt/Xilinx/14.7/ISE_DS/EDK/hw/XilinxProcessorIPLib/pcores/axi_dma_v5_00_a/da
   ta/axi_dma_v2_1_0.mpd line 246 

Performing Clock DRCs...
INFO:EDK:4060 - INSTANCE: axi_dma_0, PARAMETER: C_M_AXI_SG_ACLK_FREQ_HZ - Did
   not implement clock DRCs for the parameter. Top-level frequency could not be
   propagated to this IP. Please make sure that you have specified the frequency
   of the top-level clock port, and that the clocks are properly connected.

Performing Reset DRCs...

Overriding system level properties...
INFO:EDK:4130 - IPNAME: lmb_bram_if_cntlr, INSTANCE:microblaze_0_i_bram_ctrl -
   tcl is overriding PARAMETER C_MASK value to 0x40000000 -
   /opt/Xilinx/14.7/ISE_DS/EDK/hw/XilinxProcessorIPLib/pcores/lmb_bram_if_cntlr_
   v3_10_c/data/lmb_bram_if_cntlr_v2_1_0.mpd line 92 
INFO:EDK:4130 - IPNAME: lmb_bram_if_cntlr, INSTANCE:microblaze_0_d_bram_ctrl -
   tcl is overriding PARAMETER C_MASK value to 0x40000000 -
   /opt/Xilinx/14.7/ISE_DS/EDK/hw/XilinxProcessorIPLib/pcores/lmb_bram_if_cntlr_
   v3_10_c/data/lmb_bram_if_cntlr_v2_1_0.mpd line 92 
INFO:EDK:4130 - IPNAME: microblaze, INSTANCE:microblaze_0 - tcl is overriding
   PARAMETER C_INTERCONNECT_M_AXI_IC_READ_ISSUING value to 8 -
   /opt/Xilinx/14.7/ISE_DS/EDK/hw/XilinxProcessorIPLib/pcores/microblaze_v8_50_c
   /data/microblaze_v2_1_0.mpd line 362 
INFO:EDK:4130 - IPNAME: microblaze, INSTANCE:microblaze_0 - tcl is overriding
   PARAMETER C_D_AXI value to 1 -
   /opt/Xilinx/14.7/ISE_DS/EDK/hw/XilinxProcessorIPLib/pcores/microblaze_v8_50_c
   /data/microblaze_v2_1_0.mpd line 232 
INFO:EDK:4130 - IPNAME: microblaze, INSTANCE:microblaze_0 - tcl is overriding
   PARAMETER C_ADDR_TAG_BITS value to 16 -
   /opt/Xilinx/14.7/ISE_DS/EDK/hw/XilinxProcessorIPLib/pcores/microblaze_v8_50_c
   /data/microblaze_v2_1_0.mpd line 337 
INFO:EDK:4130 - IPNAME: microblaze, INSTANCE:microblaze_0 - tcl is overriding
   PARAMETER C_DCACHE_ADDR_TAG value to 16 -
   /opt/Xilinx/14.7/ISE_DS/EDK/hw/XilinxProcessorIPLib/pcores/microblaze_v8_50_c
   /data/microblaze_v2_1_0.mpd line 367 
INFO:EDK:4130 - IPNAME: microblaze, INSTANCE:microblaze_0 - tcl is overriding
   PARAMETER C_USE_INTERRUPT value to 1 -
   /opt/Xilinx/14.7/ISE_DS/EDK/hw/XilinxProcessorIPLib/pcores/microblaze_v8_50_c
   /data/microblaze_v2_1_0.mpd line 401 
INFO:EDK:4130 - IPNAME: microblaze, INSTANCE:microblaze_0 - tcl is overriding
   PARAMETER C_USE_EXT_BRK value to 1 -
   /opt/Xilinx/14.7/ISE_DS/EDK/hw/XilinxProcessorIPLib/pcores/microblaze_v8_50_c
   /data/microblaze_v2_1_0.mpd line 402 
INFO:EDK:4130 - IPNAME: microblaze, INSTANCE:microblaze_0 - tcl is overriding
   PARAMETER C_USE_EXT_NM_BRK value to 1 -
   /opt/Xilinx/14.7/ISE_DS/EDK/hw/XilinxProcessorIPLib/pcores/microblaze_v8_50_c
   /data/microblaze_v2_1_0.mpd line 403 

INFO: Setting C_RANGE_CHECK = ON for axi_interconnect axi4lite_0.
INFO:EDK:4130 - IPNAME: axi_interconnect, INSTANCE:axi4lite_0 - tcl is
   overriding PARAMETER C_RANGE_CHECK value to 1 -
   /opt/Xilinx/14.7/ISE_DS/EDK/hw/XilinxProcessorIPLib/pcores/axi_interconnect_v
   1_06_a/data/axi_interconnect_v2_1_0.mpd line 149 

INFO: Setting C_RANGE_CHECK = OFF for axi_interconnect axi4_0; no DECERR
checking will be performed.
INFO:EDK:4130 - IPNAME: axi_interconnect, INSTANCE:axi4_0 - tcl is overriding
   PARAMETER C_RANGE_CHECK value to 0 -
   /opt/Xilinx/14.7/ISE_DS/EDK/hw/XilinxProcessorIPLib/pcores/axi_interconnect_v
   1_06_a/data/axi_interconnect_v2_1_0.mpd line 149 
INFO:EDK:4130 - IPNAME: axi_intc, INSTANCE:axi_intc_0 - tcl is overriding
   PARAMETER C_KIND_OF_INTR value to 0b11111111111111111111111111111000 -
   /opt/Xilinx/14.7/ISE_DS/EDK/hw/XilinxProcessorIPLib/pcores/axi_intc_v1_04_a/d
   ata/axi_intc_v2_1_0.mpd line 87 
INFO:EDK:4130 - IPNAME: axi_intc, INSTANCE:axi_intc_0 - tcl is overriding
   PARAMETER C_KIND_OF_EDGE value to 0b11111111111111111111111111111111 -
   /opt/Xilinx/14.7/ISE_DS/EDK/hw/XilinxProcessorIPLib/pcores/axi_intc_v1_04_a/d
   ata/axi_intc_v2_1_0.mpd line 88 
INFO:EDK:4130 - IPNAME: axi_intc, INSTANCE:axi_intc_0 - tcl is overriding
   PARAMETER C_KIND_OF_LVL value to 0b11111111111111111111111111111111 -
   /opt/Xilinx/14.7/ISE_DS/EDK/hw/XilinxProcessorIPLib/pcores/axi_intc_v1_04_a/d
   ata/axi_intc_v2_1_0.mpd line 89 
INFO:EDK:4130 - IPNAME: chipscope_icon, INSTANCE:chipscope_icon_0 - tcl is
   overriding PARAMETER C_SYSTEM_CONTAINS_MDM value to 1 -
   /opt/Xilinx/14.7/ISE_DS/EDK/hw/XilinxProcessorIPLib/pcores/chipscope_icon_v1_
   06_a/data/chipscope_icon_v2_1_0.mpd line 81 

Running system level update procedures...

Running UPDATE Tcl procedures for OPTION SYSLEVEL_UPDATE_PROC...
INFO:EDK - IPNAME: axi_7series_ddrx, INSTANCE:DDR3_SDRAM - Invoking MIG ...
Loading device for application Rf_Device from file '7vx485t.nph' in environment
/opt/Xilinx/14.7/ISE_DS/EDK:/opt/Xilinx/14.7/ISE_DS/ISE.
INFO:EDK - IPNAME: axi_7series_ddrx, INSTANCE:DDR3_SDRAM - MIG returned 0

Running system level DRCs...

Performing System level DRCs on properties...

Running DRC Tcl procedures for OPTION SYSLEVEL_DRC_PROC...
INFO:EDK - IPNAME: axi_7series_ddrx, INSTANCE:DDR3_SDRAM - Clock port
'freq_refclk' phase DRC passed.
INFO:EDK - IPNAME: axi_7series_ddrx, INSTANCE:DDR3_SDRAM - Clock port
'freq_refclk' frequency DRC passed.
INTC INFO:: Processor_clk not connected. IRQ is generated on AXI clock.
Chipscope Integrate Controller, instance 'chipscope_icon', exists in System 

Running UPDATE Tcl procedures for OPTION PLATGEN_SYSLEVEL_UPDATE_PROC...
INFO: Setting timing constaints for microblaze_0_ilmb.
INFO: The microblaze_0_ilmb core has constraints automatically generated by XPS
in implementation/microblaze_0_ilmb_wrapper/microblaze_0_ilmb_wrapper.ucf.
It can be overridden by constraints placed in the system.ucf file.

INFO: Setting timing constaints for microblaze_0_dlmb.
INFO: The microblaze_0_dlmb core has constraints automatically generated by XPS
in implementation/microblaze_0_dlmb_wrapper/microblaze_0_dlmb_wrapper.ucf.
It can be overridden by constraints placed in the system.ucf file.

INFO: Setting timing constaints for microblaze_0.
INFO: The microblaze_0 core has constraints automatically generated by XPS in
implementation/microblaze_0_wrapper/microblaze_0_wrapper.ucf.
It can be overridden by constraints placed in the system.ucf file.

INFO: No asynchronous clock conversions in axi_interconnect axi4lite_0.
INFO: No asynchronous clock conversions in axi_interconnect axi4_0.
INTC_INFO_CONSTRAINTS:: Adding Edge interrupt constraints

Modify defaults ...

Creating stub ...

Processing licensed instances ...
Completion time: 0.00 seconds

Creating hardware output directories ...

Managing hardware (BBD-specified) netlist files ...
IPNAME:chipscope_ila INSTANCE:chipscope_ila_0 - /cf_ad9467_vc707/system.mhs line
280 - Copying (BBD-specified) netlist files.
IPNAME:chipscope_icon INSTANCE:chipscope_icon_0 - /cf_ad9467_vc707/system.mhs
line 294 - Copying (BBD-specified) netlist files.

Managing cache ...

Elaborating instances ...
IPNAME:bram_block INSTANCE:microblaze_0_bram_block - /cf_ad9467_vc707/system.mhs
line 94 - elaborating IP
IPNAME:clock_generator INSTANCE:clock_generator_0 - /cf_ad9467_vc707/system.mhs
line 156 - elaborating IP
ClkGen elaborate status: PASSED
14.000
10.0
WARNING:EDK - : Phase value 337.5 is converted to 337.5

WARNING:EDK - : Phase value 0.0000 is converted to 0.0

WARNING:EDK - : Phase value 9.84375 is converted to 9.84375

WARNING:EDK - : Phase value 0.0000 is converted to 0.0

WARNING:EDK - : Phase value 0.0 is converted to 0.0

WARNING:EDK - : Phase value 0.0 is converted to 0.0

----------------------------------------
----------------------------------------
IPNAME:chipscope_ila INSTANCE:chipscope_ila_0 - /cf_ad9467_vc707/system.mhs line
280 - elaborating IP
Created elaborate directory hdl/elaborate/chipscope_ila_0_v1_05_a/synhdl/vhdl/
Generating ChipScope core: chipscope_ila_0 ...
ChipScope Core Generator command: coregen -b /cf_ad9467_vc707/implementation/chipscope_ila_0.xco
Release 14.7 - Xilinx CORE Generator P.20131013 (lin64)
Copyright (c) 1995-2013 Xilinx, Inc.  All rights reserved.
All runtime messages will be recorded in
/cf_ad9467_vc707/implementation/chipscope_ila_0_wrapper/coregen.log
Updating project device from '7vx485t' to 'xc7vx485t'.
Wrote CGP file for project 'coregen'.
Resolving generic values...
Finished resolving generic values.
Generating IP...
Configuring files for chipscope_ila_0 root...
Gathering HDL files for chipscope_ila_0 root...
Creating XST project for chipscope_ila_0...
Creating XST script file for chipscope_ila_0...
Creating XST instantiation file for chipscope_ila_0...
Running XST for chipscope_ila_0...
XST: HDL Parsing
XST: HDL Elaboration
XST: HDL Synthesis
XST: Advanced HDL Synthesis
XST: Low Level Synthesis
XST: Design Summary
Not generating VHDL wrapper
Not generating Verilog wrapper
Skipping VHDL instantiation template for chipscope_ila_0...
Skipping Verilog instantiation template for chipscope_ila_0...
Finished Generation.
Generating IP instantiation template...
Generating ASY schematic symbol...
Generating metadata file...
Generating ISE project...
XCO file found: chipscope_ila_0.xco
XMDF file found: chipscope_ila_0_xmdf.tcl
WARNING:EDK - : chipscope_ila_0.vhd does not exist, will not be added to ISE
   project.

WARNING:EDK - : chipscope_ila_0.vho does not exist, will not be added to ISE
   project.

Adding
/cf_ad9467_vc707/implementation/chipscope_ila_0_wrapper/tmp/_cg/chipscope_ila_0.
asy -view all -origin_type imported
Adding
/cf_ad9467_vc707/implementation/chipscope_ila_0_wrapper/tmp/_cg/chipscope_ila_0.
ngc -view all -origin_type created
Checking file
"/cf_ad9467_vc707/implementation/chipscope_ila_0_wrapper/tmp/_cg/chipscope_ila_0
.ngc" for project device match ...
File
"/cf_ad9467_vc707/implementation/chipscope_ila_0_wrapper/tmp/_cg/chipscope_ila_0
.ngc" device information matches project device.
INFO:TclTasksC:2116 - The automatic calculation of top has been turned-off.
   Please set the new top explicitly by running the "project set top" command.
   To re-calculate the new top automatically, set the "Auto Implementation Top"
   property to true.
Top level has been set to "/chipscope_ila_0"
Generating README file...
Generating FLIST file...
Moving files to output directory...
Finished moving files to output directory
Saved CGP file for project 'coregen'.
*************************************************************
IPNAME:chipscope_icon INSTANCE:chipscope_icon_0 - /cf_ad9467_vc707/system.mhs
line 294 - elaborating IP
Created elaborate directory hdl/elaborate/chipscope_icon_0_v1_06_a/synhdl/vhdl/
Generating ChipScope core: chipscope_icon_0 ...
ChipScope Core Generator command: coregen -b /cf_ad9467_vc707/implementation/chipscope_icon_0.xco
Release 14.7 - Xilinx CORE Generator P.20131013 (lin64)
Copyright (c) 1995-2013 Xilinx, Inc.  All rights reserved.
All runtime messages will be recorded in
/cf_ad9467_vc707/implementation/chipscope_icon_0_wrapper/coregen.log
Updating project device from '7vx485t' to 'xc7vx485t'.
Wrote CGP file for project 'coregen'.
Resolving generic values...
Finished resolving generic values.
Generating IP...
Configuring files for chipscope_icon_0 root...
Gathering HDL files for chipscope_icon_0 root...
Creating XST project for chipscope_icon_0...
Creating XST script file for chipscope_icon_0...
Creating XST instantiation file for chipscope_icon_0...
Running XST for chipscope_icon_0...
XST: HDL Parsing
XST: HDL Elaboration
XST: HDL Synthesis
XST: Advanced HDL Synthesis
XST: Low Level Synthesis
XST: Design Summary
Not generating VHDL wrapper
Not generating Verilog wrapper
Skipping VHDL instantiation template for chipscope_icon_0...
Skipping Verilog instantiation template for chipscope_icon_0...
Finished Generation.
Generating IP instantiation template...
Generating ASY schematic symbol...
Generating metadata file...
Generating ISE project...
XCO file found: chipscope_icon_0.xco
XMDF file found: chipscope_icon_0_xmdf.tcl
WARNING:EDK - : chipscope_icon_0.vhd does not exist, will not be added to ISE
   project.

WARNING:EDK - : chipscope_icon_0.vho does not exist, will not be added to ISE
   project.

Adding
/cf_ad9467_vc707/implementation/chipscope_icon_0_wrapper/tmp/_cg/chipscope_icon_
0.asy -view all -origin_type imported
Adding
/cf_ad9467_vc707/implementation/chipscope_icon_0_wrapper/tmp/_cg/chipscope_icon_
0.ngc -view all -origin_type created
Checking file
"/cf_ad9467_vc707/implementation/chipscope_icon_0_wrapper/tmp/_cg/chipscope_icon
_0.ngc" for project device match ...
File
"/cf_ad9467_vc707/implementation/chipscope_icon_0_wrapper/tmp/_cg/chipscope_icon
_0.ngc" device information matches project device.
INFO:TclTasksC:2116 - The automatic calculation of top has been turned-off.
   Please set the new top explicitly by running the "project set top" command.
   To re-calculate the new top automatically, set the "Auto Implementation Top"
   property to true.
Top level has been set to "/chipscope_icon_0"
Generating README file...
Generating FLIST file...
Moving files to output directory...
Finished moving files to output directory
Saved CGP file for project 'coregen'.
*************************************************************

Writing HDL for elaborated instances ...

Inserting wrapper level ...
Completion time: 0.00 seconds

Constructing platform-level connectivity ...
Completion time: 1.00 seconds

Writing (top-level) BMM ...

Writing (top-level and wrappers) HDL ...

Generating synthesis project file ...

Running XST synthesis ...

INFO:EDK:4211 - The following instances are synthesized with XST. The MPD option
   IMP_NETLIST=TRUE indicates that a NGC file is to be produced using XST
   synthesis. IMP_NETLIST=FALSE (default) instances are not synthesized. 
INFO:EDK:4194 - Running XST parallelly on 2 processors
INSTANCE:proc_sys_reset_0 - /cf_ad9467_vc707/system.mhs line 49 - Running XST
synthesis
INSTANCE:microblaze_0_ilmb - /cf_ad9467_vc707/system.mhs line 62 - Running XST
synthesis
PMSPEC -- Overriding Xilinx file
</opt/Xilinx/14.7/ISE_DS/EDK/virtex7/data/virtex7.acd> with local file
</opt/Xilinx/14.7/ISE_DS/ISE/virtex7/data/virtex7.acd>
PMSPEC -- Overriding Xilinx file
</opt/Xilinx/14.7/ISE_DS/EDK/virtex7/data/virtex7.acd> with local file
</opt/Xilinx/14.7/ISE_DS/ISE/virtex7/data/virtex7.acd>
INSTANCE:microblaze_0_i_bram_ctrl - /cf_ad9467_vc707/system.mhs line 69 -
Running XST synthesis
INSTANCE:microblaze_0_dlmb - /cf_ad9467_vc707/system.mhs line 78 - Running XST
synthesis
PMSPEC -- Overriding Xilinx file
</opt/Xilinx/14.7/ISE_DS/EDK/virtex7/data/virtex7.acd> with local file
</opt/Xilinx/14.7/ISE_DS/ISE/virtex7/data/virtex7.acd>
PMSPEC -- Overriding Xilinx file
</opt/Xilinx/14.7/ISE_DS/EDK/virtex7/data/virtex7.acd> with local file
</opt/Xilinx/14.7/ISE_DS/ISE/virtex7/data/virtex7.acd>
INSTANCE:microblaze_0_d_bram_ctrl - /cf_ad9467_vc707/system.mhs line 85 -
Running XST synthesis
INSTANCE:microblaze_0_bram_block - /cf_ad9467_vc707/system.mhs line 94 - Running
XST synthesis
PMSPEC -- Overriding Xilinx file
</opt/Xilinx/14.7/ISE_DS/EDK/virtex7/data/virtex7.acd> with local file
</opt/Xilinx/14.7/ISE_DS/ISE/virtex7/data/virtex7.acd>
PMSPEC -- Overriding Xilinx file
</opt/Xilinx/14.7/ISE_DS/EDK/virtex7/data/virtex7.acd> with local file
</opt/Xilinx/14.7/ISE_DS/ISE/virtex7/data/virtex7.acd>
INSTANCE:microblaze_0 - /cf_ad9467_vc707/system.mhs line 101 - Running XST
synthesis
PMSPEC -- Overriding Xilinx file
</opt/Xilinx/14.7/ISE_DS/EDK/virtex7/data/virtex7.acd> with local file
</opt/Xilinx/14.7/ISE_DS/ISE/virtex7/data/virtex7.acd>
INSTANCE:debug_module - /cf_ad9467_vc707/system.mhs line 143 - Running XST
synthesis
PMSPEC -- Overriding Xilinx file
</opt/Xilinx/14.7/ISE_DS/EDK/virtex7/data/virtex7.acd> with local file
</opt/Xilinx/14.7/ISE_DS/ISE/virtex7/data/virtex7.acd>
INSTANCE:clock_generator_0 - /cf_ad9467_vc707/system.mhs line 156 - Running XST
synthesis
PMSPEC -- Overriding Xilinx file
</opt/Xilinx/14.7/ISE_DS/EDK/virtex7/data/virtex7.acd> with local file
</opt/Xilinx/14.7/ISE_DS/ISE/virtex7/data/virtex7.acd>
INSTANCE:axi4lite_0 - /cf_ad9467_vc707/system.mhs line 186 - Running XST
synthesis
PMSPEC -- Overriding Xilinx file
</opt/Xilinx/14.7/ISE_DS/EDK/virtex7/data/virtex7.acd> with local file
</opt/Xilinx/14.7/ISE_DS/ISE/virtex7/data/virtex7.acd>
INSTANCE:axi4_0 - /cf_ad9467_vc707/system.mhs line 194 - Running XST synthesis
PMSPEC -- Overriding Xilinx file
</opt/Xilinx/14.7/ISE_DS/EDK/virtex7/data/virtex7.acd> with local file
</opt/Xilinx/14.7/ISE_DS/ISE/virtex7/data/virtex7.acd>
INSTANCE:rs232_uart_1 - /cf_ad9467_vc707/system.mhs line 202 - Running XST
synthesis
PMSPEC -- Overriding Xilinx file
</opt/Xilinx/14.7/ISE_DS/EDK/virtex7/data/virtex7.acd> with local file
</opt/Xilinx/14.7/ISE_DS/ISE/virtex7/data/virtex7.acd>
INSTANCE:ddr3_sdram - /cf_ad9467_vc707/system.mhs line 218 - Running XST
synthesis
PMSPEC -- Overriding Xilinx file
</opt/Xilinx/14.7/ISE_DS/EDK/virtex7/data/virtex7.acd> with local file
</opt/Xilinx/14.7/ISE_DS/ISE/virtex7/data/virtex7.acd>
INSTANCE:axi_timer_0 - /cf_ad9467_vc707/system.mhs line 259 - Running XST
synthesis
PMSPEC -- Overriding Xilinx file
</opt/Xilinx/14.7/ISE_DS/EDK/virtex7/data/virtex7.acd> with local file
</opt/Xilinx/14.7/ISE_DS/ISE/virtex7/data/virtex7.acd>
INSTANCE:axi_intc_0 - /cf_ad9467_vc707/system.mhs line 269 - Running XST
synthesis
PMSPEC -- Overriding Xilinx file
</opt/Xilinx/14.7/ISE_DS/EDK/virtex7/data/virtex7.acd> with local file
</opt/Xilinx/14.7/ISE_DS/ISE/virtex7/data/virtex7.acd>
INSTANCE:chipscope_ila_0 - /cf_ad9467_vc707/system.mhs line 280 - Running XST
synthesis
PMSPEC -- Overriding Xilinx file
</opt/Xilinx/14.7/ISE_DS/EDK/virtex7/data/virtex7.acd> with local file
</opt/Xilinx/14.7/ISE_DS/ISE/virtex7/data/virtex7.acd>
INSTANCE:chipscope_icon_0 - /cf_ad9467_vc707/system.mhs line 294 - Running XST
synthesis
PMSPEC -- Overriding Xilinx file
</opt/Xilinx/14.7/ISE_DS/EDK/virtex7/data/virtex7.acd> with local file
</opt/Xilinx/14.7/ISE_DS/ISE/virtex7/data/virtex7.acd>
INSTANCE:axi_adc_1c_0 - /cf_ad9467_vc707/system.mhs line 300 - Running XST
synthesis
PMSPEC -- Overriding Xilinx file
</opt/Xilinx/14.7/ISE_DS/EDK/virtex7/data/virtex7.acd> with local file
</opt/Xilinx/14.7/ISE_DS/ISE/virtex7/data/virtex7.acd>
INSTANCE:axi_dma_0 - /cf_ad9467_vc707/system.mhs line 322 - Running XST
synthesis
PMSPEC -- Overriding Xilinx file
</opt/Xilinx/14.7/ISE_DS/EDK/virtex7/data/virtex7.acd> with local file
</opt/Xilinx/14.7/ISE_DS/ISE/virtex7/data/virtex7.acd>
INSTANCE:axi_spi_0 - /cf_ad9467_vc707/system.mhs line 342 - Running XST
synthesis
PMSPEC -- Overriding Xilinx file
</opt/Xilinx/14.7/ISE_DS/EDK/virtex7/data/virtex7.acd> with local file
</opt/Xilinx/14.7/ISE_DS/ISE/virtex7/data/virtex7.acd>
INSTANCE:util_spi_3w_0 - /cf_ad9467_vc707/system.mhs line 357 - Running XST
synthesis
PMSPEC -- Overriding Xilinx file
</opt/Xilinx/14.7/ISE_DS/EDK/virtex7/data/virtex7.acd> with local file
</opt/Xilinx/14.7/ISE_DS/ISE/virtex7/data/virtex7.acd>
INSTANCE:axi_gpio_0 - /cf_ad9467_vc707/system.mhs line 371 - Running XST
synthesis
PMSPEC -- Overriding Xilinx file
</opt/Xilinx/14.7/ISE_DS/EDK/virtex7/data/virtex7.acd> with local file
</opt/Xilinx/14.7/ISE_DS/ISE/virtex7/data/virtex7.acd>
Trying to terminate Process...
make: *** [implementation/system_proc_sys_reset_0_wrapper.ngc] Terminated
Done!
Writing filter settings....
Done writing filter settings to:
	/cf_ad9467_vc707/etc/system.filters
Done writing Tab View settings to:
	/cf_ad9467_vc707/etc/system.gui
