13:13:00.115 INFO  - Processing command line option -hwspec /root/260214/hw/dma.xml. 
13:13:17.922 INFO  - Restoring global repository preferences: 
		 /root/PROJECT/XILINX/clock_test 
13:14:10.058 INFO  - 'device-tree' is a board support package for an OS for which applications cannot be developed within SDK. 
13:14:10.058 INFO  - You can configure and build project 'device-tree_bsp_0' within SDK at will, but have to export it into the appropriate third party environment to develop applications. 
13:14:10.536 WARN  - Unable to determine location of documentation for OS device-tree. 
13:15:33.664 INFO  - Invoking Bootgen:  
13:15:34.236 INFO  - Bootgen command execution is done. 
14:07:42.429 INFO  - Project hw_platform_0's source hardware specification located at /root/260214/hw/dma.xml is now different from the local copy.
		 The local copy will be replaced with the source specification and your workspace will be updated. 
14:07:49.324 INFO  - Copied contents of /root/260214/hw/dma.xml into /hw_platform_0/system.xml. 
14:07:49.336 INFO  - Copied contents of /root/260214/hw/dma_wrapper.bit into /hw_platform_0/dma_wrapper.bit. 
14:07:49.342 INFO  - Copied contents of /root/260214/hw/ps7_init.c into /hw_platform_0/ps7_init.c. 
14:07:49.343 INFO  - Copied contents of /root/260214/hw/ps7_init.h into /hw_platform_0/ps7_init.h. 
14:07:49.351 INFO  - Copied contents of /root/260214/hw/ps7_init.html into /hw_platform_0/ps7_init.html. 
14:07:49.352 INFO  - Copied contents of /root/260214/hw/ps7_summary.html into /hw_platform_0/ps7_summary.html. 
14:07:49.353 INFO  - Copied contents of /root/260214/hw/ps7_init.tcl into /hw_platform_0/ps7_init.tcl. 
14:07:50.289 INFO  - Synchronizing projects in the workspace with the hardware platform specification changes. 
14:07:57.491 INFO  - Updating hardware inferred compiler options for fsbl. 
14:07:57.498 INFO  - Clearing existing target manager status. 
14:08:01.136 INFO  - Copied contents of /root/260214/hw_platform_0/ps7_init.c into /fsbl/src/ps7_init.c. 
14:08:01.142 INFO  - Copied contents of /root/260214/hw_platform_0/ps7_init.h into /fsbl/src/ps7_init.h. 
14:08:01.158 INFO  - Copied contents of /root/260214/hw_platform_0/ps7_init.html into /fsbl/src/ps7_init.html. 
14:08:01.159 INFO  - Copied contents of /root/260214/hw_platform_0/ps7_summary.html into /fsbl/src/ps7_summary.html. 
14:08:01.161 INFO  - Copied contents of /root/260214/hw_platform_0/ps7_init.tcl into /fsbl/src/ps7_init.tcl. 
14:08:01.180 INFO  - Closing and re-opening the MSS file of ther project fsbl_bsp 
14:08:01.890 INFO  - Closing and re-opening the MSS file of ther project device-tree_bsp_0 
14:08:02.036 WARN  - Unable to determine location of documentation for OS device-tree. 
14:08:03.345 INFO  - Workspace synchronized with the new hardware specification file. Cleaning dependent projects... 
14:10:03.506 INFO  - Specified output file already exists 
14:10:04.787 INFO  - Invoking Bootgen:  
14:10:05.325 INFO  - Bootgen command execution is done. 
14:47:18.285 INFO  - Project hw_platform_0's source hardware specification located at /root/260214/hw/dma.xml is now different from the local copy.
		 The local copy will be replaced with the source specification and your workspace will be updated. 
14:48:42.464 INFO  - Copied contents of /root/260214/hw/dma.xml into /hw_platform_0/system.xml. 
14:48:42.474 INFO  - Copied contents of /root/260214/hw/dma_wrapper.bit into /hw_platform_0/dma_wrapper.bit. 
14:48:42.479 INFO  - Copied contents of /root/260214/hw/ps7_init.c into /hw_platform_0/ps7_init.c. 
14:48:42.480 INFO  - Copied contents of /root/260214/hw/ps7_init.h into /hw_platform_0/ps7_init.h. 
14:48:42.487 INFO  - Copied contents of /root/260214/hw/ps7_init.html into /hw_platform_0/ps7_init.html. 
14:48:42.488 INFO  - Copied contents of /root/260214/hw/ps7_summary.html into /hw_platform_0/ps7_summary.html. 
14:48:42.490 INFO  - Copied contents of /root/260214/hw/ps7_init.tcl into /hw_platform_0/ps7_init.tcl. 
14:48:42.840 INFO  - Synchronizing projects in the workspace with the hardware platform specification changes. 
14:48:48.530 INFO  - Updating hardware inferred compiler options for fsbl. 
14:48:48.534 INFO  - Clearing existing target manager status. 
14:48:48.539 INFO  - Copied contents of /root/260214/hw_platform_0/ps7_init.c into /fsbl/src/ps7_init.c. 
14:48:48.544 INFO  - Copied contents of /root/260214/hw_platform_0/ps7_init.h into /fsbl/src/ps7_init.h. 
14:48:48.555 INFO  - Copied contents of /root/260214/hw_platform_0/ps7_init.html into /fsbl/src/ps7_init.html. 
14:48:48.556 INFO  - Copied contents of /root/260214/hw_platform_0/ps7_summary.html into /fsbl/src/ps7_summary.html. 
14:48:48.559 INFO  - Copied contents of /root/260214/hw_platform_0/ps7_init.tcl into /fsbl/src/ps7_init.tcl. 
14:48:48.561 INFO  - Closing and re-opening the MSS file of ther project fsbl_bsp 
14:48:49.025 INFO  - Closing and re-opening the MSS file of ther project device-tree_bsp_0 
14:48:49.186 WARN  - Unable to determine location of documentation for OS device-tree. 
14:48:50.481 INFO  - Workspace synchronized with the new hardware specification file. Cleaning dependent projects... 
14:49:32.580 INFO  - Specified output file already exists 
14:49:33.837 INFO  - Invoking Bootgen:  
14:49:34.367 INFO  - Bootgen command execution is done. 
16:09:42.396 INFO  - Project hw_platform_0's source hardware specification located at /root/260214/hw/dma.xml is now different from the local copy.
		 The local copy will be replaced with the source specification and your workspace will be updated. 
16:09:45.691 INFO  - Copied contents of /root/260214/hw/dma.xml into /hw_platform_0/system.xml. 
16:09:45.700 INFO  - Copied contents of /root/260214/hw/dma_wrapper.bit into /hw_platform_0/dma_wrapper.bit. 
16:09:45.706 INFO  - Copied contents of /root/260214/hw/ps7_init.c into /hw_platform_0/ps7_init.c. 
16:09:45.707 INFO  - Copied contents of /root/260214/hw/ps7_init.h into /hw_platform_0/ps7_init.h. 
16:09:45.713 INFO  - Copied contents of /root/260214/hw/ps7_init.html into /hw_platform_0/ps7_init.html. 
16:09:45.714 INFO  - Copied contents of /root/260214/hw/ps7_summary.html into /hw_platform_0/ps7_summary.html. 
16:09:45.715 INFO  - Copied contents of /root/260214/hw/ps7_init.tcl into /hw_platform_0/ps7_init.tcl. 
16:09:46.159 INFO  - Synchronizing projects in the workspace with the hardware platform specification changes. 
16:09:52.398 INFO  - Updating hardware inferred compiler options for fsbl. 
16:09:52.412 INFO  - Clearing existing target manager status. 
16:09:52.418 INFO  - Copied contents of /root/260214/hw_platform_0/ps7_init.c into /fsbl/src/ps7_init.c. 
16:09:52.420 INFO  - Copied contents of /root/260214/hw_platform_0/ps7_init.h into /fsbl/src/ps7_init.h. 
16:09:52.436 INFO  - Copied contents of /root/260214/hw_platform_0/ps7_init.html into /fsbl/src/ps7_init.html. 
16:09:52.437 INFO  - Copied contents of /root/260214/hw_platform_0/ps7_summary.html into /fsbl/src/ps7_summary.html. 
16:09:52.439 INFO  - Copied contents of /root/260214/hw_platform_0/ps7_init.tcl into /fsbl/src/ps7_init.tcl. 
16:09:52.442 INFO  - Closing and re-opening the MSS file of ther project fsbl_bsp 
16:09:52.944 INFO  - Closing and re-opening the MSS file of ther project device-tree_bsp_0 
16:09:53.082 WARN  - Unable to determine location of documentation for OS device-tree. 
16:09:54.395 INFO  - Workspace synchronized with the new hardware specification file. Cleaning dependent projects... 
16:11:53.001 INFO  - Specified output file already exists 
16:11:53.994 INFO  - Invoking Bootgen:  
16:11:54.526 INFO  - Bootgen command execution is done. 
16:55:22.219 INFO  - Project hw_platform_0's source hardware specification located at /root/260214/hw/dma.xml is now different from the local copy.
		 The local copy will be replaced with the source specification and your workspace will be updated. 
16:55:25.427 INFO  - Copied contents of /root/260214/hw/dma.xml into /hw_platform_0/system.xml. 
16:55:25.440 INFO  - Copied contents of /root/260214/hw/dma_wrapper.bit into /hw_platform_0/dma_wrapper.bit. 
16:55:25.447 INFO  - Copied contents of /root/260214/hw/ps7_init.c into /hw_platform_0/ps7_init.c. 
16:55:25.449 INFO  - Copied contents of /root/260214/hw/ps7_init.h into /hw_platform_0/ps7_init.h. 
16:55:25.459 INFO  - Copied contents of /root/260214/hw/ps7_init.html into /hw_platform_0/ps7_init.html. 
16:55:25.461 INFO  - Copied contents of /root/260214/hw/ps7_summary.html into /hw_platform_0/ps7_summary.html. 
16:55:25.462 INFO  - Copied contents of /root/260214/hw/ps7_init.tcl into /hw_platform_0/ps7_init.tcl. 
16:55:25.854 INFO  - Synchronizing projects in the workspace with the hardware platform specification changes. 
16:55:31.389 INFO  - Updating hardware inferred compiler options for fsbl. 
16:55:31.394 INFO  - Clearing existing target manager status. 
16:55:31.400 INFO  - Copied contents of /root/260214/hw_platform_0/ps7_init.c into /fsbl/src/ps7_init.c. 
16:55:31.403 INFO  - Copied contents of /root/260214/hw_platform_0/ps7_init.h into /fsbl/src/ps7_init.h. 
16:55:31.414 INFO  - Copied contents of /root/260214/hw_platform_0/ps7_init.html into /fsbl/src/ps7_init.html. 
16:55:31.417 INFO  - Copied contents of /root/260214/hw_platform_0/ps7_summary.html into /fsbl/src/ps7_summary.html. 
16:55:31.419 INFO  - Copied contents of /root/260214/hw_platform_0/ps7_init.tcl into /fsbl/src/ps7_init.tcl. 
16:55:31.421 INFO  - Closing and re-opening the MSS file of ther project fsbl_bsp 
16:55:31.897 INFO  - Closing and re-opening the MSS file of ther project device-tree_bsp_0 
16:55:32.039 WARN  - Unable to determine location of documentation for OS device-tree. 
16:55:33.327 INFO  - Workspace synchronized with the new hardware specification file. Cleaning dependent projects... 
08:15:55.130 ERROR - Unexpected error while parsing XMD response ￿: com.google.gson.JsonSyntaxException: com.google.gson.stream.MalformedJsonException: invalid number or unquoted string near  
08:27:20.447 INFO  - Processing command line option -hwspec /root/260214/hw/dma.xml. 
08:27:20.998 INFO  - The hardware specification for project 'hw_platform_0' is different from /root/260214/hw/dma.xml. 
08:27:21.671 INFO  - Copied contents of /root/260214/hw/dma.xml into /hw_platform_0/system.xml. 
08:27:21.683 INFO  - Copied contents of /root/260214/hw/dma_wrapper.bit into /hw_platform_0/dma_wrapper.bit. 
08:27:21.689 INFO  - Copied contents of /root/260214/hw/ps7_init.c into /hw_platform_0/ps7_init.c. 
08:27:21.691 INFO  - Copied contents of /root/260214/hw/ps7_init.h into /hw_platform_0/ps7_init.h. 
08:27:21.698 INFO  - Copied contents of /root/260214/hw/ps7_init.html into /hw_platform_0/ps7_init.html. 
08:27:21.700 INFO  - Copied contents of /root/260214/hw/ps7_summary.html into /hw_platform_0/ps7_summary.html. 
08:27:21.701 INFO  - Copied contents of /root/260214/hw/ps7_init.tcl into /hw_platform_0/ps7_init.tcl. 
08:27:22.020 INFO  - Synchronizing projects in the workspace with the hardware platform specification changes. 
08:27:29.331 INFO  - Updating hardware inferred compiler options for fsbl. 
08:27:29.343 INFO  - Clearing existing target manager status. 
08:27:32.815 INFO  - Copied contents of /root/260214/hw_platform_0/ps7_init.c into /fsbl/src/ps7_init.c. 
08:27:32.827 INFO  - Copied contents of /root/260214/hw_platform_0/ps7_init.h into /fsbl/src/ps7_init.h. 
08:27:32.870 INFO  - Copied contents of /root/260214/hw_platform_0/ps7_init.html into /fsbl/src/ps7_init.html. 
08:27:32.872 INFO  - Copied contents of /root/260214/hw_platform_0/ps7_summary.html into /fsbl/src/ps7_summary.html. 
08:27:32.874 INFO  - Copied contents of /root/260214/hw_platform_0/ps7_init.tcl into /fsbl/src/ps7_init.tcl. 
08:27:49.187 INFO  - Specified output file already exists 
08:27:50.614 INFO  - Invoking Bootgen:  
08:27:51.145 INFO  - Bootgen command execution is done. 
08:35:04.352 INFO  - Processing command line option -hwspec /root/260214/hw/dma.xml. 
08:35:04.835 INFO  - The hardware specification for project 'hw_platform_0' is different from /root/260214/hw/dma.xml. 
08:35:10.091 INFO  - Project hw_platform_0's source hardware specification located at /root/260214/hw/dma.xml is now different from the local copy.
		 The local copy will be replaced with the source specification and your workspace will be updated. 
08:35:22.716 ERROR - Unable to save current hardware specification file in a temporary location. 
08:35:23.059 INFO  - Copied contents of /root/260214/hw/dma.xml into /hw_platform_0/system.xml. 
08:35:23.070 INFO  - Copied contents of /root/260214/hw/dma_wrapper.bit into /hw_platform_0/dma_wrapper.bit. 
08:35:23.077 INFO  - Copied contents of /root/260214/hw/ps7_init.c into /hw_platform_0/ps7_init.c. 
08:35:23.078 INFO  - Copied contents of /root/260214/hw/ps7_init.h into /hw_platform_0/ps7_init.h. 
08:35:23.086 INFO  - Copied contents of /root/260214/hw/ps7_init.html into /hw_platform_0/ps7_init.html. 
08:35:23.087 INFO  - Copied contents of /root/260214/hw/ps7_summary.html into /hw_platform_0/ps7_summary.html. 
08:35:23.089 INFO  - Copied contents of /root/260214/hw/ps7_init.tcl into /hw_platform_0/ps7_init.tcl. 
08:35:23.265 INFO  - Copied contents of /root/260214/hw/dma.xml into /hw_platform_0/system.xml. 
08:35:23.277 INFO  - Copied contents of /root/260214/hw/dma_wrapper.bit into /hw_platform_0/dma_wrapper.bit. 
08:49:15.020 INFO  - Specified output file already exists 
08:49:16.062 INFO  - Invoking Bootgen:  
08:49:16.618 INFO  - Bootgen command execution is done. 
12:18:17.753 INFO  - Project hw_platform_0's source hardware specification located at /root/260214/hw/dma.xml is now different from the local copy.
		 The local copy will be replaced with the source specification and your workspace will be updated. 
12:18:25.013 INFO  - Copied contents of /root/260214/hw/dma.xml into /hw_platform_0/system.xml. 
12:18:25.024 INFO  - Copied contents of /root/260214/hw/dma_wrapper.bit into /hw_platform_0/dma_wrapper.bit. 
12:18:25.029 INFO  - Copied contents of /root/260214/hw/ps7_init.c into /hw_platform_0/ps7_init.c. 
12:18:25.030 INFO  - Copied contents of /root/260214/hw/ps7_init.h into /hw_platform_0/ps7_init.h. 
12:18:25.038 INFO  - Copied contents of /root/260214/hw/ps7_init.html into /hw_platform_0/ps7_init.html. 
12:18:25.039 INFO  - Copied contents of /root/260214/hw/ps7_summary.html into /hw_platform_0/ps7_summary.html. 
12:18:25.041 INFO  - Copied contents of /root/260214/hw/ps7_init.tcl into /hw_platform_0/ps7_init.tcl. 
12:18:25.484 INFO  - Synchronizing projects in the workspace with the hardware platform specification changes. 
12:18:30.939 INFO  - Updating hardware inferred compiler options for fsbl. 
12:18:30.944 INFO  - Clearing existing target manager status. 
12:18:34.577 INFO  - Copied contents of /root/260214/hw_platform_0/ps7_init.c into /fsbl/src/ps7_init.c. 
12:18:34.585 INFO  - Copied contents of /root/260214/hw_platform_0/ps7_init.h into /fsbl/src/ps7_init.h. 
12:18:34.595 INFO  - Copied contents of /root/260214/hw_platform_0/ps7_init.html into /fsbl/src/ps7_init.html. 
12:18:34.598 INFO  - Copied contents of /root/260214/hw_platform_0/ps7_summary.html into /fsbl/src/ps7_summary.html. 
12:18:34.601 INFO  - Copied contents of /root/260214/hw_platform_0/ps7_init.tcl into /fsbl/src/ps7_init.tcl. 
12:18:47.308 INFO  - Specified output file already exists 
12:18:49.051 INFO  - Invoking Bootgen:  
12:18:49.573 INFO  - Bootgen command execution is done. 
12:40:59.138 INFO  - Project hw_platform_0's source hardware specification located at /root/260214/hw/dma.xml is now different from the local copy.
		 The local copy will be replaced with the source specification and your workspace will be updated. 
12:41:14.925 INFO  - Copied contents of /root/260214/hw/dma.xml into /hw_platform_0/system.xml. 
12:41:14.935 INFO  - Copied contents of /root/260214/hw/dma_wrapper.bit into /hw_platform_0/dma_wrapper.bit. 
12:41:14.941 INFO  - Copied contents of /root/260214/hw/ps7_init.c into /hw_platform_0/ps7_init.c. 
12:41:14.942 INFO  - Copied contents of /root/260214/hw/ps7_init.h into /hw_platform_0/ps7_init.h. 
12:41:14.950 INFO  - Copied contents of /root/260214/hw/ps7_init.html into /hw_platform_0/ps7_init.html. 
12:41:14.951 INFO  - Copied contents of /root/260214/hw/ps7_summary.html into /hw_platform_0/ps7_summary.html. 
12:41:14.953 INFO  - Copied contents of /root/260214/hw/ps7_init.tcl into /hw_platform_0/ps7_init.tcl. 
12:41:15.363 INFO  - Synchronizing projects in the workspace with the hardware platform specification changes. 
12:41:35.049 INFO  - Updating hardware inferred compiler options for fsbl. 
12:41:35.068 INFO  - Clearing existing target manager status. 
12:41:38.401 INFO  - Copied contents of /root/260214/hw_platform_0/ps7_init.c into /fsbl/src/ps7_init.c. 
12:41:38.404 INFO  - Copied contents of /root/260214/hw_platform_0/ps7_init.h into /fsbl/src/ps7_init.h. 
12:41:38.415 INFO  - Copied contents of /root/260214/hw_platform_0/ps7_init.html into /fsbl/src/ps7_init.html. 
12:41:38.418 INFO  - Copied contents of /root/260214/hw_platform_0/ps7_summary.html into /fsbl/src/ps7_summary.html. 
12:41:38.420 INFO  - Copied contents of /root/260214/hw_platform_0/ps7_init.tcl into /fsbl/src/ps7_init.tcl. 
12:41:52.174 INFO  - Specified output file already exists 
12:41:53.455 INFO  - Invoking Bootgen:  
12:41:53.976 INFO  - Bootgen command execution is done. 
13:05:13.635 INFO  - Project hw_platform_0's source hardware specification located at /root/260214/hw/dma.xml is now different from the local copy.
		 The local copy will be replaced with the source specification and your workspace will be updated. 
13:05:17.986 INFO  - Copied contents of /root/260214/hw/dma.xml into /hw_platform_0/system.xml. 
13:05:17.997 INFO  - Copied contents of /root/260214/hw/dma_wrapper.bit into /hw_platform_0/dma_wrapper.bit. 
13:05:18.003 INFO  - Copied contents of /root/260214/hw/ps7_init.c into /hw_platform_0/ps7_init.c. 
13:05:18.004 INFO  - Copied contents of /root/260214/hw/ps7_init.h into /hw_platform_0/ps7_init.h. 
13:05:18.013 INFO  - Copied contents of /root/260214/hw/ps7_init.html into /hw_platform_0/ps7_init.html. 
13:05:18.014 INFO  - Copied contents of /root/260214/hw/ps7_summary.html into /hw_platform_0/ps7_summary.html. 
13:05:18.017 INFO  - Copied contents of /root/260214/hw/ps7_init.tcl into /hw_platform_0/ps7_init.tcl. 
13:05:18.780 INFO  - Synchronizing projects in the workspace with the hardware platform specification changes. 
13:05:38.276 INFO  - Updating hardware inferred compiler options for fsbl. 
13:05:38.290 INFO  - Clearing existing target manager status. 
13:05:41.505 INFO  - Copied contents of /root/260214/hw_platform_0/ps7_init.c into /fsbl/src/ps7_init.c. 
13:05:41.507 INFO  - Copied contents of /root/260214/hw_platform_0/ps7_init.h into /fsbl/src/ps7_init.h. 
13:05:41.516 INFO  - Copied contents of /root/260214/hw_platform_0/ps7_init.html into /fsbl/src/ps7_init.html. 
13:05:41.518 INFO  - Copied contents of /root/260214/hw_platform_0/ps7_summary.html into /fsbl/src/ps7_summary.html. 
13:05:41.521 INFO  - Copied contents of /root/260214/hw_platform_0/ps7_init.tcl into /fsbl/src/ps7_init.tcl. 
13:05:52.706 INFO  - Specified output file already exists 
13:05:54.311 INFO  - Invoking Bootgen:  
13:05:54.833 INFO  - Bootgen command execution is done. 
13:37:05.738 INFO  - Project hw_platform_0's source hardware specification located at /root/260214/hw/dma.xml is now different from the local copy.
		 The local copy will be replaced with the source specification and your workspace will be updated. 
13:38:19.575 INFO  - Copied contents of /root/260214/hw/dma.xml into /hw_platform_0/system.xml. 
13:38:19.587 INFO  - Copied contents of /root/260214/hw/dma_wrapper.bit into /hw_platform_0/dma_wrapper.bit. 
13:38:19.594 INFO  - Copied contents of /root/260214/hw/ps7_init.c into /hw_platform_0/ps7_init.c. 
13:38:19.595 INFO  - Copied contents of /root/260214/hw/ps7_init.h into /hw_platform_0/ps7_init.h. 
13:38:19.605 INFO  - Copied contents of /root/260214/hw/ps7_init.html into /hw_platform_0/ps7_init.html. 
13:38:19.606 INFO  - Copied contents of /root/260214/hw/ps7_summary.html into /hw_platform_0/ps7_summary.html. 
13:38:19.607 INFO  - Copied contents of /root/260214/hw/ps7_init.tcl into /hw_platform_0/ps7_init.tcl. 
13:38:20.437 INFO  - Synchronizing projects in the workspace with the hardware platform specification changes. 
13:38:39.561 INFO  - Updating hardware inferred compiler options for fsbl. 
13:38:39.574 INFO  - Clearing existing target manager status. 
13:38:42.895 INFO  - Copied contents of /root/260214/hw_platform_0/ps7_init.c into /fsbl/src/ps7_init.c. 
13:38:42.900 INFO  - Copied contents of /root/260214/hw_platform_0/ps7_init.h into /fsbl/src/ps7_init.h. 
13:38:42.909 INFO  - Copied contents of /root/260214/hw_platform_0/ps7_init.html into /fsbl/src/ps7_init.html. 
13:38:42.911 INFO  - Copied contents of /root/260214/hw_platform_0/ps7_summary.html into /fsbl/src/ps7_summary.html. 
13:38:42.913 INFO  - Copied contents of /root/260214/hw_platform_0/ps7_init.tcl into /fsbl/src/ps7_init.tcl. 
13:39:36.691 INFO  - Specified output file already exists 
13:39:37.978 INFO  - Invoking Bootgen:  
13:39:38.509 INFO  - Bootgen command execution is done. 
13:59:06.732 INFO  - Project hw_platform_0's source hardware specification located at /root/260214/hw/dma.xml is now different from the local copy.
		 The local copy will be replaced with the source specification and your workspace will be updated. 
13:59:08.703 INFO  - Copied contents of /root/260214/hw/dma.xml into /hw_platform_0/system.xml. 
13:59:08.714 INFO  - Copied contents of /root/260214/hw/dma_wrapper.bit into /hw_platform_0/dma_wrapper.bit. 
13:59:08.718 INFO  - Copied contents of /root/260214/hw/ps7_init.c into /hw_platform_0/ps7_init.c. 
13:59:08.720 INFO  - Copied contents of /root/260214/hw/ps7_init.h into /hw_platform_0/ps7_init.h. 
13:59:08.728 INFO  - Copied contents of /root/260214/hw/ps7_init.html into /hw_platform_0/ps7_init.html. 
13:59:08.730 INFO  - Copied contents of /root/260214/hw/ps7_summary.html into /hw_platform_0/ps7_summary.html. 
13:59:08.731 INFO  - Copied contents of /root/260214/hw/ps7_init.tcl into /hw_platform_0/ps7_init.tcl. 
13:59:09.542 INFO  - Synchronizing projects in the workspace with the hardware platform specification changes. 
13:59:28.823 INFO  - Updating hardware inferred compiler options for fsbl. 
13:59:28.837 INFO  - Clearing existing target manager status. 
13:59:32.156 INFO  - Copied contents of /root/260214/hw_platform_0/ps7_init.c into /fsbl/src/ps7_init.c. 
13:59:32.158 INFO  - Copied contents of /root/260214/hw_platform_0/ps7_init.h into /fsbl/src/ps7_init.h. 
13:59:32.171 INFO  - Copied contents of /root/260214/hw_platform_0/ps7_init.html into /fsbl/src/ps7_init.html. 
13:59:32.173 INFO  - Copied contents of /root/260214/hw_platform_0/ps7_summary.html into /fsbl/src/ps7_summary.html. 
13:59:32.175 INFO  - Copied contents of /root/260214/hw_platform_0/ps7_init.tcl into /fsbl/src/ps7_init.tcl. 
13:59:45.750 INFO  - Specified output file already exists 
13:59:46.804 INFO  - Invoking Bootgen:  
13:59:47.327 INFO  - Bootgen command execution is done. 
14:33:41.957 INFO  - Project hw_platform_0's source hardware specification located at /root/260214/hw/dma.xml is now different from the local copy.
		 The local copy will be replaced with the source specification and your workspace will be updated. 
14:33:46.591 INFO  - Copied contents of /root/260214/hw/dma.xml into /hw_platform_0/system.xml. 
14:33:46.601 INFO  - Copied contents of /root/260214/hw/dma_wrapper.bit into /hw_platform_0/dma_wrapper.bit. 
14:33:46.606 INFO  - Copied contents of /root/260214/hw/ps7_init.c into /hw_platform_0/ps7_init.c. 
14:33:46.607 INFO  - Copied contents of /root/260214/hw/ps7_init.h into /hw_platform_0/ps7_init.h. 
14:33:46.614 INFO  - Copied contents of /root/260214/hw/ps7_init.html into /hw_platform_0/ps7_init.html. 
14:33:46.617 INFO  - Copied contents of /root/260214/hw/ps7_summary.html into /hw_platform_0/ps7_summary.html. 
14:33:46.618 INFO  - Copied contents of /root/260214/hw/ps7_init.tcl into /hw_platform_0/ps7_init.tcl. 
14:33:47.373 INFO  - Synchronizing projects in the workspace with the hardware platform specification changes. 
14:34:06.875 INFO  - Updating hardware inferred compiler options for fsbl. 
14:34:06.888 INFO  - Clearing existing target manager status. 
14:34:10.148 INFO  - Copied contents of /root/260214/hw_platform_0/ps7_init.c into /fsbl/src/ps7_init.c. 
14:34:10.151 INFO  - Copied contents of /root/260214/hw_platform_0/ps7_init.h into /fsbl/src/ps7_init.h. 
14:34:10.160 INFO  - Copied contents of /root/260214/hw_platform_0/ps7_init.html into /fsbl/src/ps7_init.html. 
14:34:10.166 INFO  - Copied contents of /root/260214/hw_platform_0/ps7_summary.html into /fsbl/src/ps7_summary.html. 
14:34:10.169 INFO  - Copied contents of /root/260214/hw_platform_0/ps7_init.tcl into /fsbl/src/ps7_init.tcl. 
14:34:26.487 INFO  - Specified output file already exists 
14:34:27.783 INFO  - Invoking Bootgen:  
14:34:28.307 INFO  - Bootgen command execution is done. 
14:34:46.727 INFO  - Specified output file already exists 
14:34:47.782 INFO  - Invoking Bootgen:  
14:34:48.305 INFO  - Bootgen command execution is done. 
15:40:25.631 INFO  - Project hw_platform_0's source hardware specification located at /root/260214/hw/dma.xml is now different from the local copy.
		 The local copy will be replaced with the source specification and your workspace will be updated. 
15:40:48.134 INFO  - Copied contents of /root/260214/hw/dma.xml into /hw_platform_0/system.xml. 
15:40:48.145 INFO  - Copied contents of /root/260214/hw/dma_wrapper.bit into /hw_platform_0/dma_wrapper.bit. 
15:40:48.150 INFO  - Copied contents of /root/260214/hw/ps7_init.c into /hw_platform_0/ps7_init.c. 
15:40:48.158 INFO  - Copied contents of /root/260214/hw/ps7_init.h into /hw_platform_0/ps7_init.h. 
15:40:48.165 INFO  - Copied contents of /root/260214/hw/ps7_init.html into /hw_platform_0/ps7_init.html. 
15:40:48.167 INFO  - Copied contents of /root/260214/hw/ps7_summary.html into /hw_platform_0/ps7_summary.html. 
15:40:48.168 INFO  - Copied contents of /root/260214/hw/ps7_init.tcl into /hw_platform_0/ps7_init.tcl. 
15:40:48.961 INFO  - Synchronizing projects in the workspace with the hardware platform specification changes. 
15:41:08.190 INFO  - Updating hardware inferred compiler options for fsbl. 
15:41:08.202 INFO  - Clearing existing target manager status. 
15:41:11.460 INFO  - Copied contents of /root/260214/hw_platform_0/ps7_init.c into /fsbl/src/ps7_init.c. 
15:41:11.463 INFO  - Copied contents of /root/260214/hw_platform_0/ps7_init.h into /fsbl/src/ps7_init.h. 
15:41:11.473 INFO  - Copied contents of /root/260214/hw_platform_0/ps7_init.html into /fsbl/src/ps7_init.html. 
15:41:11.476 INFO  - Copied contents of /root/260214/hw_platform_0/ps7_summary.html into /fsbl/src/ps7_summary.html. 
15:41:11.478 INFO  - Copied contents of /root/260214/hw_platform_0/ps7_init.tcl into /fsbl/src/ps7_init.tcl. 
15:41:22.886 INFO  - Specified output file already exists 
15:41:24.131 INFO  - Invoking Bootgen:  
15:41:24.654 INFO  - Bootgen command execution is done. 
08:59:00.049 INFO  - Project hw_platform_0's source hardware specification located at /root/260214/hw/dma.xml is now different from the local copy.
		 The local copy will be replaced with the source specification and your workspace will be updated. 
08:59:05.793 INFO  - Copied contents of /root/260214/hw/dma.xml into /hw_platform_0/system.xml. 
08:59:05.807 INFO  - Copied contents of /root/260214/hw/dma_wrapper.bit into /hw_platform_0/dma_wrapper.bit. 
08:59:05.812 INFO  - Copied contents of /root/260214/hw/ps7_init.c into /hw_platform_0/ps7_init.c. 
08:59:05.813 INFO  - Copied contents of /root/260214/hw/ps7_init.h into /hw_platform_0/ps7_init.h. 
08:59:05.823 INFO  - Copied contents of /root/260214/hw/ps7_init.html into /hw_platform_0/ps7_init.html. 
08:59:05.824 INFO  - Copied contents of /root/260214/hw/ps7_summary.html into /hw_platform_0/ps7_summary.html. 
08:59:05.826 INFO  - Copied contents of /root/260214/hw/ps7_init.tcl into /hw_platform_0/ps7_init.tcl. 
08:59:06.789 INFO  - Synchronizing projects in the workspace with the hardware platform specification changes. 
08:59:30.829 INFO  - Updating hardware inferred compiler options for fsbl. 
08:59:30.840 INFO  - Clearing existing target manager status. 
08:59:34.248 INFO  - Copied contents of /root/260214/hw_platform_0/ps7_init.c into /fsbl/src/ps7_init.c. 
08:59:34.250 INFO  - Copied contents of /root/260214/hw_platform_0/ps7_init.h into /fsbl/src/ps7_init.h. 
08:59:34.259 INFO  - Copied contents of /root/260214/hw_platform_0/ps7_init.html into /fsbl/src/ps7_init.html. 
08:59:34.261 INFO  - Copied contents of /root/260214/hw_platform_0/ps7_summary.html into /fsbl/src/ps7_summary.html. 
08:59:34.263 INFO  - Copied contents of /root/260214/hw_platform_0/ps7_init.tcl into /fsbl/src/ps7_init.tcl. 
08:59:48.645 INFO  - Specified output file already exists 
08:59:49.900 INFO  - Invoking Bootgen:  
08:59:50.431 INFO  - Bootgen command execution is done. 
09:35:04.927 INFO  - Project hw_platform_0's source hardware specification located at /root/260214/hw/dma.xml is now different from the local copy.
		 The local copy will be replaced with the source specification and your workspace will be updated. 
09:35:06.649 INFO  - Copied contents of /root/260214/hw/dma.xml into /hw_platform_0/system.xml. 
09:35:06.659 INFO  - Copied contents of /root/260214/hw/dma_wrapper.bit into /hw_platform_0/dma_wrapper.bit. 
09:35:06.663 INFO  - Copied contents of /root/260214/hw/ps7_init.c into /hw_platform_0/ps7_init.c. 
09:35:06.665 INFO  - Copied contents of /root/260214/hw/ps7_init.h into /hw_platform_0/ps7_init.h. 
09:35:06.673 INFO  - Copied contents of /root/260214/hw/ps7_init.html into /hw_platform_0/ps7_init.html. 
09:35:06.675 INFO  - Copied contents of /root/260214/hw/ps7_summary.html into /hw_platform_0/ps7_summary.html. 
09:35:06.676 INFO  - Copied contents of /root/260214/hw/ps7_init.tcl into /hw_platform_0/ps7_init.tcl. 
09:35:07.241 INFO  - Synchronizing projects in the workspace with the hardware platform specification changes. 
09:35:27.672 INFO  - Updating hardware inferred compiler options for fsbl. 
09:35:27.683 INFO  - Clearing existing target manager status. 
09:35:31.036 INFO  - Copied contents of /root/260214/hw_platform_0/ps7_init.c into /fsbl/src/ps7_init.c. 
09:35:31.038 INFO  - Copied contents of /root/260214/hw_platform_0/ps7_init.h into /fsbl/src/ps7_init.h. 
09:35:31.045 INFO  - Copied contents of /root/260214/hw_platform_0/ps7_init.html into /fsbl/src/ps7_init.html. 
09:35:31.047 INFO  - Copied contents of /root/260214/hw_platform_0/ps7_summary.html into /fsbl/src/ps7_summary.html. 
09:35:31.048 INFO  - Copied contents of /root/260214/hw_platform_0/ps7_init.tcl into /fsbl/src/ps7_init.tcl. 
09:35:43.936 INFO  - Specified output file already exists 
09:35:45.129 INFO  - Invoking Bootgen:  
09:35:45.656 INFO  - Bootgen command execution is done. 
12:20:22.283 ERROR - Unexpected error while parsing XMD response ￿: com.google.gson.JsonSyntaxException: com.google.gson.stream.MalformedJsonException: invalid number or unquoted string near  
13:20:21.572 INFO  - Processing command line option -hwspec /root/260214/hw/dma.xml. 
13:20:22.176 INFO  - The hardware specification for project 'hw_platform_0' is different from /root/260214/hw/dma.xml. 
13:20:22.890 INFO  - Copied contents of /root/260214/hw/dma.xml into /hw_platform_0/system.xml. 
13:20:22.905 INFO  - Copied contents of /root/260214/hw/dma_wrapper.bit into /hw_platform_0/dma_wrapper.bit. 
13:20:22.912 INFO  - Copied contents of /root/260214/hw/ps7_init.c into /hw_platform_0/ps7_init.c. 
13:20:22.913 INFO  - Copied contents of /root/260214/hw/ps7_init.h into /hw_platform_0/ps7_init.h. 
13:20:22.922 INFO  - Copied contents of /root/260214/hw/ps7_init.html into /hw_platform_0/ps7_init.html. 
13:20:22.923 INFO  - Copied contents of /root/260214/hw/ps7_summary.html into /hw_platform_0/ps7_summary.html. 
13:20:22.925 INFO  - Copied contents of /root/260214/hw/ps7_init.tcl into /hw_platform_0/ps7_init.tcl. 
13:20:23.588 INFO  - Synchronizing projects in the workspace with the hardware platform specification changes. 
13:20:47.149 INFO  - Updating hardware inferred compiler options for fsbl. 
13:20:47.162 INFO  - Clearing existing target manager status. 
13:20:50.860 INFO  - Copied contents of /root/260214/hw_platform_0/ps7_init.c into /fsbl/src/ps7_init.c. 
13:20:50.869 INFO  - Copied contents of /root/260214/hw_platform_0/ps7_init.h into /fsbl/src/ps7_init.h. 
13:20:50.887 INFO  - Copied contents of /root/260214/hw_platform_0/ps7_init.html into /fsbl/src/ps7_init.html. 
13:20:50.900 INFO  - Copied contents of /root/260214/hw_platform_0/ps7_summary.html into /fsbl/src/ps7_summary.html. 
13:20:50.903 INFO  - Copied contents of /root/260214/hw_platform_0/ps7_init.tcl into /fsbl/src/ps7_init.tcl. 
13:21:15.462 INFO  - Specified output file already exists 
13:21:16.813 INFO  - Invoking Bootgen:  
13:21:17.411 INFO  - Bootgen command execution is done. 
09:06:43.718 INFO  - Project hw_platform_0's source hardware specification located at /root/260214/hw/dma.xml is now different from the local copy.
		 The local copy will be replaced with the source specification and your workspace will be updated. 
09:06:46.688 INFO  - Copied contents of /root/260214/hw/dma.xml into /hw_platform_0/system.xml. 
09:06:46.698 INFO  - Copied contents of /root/260214/hw/dma_wrapper.bit into /hw_platform_0/dma_wrapper.bit. 
09:06:46.703 INFO  - Copied contents of /root/260214/hw/ps7_init.c into /hw_platform_0/ps7_init.c. 
09:06:46.705 INFO  - Copied contents of /root/260214/hw/ps7_init.h into /hw_platform_0/ps7_init.h. 
09:06:46.713 INFO  - Copied contents of /root/260214/hw/ps7_init.html into /hw_platform_0/ps7_init.html. 
09:06:46.715 INFO  - Copied contents of /root/260214/hw/ps7_summary.html into /hw_platform_0/ps7_summary.html. 
09:06:46.716 INFO  - Copied contents of /root/260214/hw/ps7_init.tcl into /hw_platform_0/ps7_init.tcl. 
09:06:47.596 INFO  - Synchronizing projects in the workspace with the hardware platform specification changes. 
09:07:06.823 INFO  - Updating hardware inferred compiler options for fsbl. 
09:07:06.836 INFO  - Clearing existing target manager status. 
09:07:10.238 INFO  - Copied contents of /root/260214/hw_platform_0/ps7_init.c into /fsbl/src/ps7_init.c. 
09:07:10.241 INFO  - Copied contents of /root/260214/hw_platform_0/ps7_init.h into /fsbl/src/ps7_init.h. 
09:07:10.250 INFO  - Copied contents of /root/260214/hw_platform_0/ps7_init.html into /fsbl/src/ps7_init.html. 
09:07:10.256 INFO  - Copied contents of /root/260214/hw_platform_0/ps7_summary.html into /fsbl/src/ps7_summary.html. 
09:07:10.261 INFO  - Copied contents of /root/260214/hw_platform_0/ps7_init.tcl into /fsbl/src/ps7_init.tcl. 
09:07:43.796 INFO  - Specified output file already exists 
09:07:44.999 INFO  - Invoking Bootgen:  
09:07:45.521 INFO  - Bootgen command execution is done. 
13:32:57.131 INFO  - Processing command line option -hwspec /root/260214/hw/dma.xml. 
13:32:57.672 INFO  - The hardware specification for project 'hw_platform_0' is different from /root/260214/hw/dma.xml. 
13:33:02.490 INFO  - Project hw_platform_0's source hardware specification located at /root/260214/hw/dma.xml is now different from the local copy.
		 The local copy will be replaced with the source specification and your workspace will be updated. 
13:33:04.144 ERROR - Unable to save current hardware specification file in a temporary location. 
13:33:10.216 INFO  - Copied contents of /root/260214/hw/dma.xml into /hw_platform_0/system.xml. 
13:33:10.235 INFO  - Copied contents of /root/260214/hw/dma_wrapper.bit into /hw_platform_0/dma_wrapper.bit. 
13:33:10.242 INFO  - Copied contents of /root/260214/hw/ps7_init.c into /hw_platform_0/ps7_init.c. 
13:33:10.243 INFO  - Copied contents of /root/260214/hw/ps7_init.h into /hw_platform_0/ps7_init.h. 
13:33:10.250 INFO  - Copied contents of /root/260214/hw/ps7_init.html into /hw_platform_0/ps7_init.html. 
13:33:10.252 INFO  - Copied contents of /root/260214/hw/ps7_summary.html into /hw_platform_0/ps7_summary.html. 
13:33:10.253 INFO  - Copied contents of /root/260214/hw/ps7_init.tcl into /hw_platform_0/ps7_init.tcl. 
13:33:10.298 INFO  - Copied contents of /root/260214/hw/dma.xml into /hw_platform_0/system.xml. 
13:33:10.310 INFO  - Copied contents of /root/260214/hw/dma_wrapper.bit into /hw_platform_0/dma_wrapper.bit. 
13:35:24.374 INFO  - Specified output file already exists 
13:35:25.301 INFO  - Invoking Bootgen:  
13:35:25.860 INFO  - Bootgen command execution is done. 
12:46:12.525 INFO  - Processing command line option -hwspec /home/vladimir/260214/hw/dma.xml. 
12:46:12.746 INFO  - The hardware specification for project 'hw_platform_0' is different from /home/vladimir/260214/hw/dma.xml. 
12:46:13.259 INFO  - Copied contents of /home/vladimir/260214/hw/dma.xml into /hw_platform_0/system.xml. 
12:46:13.271 INFO  - Copied contents of /home/vladimir/260214/hw/dma_wrapper.bit into /hw_platform_0/dma_wrapper.bit. 
12:46:13.274 INFO  - Copied contents of /home/vladimir/260214/hw/ps7_init.c into /hw_platform_0/ps7_init.c. 
12:46:13.275 INFO  - Copied contents of /home/vladimir/260214/hw/ps7_init.h into /hw_platform_0/ps7_init.h. 
12:46:13.279 INFO  - Copied contents of /home/vladimir/260214/hw/ps7_init.html into /hw_platform_0/ps7_init.html. 
12:46:13.280 INFO  - Copied contents of /home/vladimir/260214/hw/ps7_summary.html into /hw_platform_0/ps7_summary.html. 
12:46:13.280 INFO  - Copied contents of /home/vladimir/260214/hw/ps7_init.tcl into /hw_platform_0/ps7_init.tcl. 
12:46:13.434 INFO  - Synchronizing projects in the workspace with the hardware platform specification changes. 
12:46:31.626 INFO  - Updating hardware inferred compiler options for fsbl. 
12:46:31.637 INFO  - Clearing existing target manager status. 
12:46:33.182 INFO  - Copied contents of /home/vladimir/260214/hw_platform_0/ps7_init.c into /fsbl/src/ps7_init.c. 
12:46:33.199 INFO  - Copied contents of /home/vladimir/260214/hw_platform_0/ps7_init.h into /fsbl/src/ps7_init.h. 
12:46:33.221 INFO  - Copied contents of /home/vladimir/260214/hw_platform_0/ps7_init.html into /fsbl/src/ps7_init.html. 
12:46:33.222 INFO  - Copied contents of /home/vladimir/260214/hw_platform_0/ps7_summary.html into /fsbl/src/ps7_summary.html. 
12:46:33.223 INFO  - Copied contents of /home/vladimir/260214/hw_platform_0/ps7_init.tcl into /fsbl/src/ps7_init.tcl. 
12:49:43.819 INFO  - Saving repository preferences. 
12:49:43.820 INFO  - Reading in cores from global repositories: 
		 /home/vladimir/PROJECT/XILINX 
12:49:43.831 INFO  - Updating libgen.options on all BSP projects. 
12:49:43.832 INFO  - Cleaning BSP projects in the workspace. 
12:49:44.460 INFO  - Saving repository preferences. 
12:51:19.077 INFO  - Specified output file already exists 
12:51:20.586 INFO  - Invoking Bootgen:  
12:51:21.112 INFO  - Bootgen command execution is done. 
13:49:34.146 INFO  - Project hw_platform_0's source hardware specification located at /home/vladimir/260214/hw/dma.xml is now different from the local copy.
		 The local copy will be replaced with the source specification and your workspace will be updated. 
13:49:36.557 INFO  - Copied contents of /home/vladimir/260214/hw/dma.xml into /hw_platform_0/system.xml. 
13:49:36.563 INFO  - Copied contents of /home/vladimir/260214/hw/dma_wrapper.bit into /hw_platform_0/dma_wrapper.bit. 
13:49:36.565 INFO  - Copied contents of /home/vladimir/260214/hw/ps7_init.c into /hw_platform_0/ps7_init.c. 
13:49:36.566 INFO  - Copied contents of /home/vladimir/260214/hw/ps7_init.h into /hw_platform_0/ps7_init.h. 
13:49:36.570 INFO  - Copied contents of /home/vladimir/260214/hw/ps7_init.html into /hw_platform_0/ps7_init.html. 
13:49:36.570 INFO  - Copied contents of /home/vladimir/260214/hw/ps7_summary.html into /hw_platform_0/ps7_summary.html. 
13:49:36.571 INFO  - Copied contents of /home/vladimir/260214/hw/ps7_init.tcl into /hw_platform_0/ps7_init.tcl. 
13:49:36.709 INFO  - Synchronizing projects in the workspace with the hardware platform specification changes. 
13:49:40.961 INFO  - Updating hardware inferred compiler options for fsbl. 
13:49:40.976 INFO  - Clearing existing target manager status. 
13:49:40.982 INFO  - Copied contents of /home/vladimir/260214/hw_platform_0/ps7_init.c into /fsbl/src/ps7_init.c. 
13:49:40.984 INFO  - Copied contents of /home/vladimir/260214/hw_platform_0/ps7_init.h into /fsbl/src/ps7_init.h. 
13:49:40.994 INFO  - Copied contents of /home/vladimir/260214/hw_platform_0/ps7_init.html into /fsbl/src/ps7_init.html. 
13:49:41.000 INFO  - Copied contents of /home/vladimir/260214/hw_platform_0/ps7_summary.html into /fsbl/src/ps7_summary.html. 
13:49:41.000 INFO  - Copied contents of /home/vladimir/260214/hw_platform_0/ps7_init.tcl into /fsbl/src/ps7_init.tcl. 
13:49:58.510 INFO  - Specified output file already exists 
13:50:00.098 INFO  - Invoking Bootgen:  
13:50:00.613 INFO  - Bootgen command execution is done. 
14:11:19.790 INFO  - Project hw_platform_0's source hardware specification located at /home/vladimir/260214/hw/dma.xml is now different from the local copy.
		 The local copy will be replaced with the source specification and your workspace will be updated. 
14:11:21.316 INFO  - Copied contents of /home/vladimir/260214/hw/dma.xml into /hw_platform_0/system.xml. 
14:11:21.323 INFO  - Copied contents of /home/vladimir/260214/hw/dma_wrapper.bit into /hw_platform_0/dma_wrapper.bit. 
14:11:21.325 INFO  - Copied contents of /home/vladimir/260214/hw/ps7_init.c into /hw_platform_0/ps7_init.c. 
14:11:21.326 INFO  - Copied contents of /home/vladimir/260214/hw/ps7_init.h into /hw_platform_0/ps7_init.h. 
14:11:21.329 INFO  - Copied contents of /home/vladimir/260214/hw/ps7_init.html into /hw_platform_0/ps7_init.html. 
14:11:21.330 INFO  - Copied contents of /home/vladimir/260214/hw/ps7_summary.html into /hw_platform_0/ps7_summary.html. 
14:11:21.330 INFO  - Copied contents of /home/vladimir/260214/hw/ps7_init.tcl into /hw_platform_0/ps7_init.tcl. 
14:11:21.472 INFO  - Synchronizing projects in the workspace with the hardware platform specification changes. 
14:11:37.103 INFO  - Updating hardware inferred compiler options for fsbl. 
14:11:37.114 INFO  - Clearing existing target manager status. 
14:11:38.637 INFO  - Copied contents of /home/vladimir/260214/hw_platform_0/ps7_init.c into /fsbl/src/ps7_init.c. 
14:11:38.643 INFO  - Copied contents of /home/vladimir/260214/hw_platform_0/ps7_init.h into /fsbl/src/ps7_init.h. 
14:11:38.661 INFO  - Copied contents of /home/vladimir/260214/hw_platform_0/ps7_init.html into /fsbl/src/ps7_init.html. 
14:11:38.663 INFO  - Copied contents of /home/vladimir/260214/hw_platform_0/ps7_summary.html into /fsbl/src/ps7_summary.html. 
14:11:38.664 INFO  - Copied contents of /home/vladimir/260214/hw_platform_0/ps7_init.tcl into /fsbl/src/ps7_init.tcl. 
14:12:00.212 INFO  - Specified output file already exists 
14:12:01.182 INFO  - Invoking Bootgen:  
14:12:01.700 INFO  - Bootgen command execution is done. 
14:13:10.673 ERROR - Unexpected error while parsing XMD response ￿: com.google.gson.JsonSyntaxException: com.google.gson.stream.MalformedJsonException: invalid number or unquoted string near  
17:05:54.375 INFO  - Processing command line option -hwspec /home/vladimir/260214/hw/dma.xml. 
17:05:54.653 INFO  - The hardware specification for project 'hw_platform_0' is different from /home/vladimir/260214/hw/dma.xml. 
17:05:59.527 INFO  - Project hw_platform_0's source hardware specification located at /home/vladimir/260214/hw/dma.xml is now different from the local copy.
		 The local copy will be replaced with the source specification and your workspace will be updated. 
17:06:00.923 ERROR - Unable to save current hardware specification file in a temporary location. 
17:06:05.635 INFO  - Copied contents of /home/vladimir/260214/hw/dma.xml into /hw_platform_0/system.xml. 
17:06:05.645 INFO  - Copied contents of /home/vladimir/260214/hw/dma_wrapper.bit into /hw_platform_0/dma_wrapper.bit. 
17:06:05.649 INFO  - Copied contents of /home/vladimir/260214/hw/ps7_init.c into /hw_platform_0/ps7_init.c. 
17:06:05.650 INFO  - Copied contents of /home/vladimir/260214/hw/ps7_init.h into /hw_platform_0/ps7_init.h. 
17:06:05.654 INFO  - Copied contents of /home/vladimir/260214/hw/ps7_init.html into /hw_platform_0/ps7_init.html. 
17:06:05.655 INFO  - Copied contents of /home/vladimir/260214/hw/ps7_summary.html into /hw_platform_0/ps7_summary.html. 
17:06:05.655 INFO  - Copied contents of /home/vladimir/260214/hw/ps7_init.tcl into /hw_platform_0/ps7_init.tcl. 
17:06:05.716 INFO  - Copied contents of /home/vladimir/260214/hw/dma.xml into /hw_platform_0/system.xml. 
17:06:05.721 INFO  - Copied contents of /home/vladimir/260214/hw/dma_wrapper.bit into /hw_platform_0/dma_wrapper.bit. 
17:06:47.268 INFO  - Specified output file already exists 
17:06:48.271 INFO  - Invoking Bootgen:  
17:06:48.800 INFO  - Bootgen command execution is done. 
17:43:49.771 INFO  - Project hw_platform_0's source hardware specification located at /home/vladimir/260214/hw/dma.xml is now different from the local copy.
		 The local copy will be replaced with the source specification and your workspace will be updated. 
17:43:54.213 INFO  - Copied contents of /home/vladimir/260214/hw/dma.xml into /hw_platform_0/system.xml. 
17:43:54.219 INFO  - Copied contents of /home/vladimir/260214/hw/dma_wrapper.bit into /hw_platform_0/dma_wrapper.bit. 
17:43:54.222 INFO  - Copied contents of /home/vladimir/260214/hw/ps7_init.c into /hw_platform_0/ps7_init.c. 
17:43:54.222 INFO  - Copied contents of /home/vladimir/260214/hw/ps7_init.h into /hw_platform_0/ps7_init.h. 
17:43:54.226 INFO  - Copied contents of /home/vladimir/260214/hw/ps7_init.html into /hw_platform_0/ps7_init.html. 
17:43:54.227 INFO  - Copied contents of /home/vladimir/260214/hw/ps7_summary.html into /hw_platform_0/ps7_summary.html. 
17:43:54.227 INFO  - Copied contents of /home/vladimir/260214/hw/ps7_init.tcl into /hw_platform_0/ps7_init.tcl. 
17:43:54.389 INFO  - Synchronizing projects in the workspace with the hardware platform specification changes. 
17:43:58.587 INFO  - Updating hardware inferred compiler options for fsbl. 
17:43:58.595 INFO  - Clearing existing target manager status. 
17:44:00.184 INFO  - Copied contents of /home/vladimir/260214/hw_platform_0/ps7_init.c into /fsbl/src/ps7_init.c. 
17:44:00.186 INFO  - Copied contents of /home/vladimir/260214/hw_platform_0/ps7_init.h into /fsbl/src/ps7_init.h. 
17:44:00.194 INFO  - Copied contents of /home/vladimir/260214/hw_platform_0/ps7_init.html into /fsbl/src/ps7_init.html. 
17:44:00.195 INFO  - Copied contents of /home/vladimir/260214/hw_platform_0/ps7_summary.html into /fsbl/src/ps7_summary.html. 
17:44:00.197 INFO  - Copied contents of /home/vladimir/260214/hw_platform_0/ps7_init.tcl into /fsbl/src/ps7_init.tcl. 
17:44:18.776 INFO  - Specified output file already exists 
17:44:19.849 INFO  - Invoking Bootgen:  
17:44:20.364 INFO  - Bootgen command execution is done. 
08:54:23.889 INFO  - Project hw_platform_0's source hardware specification located at /home/vladimir/260214/hw/dma.xml is now different from the local copy.
		 The local copy will be replaced with the source specification and your workspace will be updated. 
08:54:26.010 INFO  - Copied contents of /home/vladimir/260214/hw/dma.xml into /hw_platform_0/system.xml. 
08:54:26.016 INFO  - Copied contents of /home/vladimir/260214/hw/dma_wrapper.bit into /hw_platform_0/dma_wrapper.bit. 
08:54:26.019 INFO  - Copied contents of /home/vladimir/260214/hw/ps7_init.c into /hw_platform_0/ps7_init.c. 
08:54:26.019 INFO  - Copied contents of /home/vladimir/260214/hw/ps7_init.h into /hw_platform_0/ps7_init.h. 
08:54:26.024 INFO  - Copied contents of /home/vladimir/260214/hw/ps7_init.html into /hw_platform_0/ps7_init.html. 
08:54:26.024 INFO  - Copied contents of /home/vladimir/260214/hw/ps7_summary.html into /hw_platform_0/ps7_summary.html. 
08:54:26.025 INFO  - Copied contents of /home/vladimir/260214/hw/ps7_init.tcl into /hw_platform_0/ps7_init.tcl. 
08:54:26.378 INFO  - Synchronizing projects in the workspace with the hardware platform specification changes. 
08:54:42.147 INFO  - Updating hardware inferred compiler options for fsbl. 
08:54:42.158 INFO  - Clearing existing target manager status. 
08:54:43.858 INFO  - Copied contents of /home/vladimir/260214/hw_platform_0/ps7_init.c into /fsbl/src/ps7_init.c. 
08:54:43.860 INFO  - Copied contents of /home/vladimir/260214/hw_platform_0/ps7_init.h into /fsbl/src/ps7_init.h. 
08:54:43.866 INFO  - Copied contents of /home/vladimir/260214/hw_platform_0/ps7_init.html into /fsbl/src/ps7_init.html. 
08:54:43.867 INFO  - Copied contents of /home/vladimir/260214/hw_platform_0/ps7_summary.html into /fsbl/src/ps7_summary.html. 
08:54:43.868 INFO  - Copied contents of /home/vladimir/260214/hw_platform_0/ps7_init.tcl into /fsbl/src/ps7_init.tcl. 
08:55:05.469 INFO  - Specified output file already exists 
08:55:06.678 INFO  - Invoking Bootgen:  
08:55:07.196 INFO  - Bootgen command execution is done. 
09:37:37.564 INFO  - Project hw_platform_0's source hardware specification located at /home/vladimir/260214/hw/dma.xml is now different from the local copy.
		 The local copy will be replaced with the source specification and your workspace will be updated. 
09:37:39.128 INFO  - Copied contents of /home/vladimir/260214/hw/dma.xml into /hw_platform_0/system.xml. 
09:37:39.134 INFO  - Copied contents of /home/vladimir/260214/hw/dma_wrapper.bit into /hw_platform_0/dma_wrapper.bit. 
09:37:39.137 INFO  - Copied contents of /home/vladimir/260214/hw/ps7_init.c into /hw_platform_0/ps7_init.c. 
09:37:39.137 INFO  - Copied contents of /home/vladimir/260214/hw/ps7_init.h into /hw_platform_0/ps7_init.h. 
09:37:39.141 INFO  - Copied contents of /home/vladimir/260214/hw/ps7_init.html into /hw_platform_0/ps7_init.html. 
09:37:39.142 INFO  - Copied contents of /home/vladimir/260214/hw/ps7_summary.html into /hw_platform_0/ps7_summary.html. 
09:37:39.142 INFO  - Copied contents of /home/vladimir/260214/hw/ps7_init.tcl into /hw_platform_0/ps7_init.tcl. 
09:37:39.351 INFO  - Synchronizing projects in the workspace with the hardware platform specification changes. 
09:37:54.514 INFO  - Updating hardware inferred compiler options for fsbl. 
09:37:54.533 INFO  - Clearing existing target manager status. 
09:37:56.112 INFO  - Copied contents of /home/vladimir/260214/hw_platform_0/ps7_init.c into /fsbl/src/ps7_init.c. 
09:37:56.120 INFO  - Copied contents of /home/vladimir/260214/hw_platform_0/ps7_init.h into /fsbl/src/ps7_init.h. 
09:37:56.129 INFO  - Copied contents of /home/vladimir/260214/hw_platform_0/ps7_init.html into /fsbl/src/ps7_init.html. 
09:37:56.131 INFO  - Copied contents of /home/vladimir/260214/hw_platform_0/ps7_summary.html into /fsbl/src/ps7_summary.html. 
09:37:56.135 INFO  - Copied contents of /home/vladimir/260214/hw_platform_0/ps7_init.tcl into /fsbl/src/ps7_init.tcl. 
09:38:10.008 INFO  - Specified output file already exists 
09:38:11.070 INFO  - Invoking Bootgen:  
09:38:11.596 INFO  - Bootgen command execution is done. 
10:05:24.140 INFO  - Project hw_platform_0's source hardware specification located at /home/vladimir/260214/hw/dma.xml is now different from the local copy.
		 The local copy will be replaced with the source specification and your workspace will be updated. 
10:05:26.745 INFO  - Copied contents of /home/vladimir/260214/hw/dma.xml into /hw_platform_0/system.xml. 
10:05:26.751 INFO  - Copied contents of /home/vladimir/260214/hw/dma_wrapper.bit into /hw_platform_0/dma_wrapper.bit. 
10:05:26.753 INFO  - Copied contents of /home/vladimir/260214/hw/ps7_init.c into /hw_platform_0/ps7_init.c. 
10:05:26.754 INFO  - Copied contents of /home/vladimir/260214/hw/ps7_init.h into /hw_platform_0/ps7_init.h. 
10:05:26.758 INFO  - Copied contents of /home/vladimir/260214/hw/ps7_init.html into /hw_platform_0/ps7_init.html. 
10:05:26.758 INFO  - Copied contents of /home/vladimir/260214/hw/ps7_summary.html into /hw_platform_0/ps7_summary.html. 
10:05:26.759 INFO  - Copied contents of /home/vladimir/260214/hw/ps7_init.tcl into /hw_platform_0/ps7_init.tcl. 
10:05:26.935 INFO  - Synchronizing projects in the workspace with the hardware platform specification changes. 
10:05:42.105 INFO  - Updating hardware inferred compiler options for fsbl. 
10:05:42.114 INFO  - Clearing existing target manager status. 
10:05:43.759 INFO  - Copied contents of /home/vladimir/260214/hw_platform_0/ps7_init.c into /fsbl/src/ps7_init.c. 
10:05:43.763 INFO  - Copied contents of /home/vladimir/260214/hw_platform_0/ps7_init.h into /fsbl/src/ps7_init.h. 
10:05:43.771 INFO  - Copied contents of /home/vladimir/260214/hw_platform_0/ps7_init.html into /fsbl/src/ps7_init.html. 
10:05:43.773 INFO  - Copied contents of /home/vladimir/260214/hw_platform_0/ps7_summary.html into /fsbl/src/ps7_summary.html. 
10:05:43.774 INFO  - Copied contents of /home/vladimir/260214/hw_platform_0/ps7_init.tcl into /fsbl/src/ps7_init.tcl. 
10:10:26.840 INFO  - Specified output file already exists 
10:10:27.992 INFO  - Invoking Bootgen:  
10:10:28.507 INFO  - Bootgen command execution is done. 
10:27:48.270 INFO  - Project hw_platform_0's source hardware specification located at /home/vladimir/260214/hw/dma.xml is now different from the local copy.
		 The local copy will be replaced with the source specification and your workspace will be updated. 
10:27:50.000 INFO  - Copied contents of /home/vladimir/260214/hw/dma.xml into /hw_platform_0/system.xml. 
10:27:50.006 INFO  - Copied contents of /home/vladimir/260214/hw/dma_wrapper.bit into /hw_platform_0/dma_wrapper.bit. 
10:27:50.009 INFO  - Copied contents of /home/vladimir/260214/hw/ps7_init.c into /hw_platform_0/ps7_init.c. 
10:27:50.010 INFO  - Copied contents of /home/vladimir/260214/hw/ps7_init.h into /hw_platform_0/ps7_init.h. 
10:27:50.014 INFO  - Copied contents of /home/vladimir/260214/hw/ps7_init.html into /hw_platform_0/ps7_init.html. 
10:27:50.015 INFO  - Copied contents of /home/vladimir/260214/hw/ps7_summary.html into /hw_platform_0/ps7_summary.html. 
10:27:50.015 INFO  - Copied contents of /home/vladimir/260214/hw/ps7_init.tcl into /hw_platform_0/ps7_init.tcl. 
10:27:50.169 INFO  - Synchronizing projects in the workspace with the hardware platform specification changes. 
10:28:05.096 INFO  - Updating hardware inferred compiler options for fsbl. 
10:28:05.111 INFO  - Clearing existing target manager status. 
10:28:06.727 INFO  - Copied contents of /home/vladimir/260214/hw_platform_0/ps7_init.c into /fsbl/src/ps7_init.c. 
10:28:06.729 INFO  - Copied contents of /home/vladimir/260214/hw_platform_0/ps7_init.h into /fsbl/src/ps7_init.h. 
10:28:06.743 INFO  - Copied contents of /home/vladimir/260214/hw_platform_0/ps7_init.html into /fsbl/src/ps7_init.html. 
10:28:06.745 INFO  - Copied contents of /home/vladimir/260214/hw_platform_0/ps7_summary.html into /fsbl/src/ps7_summary.html. 
10:28:06.747 INFO  - Copied contents of /home/vladimir/260214/hw_platform_0/ps7_init.tcl into /fsbl/src/ps7_init.tcl. 
10:28:24.026 INFO  - Specified output file already exists 
10:28:24.921 INFO  - Invoking Bootgen:  
10:28:25.440 INFO  - Bootgen command execution is done. 
11:26:09.624 INFO  - Project hw_platform_0's source hardware specification located at /home/vladimir/260214/hw/dma.xml is now different from the local copy.
		 The local copy will be replaced with the source specification and your workspace will be updated. 
11:26:36.597 INFO  - Copied contents of /home/vladimir/260214/hw/dma.xml into /hw_platform_0/system.xml. 
11:26:36.603 INFO  - Copied contents of /home/vladimir/260214/hw/dma_wrapper.bit into /hw_platform_0/dma_wrapper.bit. 
11:26:36.606 INFO  - Copied contents of /home/vladimir/260214/hw/ps7_init.c into /hw_platform_0/ps7_init.c. 
11:26:36.607 INFO  - Copied contents of /home/vladimir/260214/hw/ps7_init.h into /hw_platform_0/ps7_init.h. 
11:26:36.611 INFO  - Copied contents of /home/vladimir/260214/hw/ps7_init.html into /hw_platform_0/ps7_init.html. 
11:26:36.611 INFO  - Copied contents of /home/vladimir/260214/hw/ps7_summary.html into /hw_platform_0/ps7_summary.html. 
11:26:36.612 INFO  - Copied contents of /home/vladimir/260214/hw/ps7_init.tcl into /hw_platform_0/ps7_init.tcl. 
11:26:36.749 INFO  - Synchronizing projects in the workspace with the hardware platform specification changes. 
11:26:52.313 INFO  - Updating hardware inferred compiler options for fsbl. 
11:26:52.323 INFO  - Clearing existing target manager status. 
11:26:53.913 INFO  - Copied contents of /home/vladimir/260214/hw_platform_0/ps7_init.c into /fsbl/src/ps7_init.c. 
11:26:53.915 INFO  - Copied contents of /home/vladimir/260214/hw_platform_0/ps7_init.h into /fsbl/src/ps7_init.h. 
11:26:53.919 INFO  - Copied contents of /home/vladimir/260214/hw_platform_0/ps7_init.html into /fsbl/src/ps7_init.html. 
11:26:53.920 INFO  - Copied contents of /home/vladimir/260214/hw_platform_0/ps7_summary.html into /fsbl/src/ps7_summary.html. 
11:26:53.921 INFO  - Copied contents of /home/vladimir/260214/hw_platform_0/ps7_init.tcl into /fsbl/src/ps7_init.tcl. 
11:27:45.712 INFO  - Specified output file already exists 
11:27:46.856 INFO  - Invoking Bootgen:  
11:27:47.372 INFO  - Bootgen command execution is done. 
16:12:52.452 INFO  - Project hw_platform_0's source hardware specification located at /home/vladimir/260214/hw/dma.xml is now different from the local copy.
		 The local copy will be replaced with the source specification and your workspace will be updated. 
16:12:53.732 INFO  - Copied contents of /home/vladimir/260214/hw/dma.xml into /hw_platform_0/system.xml. 
16:12:53.737 INFO  - Copied contents of /home/vladimir/260214/hw/dma_wrapper.bit into /hw_platform_0/dma_wrapper.bit. 
16:12:53.740 INFO  - Copied contents of /home/vladimir/260214/hw/ps7_init.c into /hw_platform_0/ps7_init.c. 
16:12:53.741 INFO  - Copied contents of /home/vladimir/260214/hw/ps7_init.h into /hw_platform_0/ps7_init.h. 
16:12:53.745 INFO  - Copied contents of /home/vladimir/260214/hw/ps7_init.html into /hw_platform_0/ps7_init.html. 
16:12:53.745 INFO  - Copied contents of /home/vladimir/260214/hw/ps7_summary.html into /hw_platform_0/ps7_summary.html. 
16:12:53.746 INFO  - Copied contents of /home/vladimir/260214/hw/ps7_init.tcl into /hw_platform_0/ps7_init.tcl. 
16:12:53.892 INFO  - Synchronizing projects in the workspace with the hardware platform specification changes. 
16:13:09.425 INFO  - Updating hardware inferred compiler options for fsbl. 
16:13:09.436 INFO  - Clearing existing target manager status. 
16:13:10.984 INFO  - Copied contents of /home/vladimir/260214/hw_platform_0/ps7_init.c into /fsbl/src/ps7_init.c. 
16:13:10.985 INFO  - Copied contents of /home/vladimir/260214/hw_platform_0/ps7_init.h into /fsbl/src/ps7_init.h. 
16:13:10.993 INFO  - Copied contents of /home/vladimir/260214/hw_platform_0/ps7_init.html into /fsbl/src/ps7_init.html. 
16:13:10.995 INFO  - Copied contents of /home/vladimir/260214/hw_platform_0/ps7_summary.html into /fsbl/src/ps7_summary.html. 
16:13:10.996 INFO  - Copied contents of /home/vladimir/260214/hw_platform_0/ps7_init.tcl into /fsbl/src/ps7_init.tcl. 
16:13:23.308 INFO  - Specified output file already exists 
16:13:25.068 INFO  - Invoking Bootgen:  
16:13:25.587 INFO  - Bootgen command execution is done. 
16:42:49.683 INFO  - Project hw_platform_0's source hardware specification located at /home/vladimir/260214/hw/dma.xml is now different from the local copy.
		 The local copy will be replaced with the source specification and your workspace will be updated. 
16:42:51.170 INFO  - Copied contents of /home/vladimir/260214/hw/dma.xml into /hw_platform_0/system.xml. 
16:42:51.176 INFO  - Copied contents of /home/vladimir/260214/hw/dma_wrapper.bit into /hw_platform_0/dma_wrapper.bit. 
16:42:51.178 INFO  - Copied contents of /home/vladimir/260214/hw/ps7_init.c into /hw_platform_0/ps7_init.c. 
16:42:51.179 INFO  - Copied contents of /home/vladimir/260214/hw/ps7_init.h into /hw_platform_0/ps7_init.h. 
16:42:51.182 INFO  - Copied contents of /home/vladimir/260214/hw/ps7_init.html into /hw_platform_0/ps7_init.html. 
16:42:51.183 INFO  - Copied contents of /home/vladimir/260214/hw/ps7_summary.html into /hw_platform_0/ps7_summary.html. 
16:42:51.183 INFO  - Copied contents of /home/vladimir/260214/hw/ps7_init.tcl into /hw_platform_0/ps7_init.tcl. 
16:42:51.322 INFO  - Synchronizing projects in the workspace with the hardware platform specification changes. 
16:43:06.437 INFO  - Updating hardware inferred compiler options for fsbl. 
16:43:06.452 INFO  - Clearing existing target manager status. 
16:43:07.992 INFO  - Copied contents of /home/vladimir/260214/hw_platform_0/ps7_init.c into /fsbl/src/ps7_init.c. 
16:43:07.993 INFO  - Copied contents of /home/vladimir/260214/hw_platform_0/ps7_init.h into /fsbl/src/ps7_init.h. 
16:43:07.998 INFO  - Copied contents of /home/vladimir/260214/hw_platform_0/ps7_init.html into /fsbl/src/ps7_init.html. 
16:43:07.999 INFO  - Copied contents of /home/vladimir/260214/hw_platform_0/ps7_summary.html into /fsbl/src/ps7_summary.html. 
16:43:08.000 INFO  - Copied contents of /home/vladimir/260214/hw_platform_0/ps7_init.tcl into /fsbl/src/ps7_init.tcl. 
16:43:27.360 INFO  - Specified output file already exists 
16:43:28.641 INFO  - Invoking Bootgen:  
16:43:29.157 INFO  - Bootgen command execution is done. 
10:57:14.103 INFO  - Project hw_platform_0's source hardware specification located at /home/vladimir/260214/hw/dma.xml is now different from the local copy.
		 The local copy will be replaced with the source specification and your workspace will be updated. 
10:57:19.489 INFO  - Copied contents of /home/vladimir/260214/hw/dma.xml into /hw_platform_0/system.xml. 
10:57:19.494 INFO  - Copied contents of /home/vladimir/260214/hw/dma_wrapper.bit into /hw_platform_0/dma_wrapper.bit. 
10:57:19.497 INFO  - Copied contents of /home/vladimir/260214/hw/ps7_init.c into /hw_platform_0/ps7_init.c. 
10:57:19.498 INFO  - Copied contents of /home/vladimir/260214/hw/ps7_init.h into /hw_platform_0/ps7_init.h. 
10:57:19.501 INFO  - Copied contents of /home/vladimir/260214/hw/ps7_init.html into /hw_platform_0/ps7_init.html. 
10:57:19.502 INFO  - Copied contents of /home/vladimir/260214/hw/ps7_summary.html into /hw_platform_0/ps7_summary.html. 
10:57:19.502 INFO  - Copied contents of /home/vladimir/260214/hw/ps7_init.tcl into /hw_platform_0/ps7_init.tcl. 
10:57:19.641 INFO  - Synchronizing projects in the workspace with the hardware platform specification changes. 
10:57:34.755 INFO  - Updating hardware inferred compiler options for fsbl. 
10:57:34.765 INFO  - Clearing existing target manager status. 
10:57:36.316 INFO  - Copied contents of /home/vladimir/260214/hw_platform_0/ps7_init.c into /fsbl/src/ps7_init.c. 
10:57:36.321 INFO  - Copied contents of /home/vladimir/260214/hw_platform_0/ps7_init.h into /fsbl/src/ps7_init.h. 
10:57:36.327 INFO  - Copied contents of /home/vladimir/260214/hw_platform_0/ps7_init.html into /fsbl/src/ps7_init.html. 
10:57:36.329 INFO  - Copied contents of /home/vladimir/260214/hw_platform_0/ps7_summary.html into /fsbl/src/ps7_summary.html. 
10:57:36.331 INFO  - Copied contents of /home/vladimir/260214/hw_platform_0/ps7_init.tcl into /fsbl/src/ps7_init.tcl. 
10:58:34.201 INFO  - Specified output file already exists 
10:58:35.689 INFO  - Invoking Bootgen:  
10:58:36.216 INFO  - Bootgen command execution is done. 
12:04:16.315 INFO  - Project hw_platform_0's source hardware specification located at /home/vladimir/260214/hw/dma.xml is now different from the local copy.
		 The local copy will be replaced with the source specification and your workspace will be updated. 
12:04:36.173 INFO  - Copied contents of /home/vladimir/260214/hw/dma.xml into /hw_platform_0/system.xml. 
12:04:36.178 INFO  - Copied contents of /home/vladimir/260214/hw/dma_wrapper.bit into /hw_platform_0/dma_wrapper.bit. 
12:04:36.181 INFO  - Copied contents of /home/vladimir/260214/hw/ps7_init.c into /hw_platform_0/ps7_init.c. 
12:04:36.181 INFO  - Copied contents of /home/vladimir/260214/hw/ps7_init.h into /hw_platform_0/ps7_init.h. 
12:04:36.185 INFO  - Copied contents of /home/vladimir/260214/hw/ps7_init.html into /hw_platform_0/ps7_init.html. 
12:04:36.185 INFO  - Copied contents of /home/vladimir/260214/hw/ps7_summary.html into /hw_platform_0/ps7_summary.html. 
12:04:36.186 INFO  - Copied contents of /home/vladimir/260214/hw/ps7_init.tcl into /hw_platform_0/ps7_init.tcl. 
12:04:36.325 INFO  - Synchronizing projects in the workspace with the hardware platform specification changes. 
12:04:51.664 INFO  - Updating hardware inferred compiler options for fsbl. 
12:04:51.677 INFO  - Clearing existing target manager status. 
12:04:53.395 INFO  - Copied contents of /home/vladimir/260214/hw_platform_0/ps7_init.c into /fsbl/src/ps7_init.c. 
12:04:53.396 INFO  - Copied contents of /home/vladimir/260214/hw_platform_0/ps7_init.h into /fsbl/src/ps7_init.h. 
12:04:53.401 INFO  - Copied contents of /home/vladimir/260214/hw_platform_0/ps7_init.html into /fsbl/src/ps7_init.html. 
12:04:53.402 INFO  - Copied contents of /home/vladimir/260214/hw_platform_0/ps7_summary.html into /fsbl/src/ps7_summary.html. 
12:04:53.403 INFO  - Copied contents of /home/vladimir/260214/hw_platform_0/ps7_init.tcl into /fsbl/src/ps7_init.tcl. 
12:05:49.910 INFO  - Specified output file already exists 
12:05:51.687 INFO  - Invoking Bootgen:  
12:05:52.208 INFO  - Bootgen command execution is done. 
12:53:50.282 INFO  - Project hw_platform_0's source hardware specification located at /home/vladimir/260214/hw/dma.xml is now different from the local copy.
		 The local copy will be replaced with the source specification and your workspace will be updated. 
12:53:52.629 INFO  - Copied contents of /home/vladimir/260214/hw/dma.xml into /hw_platform_0/system.xml. 
12:53:52.634 INFO  - Copied contents of /home/vladimir/260214/hw/dma_wrapper.bit into /hw_platform_0/dma_wrapper.bit. 
12:53:52.637 INFO  - Copied contents of /home/vladimir/260214/hw/ps7_init.c into /hw_platform_0/ps7_init.c. 
12:53:52.637 INFO  - Copied contents of /home/vladimir/260214/hw/ps7_init.h into /hw_platform_0/ps7_init.h. 
12:53:52.641 INFO  - Copied contents of /home/vladimir/260214/hw/ps7_init.html into /hw_platform_0/ps7_init.html. 
12:53:52.642 INFO  - Copied contents of /home/vladimir/260214/hw/ps7_summary.html into /hw_platform_0/ps7_summary.html. 
12:53:52.642 INFO  - Copied contents of /home/vladimir/260214/hw/ps7_init.tcl into /hw_platform_0/ps7_init.tcl. 
12:53:52.816 INFO  - Synchronizing projects in the workspace with the hardware platform specification changes. 
12:54:07.872 INFO  - Updating hardware inferred compiler options for fsbl. 
12:54:07.883 INFO  - Clearing existing target manager status. 
12:54:09.510 INFO  - Copied contents of /home/vladimir/260214/hw_platform_0/ps7_init.c into /fsbl/src/ps7_init.c. 
12:54:09.512 INFO  - Copied contents of /home/vladimir/260214/hw_platform_0/ps7_init.h into /fsbl/src/ps7_init.h. 
12:54:09.516 INFO  - Copied contents of /home/vladimir/260214/hw_platform_0/ps7_init.html into /fsbl/src/ps7_init.html. 
12:54:09.517 INFO  - Copied contents of /home/vladimir/260214/hw_platform_0/ps7_summary.html into /fsbl/src/ps7_summary.html. 
12:54:09.519 INFO  - Copied contents of /home/vladimir/260214/hw_platform_0/ps7_init.tcl into /fsbl/src/ps7_init.tcl. 
12:54:50.288 INFO  - Specified output file already exists 
12:54:51.146 INFO  - Invoking Bootgen:  
12:54:51.668 INFO  - Bootgen command execution is done. 
14:21:12.936 INFO  - Project hw_platform_0's source hardware specification located at /home/vladimir/260214/hw/dma.xml is now different from the local copy.
		 The local copy will be replaced with the source specification and your workspace will be updated. 
14:27:43.001 INFO  - Copied contents of /home/vladimir/260214/hw/dma.xml into /hw_platform_0/system.xml. 
14:27:43.006 INFO  - Copied contents of /home/vladimir/260214/hw/dma_wrapper.bit into /hw_platform_0/dma_wrapper.bit. 
14:27:43.009 INFO  - Copied contents of /home/vladimir/260214/hw/ps7_init.c into /hw_platform_0/ps7_init.c. 
14:27:43.010 INFO  - Copied contents of /home/vladimir/260214/hw/ps7_init.h into /hw_platform_0/ps7_init.h. 
14:27:43.013 INFO  - Copied contents of /home/vladimir/260214/hw/ps7_init.html into /hw_platform_0/ps7_init.html. 
14:27:43.014 INFO  - Copied contents of /home/vladimir/260214/hw/ps7_summary.html into /hw_platform_0/ps7_summary.html. 
14:27:43.014 INFO  - Copied contents of /home/vladimir/260214/hw/ps7_init.tcl into /hw_platform_0/ps7_init.tcl. 
14:27:43.153 INFO  - Synchronizing projects in the workspace with the hardware platform specification changes. 
14:27:58.248 INFO  - Updating hardware inferred compiler options for fsbl. 
14:27:58.258 INFO  - Clearing existing target manager status. 
14:27:59.868 INFO  - Copied contents of /home/vladimir/260214/hw_platform_0/ps7_init.c into /fsbl/src/ps7_init.c. 
14:27:59.869 INFO  - Copied contents of /home/vladimir/260214/hw_platform_0/ps7_init.h into /fsbl/src/ps7_init.h. 
14:27:59.874 INFO  - Copied contents of /home/vladimir/260214/hw_platform_0/ps7_init.html into /fsbl/src/ps7_init.html. 
14:27:59.875 INFO  - Copied contents of /home/vladimir/260214/hw_platform_0/ps7_summary.html into /fsbl/src/ps7_summary.html. 
14:27:59.876 INFO  - Copied contents of /home/vladimir/260214/hw_platform_0/ps7_init.tcl into /fsbl/src/ps7_init.tcl. 
14:30:36.503 INFO  - Specified output file already exists 
14:30:37.739 INFO  - Invoking Bootgen:  
14:30:38.269 INFO  - Bootgen command execution is done. 
14:33:47.105 INFO  - Specified output file already exists 
14:33:48.394 INFO  - Invoking Bootgen:  
14:33:48.919 INFO  - Bootgen command execution is done. 
14:34:00.876 INFO  - Specified output file already exists 
14:34:02.178 INFO  - Invoking Bootgen:  
14:34:02.723 INFO  - Bootgen command execution is done. 
15:05:04.073 INFO  - Project hw_platform_0's source hardware specification located at /home/vladimir/260214/hw/dma.xml is now different from the local copy.
		 The local copy will be replaced with the source specification and your workspace will be updated. 
15:05:08.544 INFO  - Copied contents of /home/vladimir/260214/hw/dma.xml into /hw_platform_0/system.xml. 
15:05:08.549 INFO  - Copied contents of /home/vladimir/260214/hw/dma_wrapper.bit into /hw_platform_0/dma_wrapper.bit. 
15:05:08.552 INFO  - Copied contents of /home/vladimir/260214/hw/ps7_init.c into /hw_platform_0/ps7_init.c. 
15:05:08.552 INFO  - Copied contents of /home/vladimir/260214/hw/ps7_init.h into /hw_platform_0/ps7_init.h. 
15:05:08.556 INFO  - Copied contents of /home/vladimir/260214/hw/ps7_init.html into /hw_platform_0/ps7_init.html. 
15:05:08.556 INFO  - Copied contents of /home/vladimir/260214/hw/ps7_summary.html into /hw_platform_0/ps7_summary.html. 
15:05:08.557 INFO  - Copied contents of /home/vladimir/260214/hw/ps7_init.tcl into /hw_platform_0/ps7_init.tcl. 
15:05:08.694 INFO  - Synchronizing projects in the workspace with the hardware platform specification changes. 
15:05:24.012 INFO  - Updating hardware inferred compiler options for fsbl. 
15:05:24.021 INFO  - Clearing existing target manager status. 
15:05:25.663 INFO  - Copied contents of /home/vladimir/260214/hw_platform_0/ps7_init.c into /fsbl/src/ps7_init.c. 
15:05:25.665 INFO  - Copied contents of /home/vladimir/260214/hw_platform_0/ps7_init.h into /fsbl/src/ps7_init.h. 
15:05:25.669 INFO  - Copied contents of /home/vladimir/260214/hw_platform_0/ps7_init.html into /fsbl/src/ps7_init.html. 
15:05:25.670 INFO  - Copied contents of /home/vladimir/260214/hw_platform_0/ps7_summary.html into /fsbl/src/ps7_summary.html. 
15:05:25.671 INFO  - Copied contents of /home/vladimir/260214/hw_platform_0/ps7_init.tcl into /fsbl/src/ps7_init.tcl. 
15:06:02.025 INFO  - Specified output file already exists 
15:06:03.444 INFO  - Invoking Bootgen:  
15:06:03.968 INFO  - Bootgen command execution is done. 
15:39:34.634 ERROR - Unexpected error while parsing XMD response ￿: com.google.gson.JsonSyntaxException: com.google.gson.stream.MalformedJsonException: invalid number or unquoted string near  
15:40:17.411 INFO  - Processing command line option -hwspec /home/vladimir/260214/hw/dma.xml. 
15:40:17.588 INFO  - The hardware specification for project 'hw_platform_0' is different from /home/vladimir/260214/hw/dma.xml. 
15:40:17.937 INFO  - Copied contents of /home/vladimir/260214/hw/dma.xml into /hw_platform_0/system.xml. 
15:40:17.943 INFO  - Copied contents of /home/vladimir/260214/hw/dma_wrapper.bit into /hw_platform_0/dma_wrapper.bit. 
15:40:17.947 INFO  - Copied contents of /home/vladimir/260214/hw/ps7_init.c into /hw_platform_0/ps7_init.c. 
15:40:17.948 INFO  - Copied contents of /home/vladimir/260214/hw/ps7_init.h into /hw_platform_0/ps7_init.h. 
15:40:17.952 INFO  - Copied contents of /home/vladimir/260214/hw/ps7_init.html into /hw_platform_0/ps7_init.html. 
15:40:17.953 INFO  - Copied contents of /home/vladimir/260214/hw/ps7_summary.html into /hw_platform_0/ps7_summary.html. 
15:40:17.953 INFO  - Copied contents of /home/vladimir/260214/hw/ps7_init.tcl into /hw_platform_0/ps7_init.tcl. 
15:40:18.102 INFO  - Synchronizing projects in the workspace with the hardware platform specification changes. 
15:40:33.844 INFO  - Updating hardware inferred compiler options for fsbl. 
15:40:33.853 INFO  - Clearing existing target manager status. 
15:40:35.835 INFO  - Copied contents of /home/vladimir/260214/hw_platform_0/ps7_init.c into /fsbl/src/ps7_init.c. 
15:40:35.847 INFO  - Copied contents of /home/vladimir/260214/hw_platform_0/ps7_init.h into /fsbl/src/ps7_init.h. 
15:40:35.857 INFO  - Copied contents of /home/vladimir/260214/hw_platform_0/ps7_init.html into /fsbl/src/ps7_init.html. 
15:40:35.860 INFO  - Copied contents of /home/vladimir/260214/hw_platform_0/ps7_summary.html into /fsbl/src/ps7_summary.html. 
15:40:35.861 INFO  - Copied contents of /home/vladimir/260214/hw_platform_0/ps7_init.tcl into /fsbl/src/ps7_init.tcl. 
15:40:51.074 INFO  - Specified output file already exists 
15:40:52.346 INFO  - Invoking Bootgen:  
15:40:52.872 INFO  - Bootgen command execution is done. 
15:52:36.126 ERROR - Unexpected error while parsing XMD response ￿: com.google.gson.JsonSyntaxException: com.google.gson.stream.MalformedJsonException: invalid number or unquoted string near  
16:05:31.082 INFO  - Processing command line option -hwspec /home/vladimir/260214/hw/dma.xml. 
16:05:31.275 INFO  - The hardware specification for project 'hw_platform_0' is different from /home/vladimir/260214/hw/dma.xml. 
16:05:31.631 INFO  - Copied contents of /home/vladimir/260214/hw/dma.xml into /hw_platform_0/system.xml. 
16:05:31.637 INFO  - Copied contents of /home/vladimir/260214/hw/dma_wrapper.bit into /hw_platform_0/dma_wrapper.bit. 
16:05:31.641 INFO  - Copied contents of /home/vladimir/260214/hw/ps7_init.c into /hw_platform_0/ps7_init.c. 
16:05:31.641 INFO  - Copied contents of /home/vladimir/260214/hw/ps7_init.h into /hw_platform_0/ps7_init.h. 
16:05:31.646 INFO  - Copied contents of /home/vladimir/260214/hw/ps7_init.html into /hw_platform_0/ps7_init.html. 
16:05:31.647 INFO  - Copied contents of /home/vladimir/260214/hw/ps7_summary.html into /hw_platform_0/ps7_summary.html. 
16:05:31.647 INFO  - Copied contents of /home/vladimir/260214/hw/ps7_init.tcl into /hw_platform_0/ps7_init.tcl. 
16:05:31.788 INFO  - Synchronizing projects in the workspace with the hardware platform specification changes. 
16:05:47.292 INFO  - Updating hardware inferred compiler options for fsbl. 
16:05:47.306 INFO  - Clearing existing target manager status. 
16:05:49.460 INFO  - Copied contents of /home/vladimir/260214/hw_platform_0/ps7_init.c into /fsbl/src/ps7_init.c. 
16:05:49.465 INFO  - Copied contents of /home/vladimir/260214/hw_platform_0/ps7_init.h into /fsbl/src/ps7_init.h. 
16:05:49.480 INFO  - Copied contents of /home/vladimir/260214/hw_platform_0/ps7_init.html into /fsbl/src/ps7_init.html. 
16:05:49.492 INFO  - Copied contents of /home/vladimir/260214/hw_platform_0/ps7_summary.html into /fsbl/src/ps7_summary.html. 
16:05:49.500 INFO  - Copied contents of /home/vladimir/260214/hw_platform_0/ps7_init.tcl into /fsbl/src/ps7_init.tcl. 
16:06:02.507 INFO  - Specified output file already exists 
16:06:03.637 INFO  - Invoking Bootgen:  
16:06:04.158 INFO  - Bootgen command execution is done. 
10:40:14.806 ERROR - Unexpected error while parsing XMD response ￿: com.google.gson.JsonSyntaxException: com.google.gson.stream.MalformedJsonException: invalid number or unquoted string near  
11:57:03.852 INFO  - Processing command line option -hwspec /home/vladimir/260214/hw/dma.xml. 
11:57:04.098 INFO  - The hardware specification for project 'hw_platform_0' is different from /home/vladimir/260214/hw/dma.xml. 
11:57:04.610 INFO  - Copied contents of /home/vladimir/260214/hw/dma.xml into /hw_platform_0/system.xml. 
11:57:04.617 INFO  - Copied contents of /home/vladimir/260214/hw/dma_wrapper.bit into /hw_platform_0/dma_wrapper.bit. 
11:57:04.620 INFO  - Copied contents of /home/vladimir/260214/hw/ps7_init.c into /hw_platform_0/ps7_init.c. 
11:57:04.621 INFO  - Copied contents of /home/vladimir/260214/hw/ps7_init.h into /hw_platform_0/ps7_init.h. 
11:57:04.626 INFO  - Copied contents of /home/vladimir/260214/hw/ps7_init.html into /hw_platform_0/ps7_init.html. 
11:57:04.627 INFO  - Copied contents of /home/vladimir/260214/hw/ps7_summary.html into /hw_platform_0/ps7_summary.html. 
11:57:04.628 INFO  - Copied contents of /home/vladimir/260214/hw/ps7_init.tcl into /hw_platform_0/ps7_init.tcl. 
11:57:04.795 INFO  - Synchronizing projects in the workspace with the hardware platform specification changes. 
11:57:20.539 INFO  - Updating hardware inferred compiler options for fsbl. 
11:57:20.553 INFO  - Clearing existing target manager status. 
11:57:22.465 INFO  - Copied contents of /home/vladimir/260214/hw_platform_0/ps7_init.c into /fsbl/src/ps7_init.c. 
11:57:22.466 INFO  - Copied contents of /home/vladimir/260214/hw_platform_0/ps7_init.h into /fsbl/src/ps7_init.h. 
11:57:22.471 INFO  - Copied contents of /home/vladimir/260214/hw_platform_0/ps7_init.html into /fsbl/src/ps7_init.html. 
11:57:22.472 INFO  - Copied contents of /home/vladimir/260214/hw_platform_0/ps7_summary.html into /fsbl/src/ps7_summary.html. 
11:57:22.473 INFO  - Copied contents of /home/vladimir/260214/hw_platform_0/ps7_init.tcl into /fsbl/src/ps7_init.tcl. 
11:59:49.216 INFO  - Specified output file already exists 
11:59:51.417 INFO  - Invoking Bootgen:  
11:59:51.934 INFO  - Bootgen command execution is done. 
12:00:33.064 INFO  - Specified output file already exists 
12:00:34.065 INFO  - Invoking Bootgen:  
12:00:34.581 INFO  - Bootgen command execution is done. 
13:12:16.050 INFO  - Project hw_platform_0's source hardware specification located at /home/vladimir/260214/hw/dma.xml is now different from the local copy.
		 The local copy will be replaced with the source specification and your workspace will be updated. 
13:12:30.926 INFO  - Copied contents of /home/vladimir/260214/hw/dma.xml into /hw_platform_0/system.xml. 
13:12:30.932 INFO  - Copied contents of /home/vladimir/260214/hw/dma_wrapper.bit into /hw_platform_0/dma_wrapper.bit. 
13:12:30.934 INFO  - Copied contents of /home/vladimir/260214/hw/ps7_init.c into /hw_platform_0/ps7_init.c. 
13:12:30.935 INFO  - Copied contents of /home/vladimir/260214/hw/ps7_init.h into /hw_platform_0/ps7_init.h. 
13:12:30.939 INFO  - Copied contents of /home/vladimir/260214/hw/ps7_init.html into /hw_platform_0/ps7_init.html. 
13:12:30.939 INFO  - Copied contents of /home/vladimir/260214/hw/ps7_summary.html into /hw_platform_0/ps7_summary.html. 
13:12:30.940 INFO  - Copied contents of /home/vladimir/260214/hw/ps7_init.tcl into /hw_platform_0/ps7_init.tcl. 
13:12:31.309 INFO  - Synchronizing projects in the workspace with the hardware platform specification changes. 
13:12:35.193 INFO  - Updating hardware inferred compiler options for fsbl. 
13:12:35.198 INFO  - Clearing existing target manager status. 
13:12:35.205 INFO  - Copied contents of /home/vladimir/260214/hw_platform_0/ps7_init.c into /fsbl/src/ps7_init.c. 
13:12:35.208 INFO  - Copied contents of /home/vladimir/260214/hw_platform_0/ps7_init.h into /fsbl/src/ps7_init.h. 
13:12:35.220 INFO  - Copied contents of /home/vladimir/260214/hw_platform_0/ps7_init.html into /fsbl/src/ps7_init.html. 
13:12:35.230 INFO  - Copied contents of /home/vladimir/260214/hw_platform_0/ps7_summary.html into /fsbl/src/ps7_summary.html. 
13:12:35.232 INFO  - Copied contents of /home/vladimir/260214/hw_platform_0/ps7_init.tcl into /fsbl/src/ps7_init.tcl. 
13:12:55.430 INFO  - Specified output file already exists 
13:12:56.411 INFO  - Invoking Bootgen:  
13:12:56.931 INFO  - Bootgen command execution is done. 
13:34:28.843 INFO  - Project hw_platform_0's source hardware specification located at /home/vladimir/260214/hw/dma.xml is now different from the local copy.
		 The local copy will be replaced with the source specification and your workspace will be updated. 
13:34:31.182 INFO  - Copied contents of /home/vladimir/260214/hw/dma.xml into /hw_platform_0/system.xml. 
13:34:31.187 INFO  - Copied contents of /home/vladimir/260214/hw/dma_wrapper.bit into /hw_platform_0/dma_wrapper.bit. 
13:34:31.190 INFO  - Copied contents of /home/vladimir/260214/hw/ps7_init.c into /hw_platform_0/ps7_init.c. 
13:34:31.191 INFO  - Copied contents of /home/vladimir/260214/hw/ps7_init.h into /hw_platform_0/ps7_init.h. 
13:34:31.194 INFO  - Copied contents of /home/vladimir/260214/hw/ps7_init.html into /hw_platform_0/ps7_init.html. 
13:34:31.195 INFO  - Copied contents of /home/vladimir/260214/hw/ps7_summary.html into /hw_platform_0/ps7_summary.html. 
13:34:31.195 INFO  - Copied contents of /home/vladimir/260214/hw/ps7_init.tcl into /hw_platform_0/ps7_init.tcl. 
13:34:31.338 INFO  - Synchronizing projects in the workspace with the hardware platform specification changes. 
13:34:46.537 INFO  - Updating hardware inferred compiler options for fsbl. 
13:34:46.546 INFO  - Clearing existing target manager status. 
13:34:48.210 INFO  - Copied contents of /home/vladimir/260214/hw_platform_0/ps7_init.c into /fsbl/src/ps7_init.c. 
13:34:48.212 INFO  - Copied contents of /home/vladimir/260214/hw_platform_0/ps7_init.h into /fsbl/src/ps7_init.h. 
13:34:48.220 INFO  - Copied contents of /home/vladimir/260214/hw_platform_0/ps7_init.html into /fsbl/src/ps7_init.html. 
13:34:48.221 INFO  - Copied contents of /home/vladimir/260214/hw_platform_0/ps7_summary.html into /fsbl/src/ps7_summary.html. 
13:34:48.222 INFO  - Copied contents of /home/vladimir/260214/hw_platform_0/ps7_init.tcl into /fsbl/src/ps7_init.tcl. 
13:36:04.032 INFO  - Specified output file already exists 
13:36:05.146 INFO  - Invoking Bootgen:  
13:36:05.664 INFO  - Bootgen command execution is done. 
14:03:51.849 INFO  - Project hw_platform_0's source hardware specification located at /home/vladimir/260214/hw/dma.xml is now different from the local copy.
		 The local copy will be replaced with the source specification and your workspace will be updated. 
14:03:56.019 INFO  - Copied contents of /home/vladimir/260214/hw/dma.xml into /hw_platform_0/system.xml. 
14:03:56.025 INFO  - Copied contents of /home/vladimir/260214/hw/dma_wrapper.bit into /hw_platform_0/dma_wrapper.bit. 
14:03:56.027 INFO  - Copied contents of /home/vladimir/260214/hw/ps7_init.c into /hw_platform_0/ps7_init.c. 
14:03:56.028 INFO  - Copied contents of /home/vladimir/260214/hw/ps7_init.h into /hw_platform_0/ps7_init.h. 
14:03:56.032 INFO  - Copied contents of /home/vladimir/260214/hw/ps7_init.html into /hw_platform_0/ps7_init.html. 
14:03:56.032 INFO  - Copied contents of /home/vladimir/260214/hw/ps7_summary.html into /hw_platform_0/ps7_summary.html. 
14:03:56.033 INFO  - Copied contents of /home/vladimir/260214/hw/ps7_init.tcl into /hw_platform_0/ps7_init.tcl. 
14:03:56.202 INFO  - Synchronizing projects in the workspace with the hardware platform specification changes. 
14:04:11.805 INFO  - Updating hardware inferred compiler options for fsbl. 
14:04:11.815 INFO  - Clearing existing target manager status. 
14:04:13.648 INFO  - Copied contents of /home/vladimir/260214/hw_platform_0/ps7_init.c into /fsbl/src/ps7_init.c. 
14:04:13.649 INFO  - Copied contents of /home/vladimir/260214/hw_platform_0/ps7_init.h into /fsbl/src/ps7_init.h. 
14:04:13.654 INFO  - Copied contents of /home/vladimir/260214/hw_platform_0/ps7_init.html into /fsbl/src/ps7_init.html. 
14:04:13.657 INFO  - Copied contents of /home/vladimir/260214/hw_platform_0/ps7_summary.html into /fsbl/src/ps7_summary.html. 
14:04:13.659 INFO  - Copied contents of /home/vladimir/260214/hw_platform_0/ps7_init.tcl into /fsbl/src/ps7_init.tcl. 
14:04:25.800 INFO  - Specified output file already exists 
14:04:26.878 INFO  - Invoking Bootgen:  
14:04:27.393 INFO  - Bootgen command execution is done. 
14:51:02.584 ERROR - Unexpected error while parsing XMD response ￿: com.google.gson.JsonSyntaxException: com.google.gson.stream.MalformedJsonException: invalid number or unquoted string near  
