#-----------------------------------------------------------
# Vivado v2013.4 (64-bit)
# SW Build 353583 on Mon Dec  9 17:49:19 MST 2013
# IP Build 208076 on Mon Dec  2 12:38:17 MST 2013
# Start of session at: Fri Mar 14 12:27:45 2014
# Process ID: 3520
# Log file: C:/Users/Станислав/Desktop/zedboard/260214/vivado.log
# Journal file: C:/Users/Станислав/Desktop/zedboard/260214\vivado.jou
#-----------------------------------------------------------
Attempting to get a license: Implementation
WARNING: [Common 17-301] Failed to get a license: Implementation
WARNING: [Vivado 15-19] WARNING: No 'Implementation' license found. This message may be safely ignored if a Vivado WebPACK or device-locked license, common for board kits, will be used during implementation.

Attempting to get a license: Synthesis
WARNING: [Common 17-301] Failed to get a license: Synthesis
Loading parts and site information from C:/Xilinx/Vivado/2013.4/data/parts/arch.xml
Parsing RTL primitives file [C:/Xilinx/Vivado/2013.4/data/parts/xilinx/rtl/prims/rtl_prims.xml]
Finished parsing RTL primitives file [C:/Xilinx/Vivado/2013.4/data/parts/xilinx/rtl/prims/rtl_prims.xml]
start_gui
open_project {C:\Users\Станислав\Desktop\zedboard\260214\260214.xpr}
INFO: [Project 1-313] Project file moved from '/root/260214' since last save.
Import path for source C:/Users/Станислав/Desktop/zedboard/260214/260214.srcs/sources_1/bd/dma/dma.bd: Could not find the file 'C:/Users/Станислав/Desktop/zedboard/250214/250214.srcs/sources_1/bd/dma/dma.bd', nor could it be found using path 'C:/root/250214/250214.srcs/sources_1/bd/dma/dma.bd'.
Import path for source C:/Users/Станислав/Desktop/zedboard/260214/260214.srcs/sources_1/bd/dma/ip/dma_init_cdma_0_0/dma_init_cdma_0_0.upgrade_log: Could not find the file 'C:/Users/Станислав/Desktop/zedboard/250214/250214.srcs/sources_1/bd/dma/ip/dma_init_cdma_0_0/dma_init_cdma_0_0.upgrade_log', nor could it be found using path 'C:/root/250214/250214.srcs/sources_1/bd/dma/ip/dma_init_cdma_0_0/dma_init_cdma_0_0.upgrade_log'.
Import path for source C:/Users/Станислав/Desktop/zedboard/260214/260214.data/sources_1/ports.xml: Could not find the file 'C:/Users/Станислав/Desktop/zedboard/250214/250214.data/sources_1/ports.xml', nor could it be found using path 'C:/root/250214/250214.data/sources_1/ports.xml'.
Import path for source C:/Users/Станислав/Desktop/zedboard/260214/260214.srcs/sources_1/bd/dma/ip/dma_acp_0_0/dma_acp_0_0.upgrade_log: Could not find the file 'C:/Users/Станислав/Desktop/zedboard/250214/250214.srcs/sources_1/bd/dma/ip/dma_acp_0_0/dma_acp_0_0.upgrade_log', nor could it be found using path 'C:/root/250214/250214.srcs/sources_1/bd/dma/ip/dma_acp_0_0/dma_acp_0_0.upgrade_log'.
IP Repository Path: Could not find the directory 'C:/Users/Станислав/Desktop/zedboard/IPCore/m_1.0', nor could it be found using path 'C:/root/IPCore/m_1.0'.
IP Repository Path: Could not find the directory 'C:/Users/Станислав/Desktop/zedboard/IPCore/m_1.0', nor could it be found using path 'C:/root/IPCore/m_1.0'.
IP Repository Path: Could not find the directory 'C:/Users/Станислав/Desktop/zedboard/IPCore/test_1.0', nor could it be found using path 'C:/root/IPCore/test_1.0'.
Import path for source C:/Users/Станислав/Desktop/zedboard/260214/260214.srcs/constrs_1/new/dma_wrapper.xdc: Could not find the file 'C:/Users/Станислав/Desktop/zedboard/250214/250214.srcs/constrs_1/new/dma_wrapper.xdc', nor could it be found using path 'C:/root/250214/250214.srcs/constrs_1/new/dma_wrapper.xdc'.
Import path for source C:/Users/Станислав/Desktop/zedboard/260214/260214.data/constrs_1/designprops.xml: Could not find the file 'C:/Users/Станислав/Desktop/zedboard/250214/250214.data/constrs_1/designprops.xml', nor could it be found using path 'C:/root/250214/250214.data/constrs_1/designprops.xml'.
Import path for source C:/Users/Станислав/Desktop/zedboard/260214/260214.data/constrs_1/usercols.xml: Could not find the file 'C:/Users/Станислав/Desktop/zedboard/250214/250214.data/constrs_1/usercols.xml', nor could it be found using path 'C:/root/250214/250214.data/constrs_1/usercols.xml'.
Scanning sources...
Finished scanning sources
Import path for source C:/Users/Станислав/Desktop/zedboard/260214/260214.srcs/sources_1/bd/dma/dma.bd: Could not find the file 'C:/Users/Станислав/Desktop/zedboard/250214/250214.srcs/sources_1/bd/dma/dma.bd', nor could it be found using path 'C:/root/250214/250214.srcs/sources_1/bd/dma/dma.bd'.
Import path for source C:/Users/Станислав/Desktop/zedboard/260214/260214.srcs/sources_1/bd/dma/ip/dma_init_cdma_0_0/dma_init_cdma_0_0.upgrade_log: Could not find the file 'C:/Users/Станислав/Desktop/zedboard/250214/250214.srcs/sources_1/bd/dma/ip/dma_init_cdma_0_0/dma_init_cdma_0_0.upgrade_log', nor could it be found using path 'C:/root/250214/250214.srcs/sources_1/bd/dma/ip/dma_init_cdma_0_0/dma_init_cdma_0_0.upgrade_log'.
Import path for source C:/Users/Станислав/Desktop/zedboard/260214/260214.data/sources_1/ports.xml: Could not find the file 'C:/Users/Станислав/Desktop/zedboard/250214/250214.data/sources_1/ports.xml', nor could it be found using path 'C:/root/250214/250214.data/sources_1/ports.xml'.
Import path for source C:/Users/Станислав/Desktop/zedboard/260214/260214.srcs/sources_1/bd/dma/ip/dma_acp_0_0/dma_acp_0_0.upgrade_log: Could not find the file 'C:/Users/Станислав/Desktop/zedboard/250214/250214.srcs/sources_1/bd/dma/ip/dma_acp_0_0/dma_acp_0_0.upgrade_log', nor could it be found using path 'C:/root/250214/250214.srcs/sources_1/bd/dma/ip/dma_acp_0_0/dma_acp_0_0.upgrade_log'.
Import path for source C:/Users/Станислав/Desktop/zedboard/260214/260214.srcs/constrs_1/new/dma_wrapper.xdc: Could not find the file 'C:/Users/Станислав/Desktop/zedboard/250214/250214.srcs/constrs_1/new/dma_wrapper.xdc', nor could it be found using path 'C:/root/250214/250214.srcs/constrs_1/new/dma_wrapper.xdc'.
Import path for source C:/Users/Станислав/Desktop/zedboard/260214/260214.data/constrs_1/designprops.xml: Could not find the file 'C:/Users/Станислав/Desktop/zedboard/250214/250214.data/constrs_1/designprops.xml', nor could it be found using path 'C:/root/250214/250214.data/constrs_1/designprops.xml'.
Import path for source C:/Users/Станислав/Desktop/zedboard/260214/260214.data/constrs_1/usercols.xml: Could not find the file 'C:/Users/Станислав/Desktop/zedboard/250214/250214.data/constrs_1/usercols.xml', nor could it be found using path 'C:/root/250214/250214.data/constrs_1/usercols.xml'.
Import path for source C:/Users/Станислав/Desktop/zedboard/260214/260214.srcs/sources_1/bd/dma/dma.bd: Could not find the file 'C:/Users/Станислав/Desktop/zedboard/250214/250214.srcs/sources_1/bd/dma/dma.bd', nor could it be found using path 'C:/root/250214/250214.srcs/sources_1/bd/dma/dma.bd'.
Import path for source C:/Users/Станислав/Desktop/zedboard/260214/260214.srcs/sources_1/bd/dma/ip/dma_init_cdma_0_0/dma_init_cdma_0_0.upgrade_log: Could not find the file 'C:/Users/Станислав/Desktop/zedboard/250214/250214.srcs/sources_1/bd/dma/ip/dma_init_cdma_0_0/dma_init_cdma_0_0.upgrade_log', nor could it be found using path 'C:/root/250214/250214.srcs/sources_1/bd/dma/ip/dma_init_cdma_0_0/dma_init_cdma_0_0.upgrade_log'.
Import path for source C:/Users/Станислав/Desktop/zedboard/260214/260214.data/sources_1/ports.xml: Could not find the file 'C:/Users/Станислав/Desktop/zedboard/250214/250214.data/sources_1/ports.xml', nor could it be found using path 'C:/root/250214/250214.data/sources_1/ports.xml'.
Import path for source C:/Users/Станислав/Desktop/zedboard/260214/260214.srcs/sources_1/bd/dma/ip/dma_acp_0_0/dma_acp_0_0.upgrade_log: Could not find the file 'C:/Users/Станислав/Desktop/zedboard/250214/250214.srcs/sources_1/bd/dma/ip/dma_acp_0_0/dma_acp_0_0.upgrade_log', nor could it be found using path 'C:/root/250214/250214.srcs/sources_1/bd/dma/ip/dma_acp_0_0/dma_acp_0_0.upgrade_log'.
Import path for source C:/Users/Станислав/Desktop/zedboard/260214/260214.srcs/constrs_1/new/dma_wrapper.xdc: Could not find the file 'C:/Users/Станислав/Desktop/zedboard/250214/250214.srcs/constrs_1/new/dma_wrapper.xdc', nor could it be found using path 'C:/root/250214/250214.srcs/constrs_1/new/dma_wrapper.xdc'.
Import path for source C:/Users/Станислав/Desktop/zedboard/260214/260214.data/constrs_1/designprops.xml: Could not find the file 'C:/Users/Станислав/Desktop/zedboard/250214/250214.data/constrs_1/designprops.xml', nor could it be found using path 'C:/root/250214/250214.data/constrs_1/designprops.xml'.
Import path for source C:/Users/Станислав/Desktop/zedboard/260214/260214.data/constrs_1/usercols.xml: Could not find the file 'C:/Users/Станислав/Desktop/zedboard/250214/250214.data/constrs_1/usercols.xml', nor could it be found using path 'C:/root/250214/250214.data/constrs_1/usercols.xml'.
Import path for source C:/Users/Станислав/Desktop/zedboard/260214/260214.srcs/constrs_1/new/dma_wrapper.xdc: Could not find the file 'C:/Users/Станислав/Desktop/zedboard/250214/250214.srcs/constrs_1/new/dma_wrapper.xdc', nor could it be found using path 'C:/root/250214/250214.srcs/constrs_1/new/dma_wrapper.xdc'.
Import path for source C:/Users/Станислав/Desktop/zedboard/260214/260214.data/constrs_1/designprops.xml: Could not find the file 'C:/Users/Станислав/Desktop/zedboard/250214/250214.data/constrs_1/designprops.xml', nor could it be found using path 'C:/root/250214/250214.data/constrs_1/designprops.xml'.
Import path for source C:/Users/Станислав/Desktop/zedboard/260214/260214.data/constrs_1/usercols.xml: Could not find the file 'C:/Users/Станислав/Desktop/zedboard/250214/250214.data/constrs_1/usercols.xml', nor could it be found using path 'C:/root/250214/250214.data/constrs_1/usercols.xml'.
Import path for source C:/Users/Станислав/Desktop/zedboard/260214/260214.srcs/constrs_1/new/dma_wrapper.xdc: Could not find the file 'C:/Users/Станислав/Desktop/zedboard/250214/250214.srcs/constrs_1/new/dma_wrapper.xdc', nor could it be found using path 'C:/root/250214/250214.srcs/constrs_1/new/dma_wrapper.xdc'.
Import path for source C:/Users/Станислав/Desktop/zedboard/260214/260214.data/constrs_1/designprops.xml: Could not find the file 'C:/Users/Станислав/Desktop/zedboard/250214/250214.data/constrs_1/designprops.xml', nor could it be found using path 'C:/root/250214/250214.data/constrs_1/designprops.xml'.
Import path for source C:/Users/Станислав/Desktop/zedboard/260214/260214.data/constrs_1/usercols.xml: Could not find the file 'C:/Users/Станислав/Desktop/zedboard/250214/250214.data/constrs_1/usercols.xml', nor could it be found using path 'C:/root/250214/250214.data/constrs_1/usercols.xml'.
INFO: [Project 1-230] Project '260214.xpr' upgraded for this version of Vivado.
INFO: [IP_Flow 19-234] Refreshing IP repositories
WARNING: [IP_Flow 19-2248] Failed to load user IP repository 'c:/Users/Станислав/Desktop/zedboard/IPCore/m_1.0'; Can't find the specified path.
If this directory should no longer be in your list of user repositories, go to the IP Settings dialog and remove it.
WARNING: [IP_Flow 19-2207] Repository 'c:/Users/Станислав/Desktop/zedboard/IPCore/m_1.0' already exists; ignoring attempt to add it again.
WARNING: [IP_Flow 19-2248] Failed to load user IP repository 'c:/Users/Станислав/Desktop/zedboard/IPCore/m_1.0'; Can't find the specified path.
If this directory should no longer be in your list of user repositories, go to the IP Settings dialog and remove it.
WARNING: [IP_Flow 19-2248] Failed to load user IP repository 'c:/Users/Станислав/Desktop/zedboard/IPCore/test_1.0'; Can't find the specified path.
If this directory should no longer be in your list of user repositories, go to the IP Settings dialog and remove it.
INFO: [IP_Flow 19-1700] Loaded user IP repository 'c:/Users/Станислав/Desktop/zedboard/IPCore/init_cdma_1.0'.
INFO: [IP_Flow 19-1700] Loaded user IP repository 'c:/Users/Станислав/Desktop/zedboard/IPCore/reg_status_1.0'.
INFO: [IP_Flow 19-1700] Loaded user IP repository 'c:/Users/Станислав/Desktop/zedboard/IPCore/acp_1.0'.
INFO: [IP_Flow 19-1700] Loaded user IP repository 'c:/Users/Станислав/Desktop/zynq/IP_Core'.
INFO: [IP_Flow 19-2313] Loaded Vivado IP repository 'C:/Xilinx/Vivado/2013.4/data/ip'.
WARNING: [IP_Flow 19-3549] Detected incompatibility between IP dma_axi_bram_ctrl_0_0 and its definition xilinx.com:ip:axi_bram_ctrl:3.0
WARNING: [BD 41-1303] One or more IPs have been locked in the design 'dma.bd'. Please run report_ip_status for more details and recommendations on how to fix this issue.
open_project: Time (s): cpu = 00:00:28 ; elapsed = 00:00:18 . Memory (MB): peak = 952.426 ; gain = 128.473
report_ip_status -name ip_status_1 
open_bd_design {C:/Users/Станислав/Desktop/zedboard/260214/260214.srcs/sources_1/bd/dma/dma.bd}
Adding component instance block -- xilinx.com:ip:processing_system7:5.3 - processing_system7_0
Adding component instance block -- xilinx.com:ip:axi_cdma:4.1 - axi_cdma_0
Adding component instance block -- xilinx.com:ip:proc_sys_reset:5.0 - proc_sys_reset
Adding component instance block -- xilinx.com:ip:axi_bram_ctrl:3.0 - axi_bram_ctrl_0
Adding component instance block -- xilinx.com:ip:axi_crossbar:2.1 - axi_crossbar_0
Adding component instance block -- xilinx.com:ip:blk_mem_gen:8.0 - axi_bram_ctrl_0_bram
Adding component instance block -- xilinx.com:user:acp:1.0 - acp_0
Adding component instance block -- xilinx.com:user:init_cdma:1.0 - init_cdma_0
Adding component instance block -- xilinx.com:user:reg_status:1.0 - reg_status_0
Adding component instance block -- xilinx.com:ip:axi_crossbar:2.1 - xbar
Adding component instance block -- xilinx.com:ip:axi_protocol_converter:2.1 - auto_pc
Adding component instance block -- xilinx.com:ip:axi_crossbar:2.1 - xbar
Adding component instance block -- xilinx.com:ip:axi_dwidth_converter:2.1 - auto_ds
Adding component instance block -- xilinx.com:ip:axi_protocol_converter:2.1 - auto_pc
Adding component instance block -- xilinx.com:ip:axi_protocol_converter:2.1 - auto_pc
Adding component instance block -- xilinx.com:ip:axi_protocol_converter:2.1 - auto_pc
Adding component instance block -- xilinx.com:ip:axi_dwidth_converter:2.1 - auto_us
Adding component instance block -- xilinx.com:ip:axi_dwidth_converter:2.1 - auto_us
Successfully read diagram <dma> from BD file <C:/Users/Станислав/Desktop/zedboard/260214/260214.srcs/sources_1/bd/dma/dma.bd>
open_bd_design: Time (s): cpu = 00:00:22 ; elapsed = 00:00:16 . Memory (MB): peak = 1053.859 ; gain = 26.445
current_bd_design dma
upgrade_bd_cells [get_bd_cells [list /axi_crossbar_0 /axi_mem_intercon /processing_system7_0 /axi_bram_ctrl_0 /proc_sys_reset /axi_bram_ctrl_0_bram /processing_system7_0_axi_periph /axi_cdma_0 ] ]
INFO: [IP_Flow 19-3422] Upgraded dma_axi_crossbar_0_4 (AXI Crossbar 2.1) from revision 0 to revision 1
INFO: [IP_Flow 19-3471] Wrote upgrade log to 'c:/Users/Станислав/Desktop/zedboard/260214/260214.srcs/sources_1/bd/dma/ip/dma_axi_crossbar_0_4/dma_axi_crossbar_0_4.upgrade_log'.
INFO: [IP_Flow 19-3422] Upgraded dma_axi_mem_intercon_0 (AXI Interconnect 2.1) from revision 0 to revision 1
INFO: [IP_Flow 19-3471] Wrote upgrade log to 'c:/Users/Станислав/Desktop/zedboard/260214/260214.srcs/sources_1/bd/dma/ip/dma_axi_mem_intercon_0/dma_axi_mem_intercon_0.upgrade_log'.
INFO: [PS7-6] Configuring Board Preset zed. Please wait ......
INFO: [IP_Flow 19-3422] Upgraded dma_processing_system7_0_0 (ZYNQ7 Processing System 5.3) from revision 0 to revision 1
INFO: [IP_Flow 19-3471] Wrote upgrade log to 'c:/Users/Станислав/Desktop/zedboard/260214/260214.srcs/sources_1/bd/dma/ip/dma_processing_system7_0_0/dma_processing_system7_0_0.upgrade_log'.
INFO: [xilinx.com:ip:axi_bram_ctrl:3.0-99] dma_axi_bram_ctrl_0_0: value of PARAM_VALUE.PROTOCOL = AXI4LITE
INFO: [xilinx.com:ip:axi_bram_ctrl:3.0-99] dma_axi_bram_ctrl_0_0: value of PARAM_VALUE.SUPPORTS_NARROW_BURST = 0
INFO: [xilinx.com:ip:axi_bram_ctrl:3.0-565] dma_axi_bram_ctrl_0_0: Protocol value = AXI4LITE
INFO: [xilinx.com:ip:axi_bram_ctrl:3.0-99] dma_axi_bram_ctrl_0_0: value of PARAM_VALUE.DATA_WIDTH = 32
INFO: [xilinx.com:ip:axi_bram_ctrl:3.0-99] dma_axi_bram_ctrl_0_0: value of PARAM_VALUE.MEM_DEPTH = 8192
INFO: [xilinx.com:ip:axi_bram_ctrl:3.0-99] dma_axi_bram_ctrl_0_0: value of PARAM_VALUE.USE_ECC = 0
INFO: [xilinx.com:ip:axi_bram_ctrl:3.0-99] dma_axi_bram_ctrl_0_0: value of PARAM_VALUE.ECC_ONOFF_RESET_VALUE = 0
INFO: [xilinx.com:ip:axi_bram_ctrl:3.0-99] dma_axi_bram_ctrl_0_0: value of PARAM_VALUE.FAULT_INJECT = 0
INFO: [xilinx.com:ip:axi_bram_ctrl:3.0-99] dma_axi_bram_ctrl_0_0: value of PARAM_VALUE.ECC_TYPE = 0
INFO: [xilinx.com:ip:axi_bram_ctrl:3.0-99] dma_axi_bram_ctrl_0_0: value of PARAM_VALUE.MEM_DEPTH = 1024
INFO: [IP_Flow 19-3422] Upgraded dma_axi_bram_ctrl_0_0 (AXI BRAM Controller 3.0) from revision 2 to revision 3
INFO: [IP_Flow 19-3471] Wrote upgrade log to 'c:/Users/Станислав/Desktop/zedboard/260214/260214.srcs/sources_1/bd/dma/ip/dma_axi_bram_ctrl_0_0/dma_axi_bram_ctrl_0_0.upgrade_log'.
INFO: [IP_Flow 19-3422] Upgraded dma_proc_sys_reset_0 (Processor System Reset 5.0) from revision 2 to revision 3
INFO: [IP_Flow 19-3471] Wrote upgrade log to 'c:/Users/Станислав/Desktop/zedboard/260214/260214.srcs/sources_1/bd/dma/ip/dma_proc_sys_reset_0/dma_proc_sys_reset_0.upgrade_log'.
INFO: [IP_Flow 19-1972] Upgraded dma_axi_bram_ctrl_0_bram_0 from Block Memory Generator 8.0 to Block Memory Generator 8.1
INFO: [IP_Flow 19-3471] Wrote upgrade log to 'c:/Users/Станислав/Desktop/zedboard/260214/260214.srcs/sources_1/bd/dma/ip/dma_axi_bram_ctrl_0_bram_0/dma_axi_bram_ctrl_0_bram_0.upgrade_log'.
INFO: [IP_Flow 19-3422] Upgraded dma_processing_system7_0_axi_periph_1 (AXI Interconnect 2.1) from revision 0 to revision 1
INFO: [IP_Flow 19-3471] Wrote upgrade log to 'c:/Users/Станислав/Desktop/zedboard/260214/260214.srcs/sources_1/bd/dma/ip/dma_processing_system7_0_axi_periph_1/dma_processing_system7_0_axi_periph_1.upgrade_log'.
INFO: [IP_Flow 19-3422] Upgraded dma_axi_cdma_0_0 (AXI Central Direct Memory Access 4.1) from revision 0 to revision 1
INFO: [IP_Flow 19-3471] Wrote upgrade log to 'c:/Users/Станислав/Desktop/zedboard/260214/260214.srcs/sources_1/bd/dma/ip/dma_axi_cdma_0_0/dma_axi_cdma_0_0.upgrade_log'.
Wrote  : <C:/Users/Станислав/Desktop/zedboard/260214/260214.srcs/sources_1/bd/dma/dma.bd> 
upgrade_bd_cells: Time (s): cpu = 00:00:57 ; elapsed = 00:00:54 . Memory (MB): peak = 1114.930 ; gain = 53.863
report_ip_status -name ip_status_1 
set_property ip_repo_paths  {c:/Users/Станислав/Desktop/zedboard/IPCore/m_1.0 c:/Users/Станислав/Desktop/zedboard/IPCore/test_1.0 c:/Users/Станислав/Desktop/zedboard/IPCore/init_cdma_1.0 C:/Users/Станислав/Desktop/zedboard/IPCore/axi_adc_1c_v1_00_a c:/Users/Станислав/Desktop/zedboard/IPCore/reg_status_1.0 c:/Users/Станислав/Desktop/zedboard/IPCore/acp_1.0 c:/Users/Станислав/Desktop/zynq/IP_Core} [current_fileset]
update_ip_catalog
INFO: [IP_Flow 19-234] Refreshing IP repositories
WARNING: [IP_Flow 19-2248] Failed to load user IP repository 'c:/Users/Станислав/Desktop/zedboard/IPCore/m_1.0'; Can't find the specified path.
If this directory should no longer be in your list of user repositories, go to the IP Settings dialog and remove it.
WARNING: [IP_Flow 19-2248] Failed to load user IP repository 'c:/Users/Станислав/Desktop/zedboard/IPCore/test_1.0'; Can't find the specified path.
If this directory should no longer be in your list of user repositories, go to the IP Settings dialog and remove it.
INFO: [IP_Flow 19-1700] Loaded user IP repository 'c:/Users/Станислав/Desktop/zedboard/IPCore/init_cdma_1.0'.
INFO: [IP_Flow 19-1700] Loaded user IP repository 'c:/Users/Станислав/Desktop/zedboard/IPCore/axi_adc_1c_v1_00_a'.
INFO: [IP_Flow 19-1700] Loaded user IP repository 'c:/Users/Станислав/Desktop/zedboard/IPCore/reg_status_1.0'.
INFO: [IP_Flow 19-1700] Loaded user IP repository 'c:/Users/Станислав/Desktop/zedboard/IPCore/acp_1.0'.
INFO: [IP_Flow 19-1700] Loaded user IP repository 'c:/Users/Станислав/Desktop/zynq/IP_Core'.
set_property ip_repo_paths  {c:/Users/Станислав/Desktop/zedboard/IPCore/init_cdma_1.0 c:/Users/Станислав/Desktop/zedboard/IPCore/axi_adc_1c_v1_00_a c:/Users/Станислав/Desktop/zedboard/IPCore/reg_status_1.0 c:/Users/Станислав/Desktop/zedboard/IPCore/acp_1.0} [current_fileset]
update_ip_catalog
INFO: [IP_Flow 19-234] Refreshing IP repositories
INFO: [IP_Flow 19-1700] Loaded user IP repository 'c:/Users/Станислав/Desktop/zedboard/IPCore/init_cdma_1.0'.
INFO: [IP_Flow 19-1700] Loaded user IP repository 'c:/Users/Станислав/Desktop/zedboard/IPCore/axi_adc_1c_v1_00_a'.
INFO: [IP_Flow 19-1700] Loaded user IP repository 'c:/Users/Станислав/Desktop/zedboard/IPCore/reg_status_1.0'.
INFO: [IP_Flow 19-1700] Loaded user IP repository 'c:/Users/Станислав/Desktop/zedboard/IPCore/acp_1.0'.
startgroup
create_bd_cell -type ip -vlnv avnet:user:axi_adc_1c:1.0 axi_adc_1c_0
endgroup
ipx::edit_ip_in_project -upgrade true -name {axi_adc_1c_v1_0_project} -directory {C:/Users/axi_adc_1c_v1_0_project} {c:/Users/Станислав/Desktop/zedboard/IPCore/axi_adc_1c_v1_00_a/component.xml}
ERROR: [Coretcl 2-116] Unable to create project directory: 'C:/Users/axi_adc_1c_v1_0_project'.
ERROR: [Ipptcl 7-562] Cannot create project 'axi_adc_1c_v1_0_project'.
ERROR: [Common 17-39] 'ipx::edit_ip_in_project' failed due to earlier errors.
ipx::edit_ip_in_project -upgrade true -name {axi_adc_1c_v1_0_project} -directory {C:/Users/axi_adc_1c_v1_0_project} {c:/Users/Станислав/Desktop/zedboard/IPCore/axi_adc_1c_v1_00_a/component.xml}
ERROR: [Coretcl 2-116] Unable to create project directory: 'C:/Users/axi_adc_1c_v1_0_project'.
ERROR: [Ipptcl 7-562] Cannot create project 'axi_adc_1c_v1_0_project'.
ERROR: [Common 17-39] 'ipx::edit_ip_in_project' failed due to earlier errors.
ipx::edit_ip_in_project -upgrade true -name {axi_adc_1c_v1_0_project} -directory {C:/Users/axi_adc_1c_v1_0_project} {c:/Users/Станислав/Desktop/zedboard/IPCore/axi_adc_1c_v1_00_a/component.xml}
ERROR: [Coretcl 2-116] Unable to create project directory: 'C:/Users/axi_adc_1c_v1_0_project'.
ERROR: [Ipptcl 7-562] Cannot create project 'axi_adc_1c_v1_0_project'.
ERROR: [Common 17-39] 'ipx::edit_ip_in_project' failed due to earlier errors.
startgroup
create_bd_cell -type ip -vlnv xilinx.com:ip:axi_dma:7.1 axi_dma_0
endgroup
startgroup
create_bd_cell -type ip -vlnv xilinx.com:ip:axi_fifo_mm_s:4.0 axi_fifo_mm_s_0
endgroup
connect_bd_intf_net [get_bd_intf_pins axi_dma_0/M_AXIS_MM2S] [get_bd_intf_pins axi_fifo_mm_s_0/AXI_STR_RXD]
disconnect_bd_intf_net [get_bd_intf_net axi_mem_intercon_m00_axi] [get_bd_intf_pins processing_system7_0/S_AXI_HP0]
ERROR: [Common 17-55] 'get_property' expects at least one object.
ERROR: [BD 41-1273] Error running can_apply_rule TCL procedure: ERROR: [Common 17-55] 'get_property' expects at least one object.
    find_connected_slave_intf Line 9
ERROR: [Common 17-55] 'get_property' expects at least one object.
ERROR: [BD 41-1273] Error running can_apply_rule TCL procedure: ERROR: [Common 17-55] 'get_property' expects at least one object.
    find_connected_slave_intf Line 9
ERROR: [Common 17-55] 'get_property' expects at least one object.
ERROR: [BD 41-1273] Error running can_apply_rule TCL procedure: ERROR: [Common 17-55] 'get_property' expects at least one object.
    find_connected_slave_intf Line 9
startgroup
set_property -dict [list CONFIG.C_USE_RX_CUT_THROUGH {true}] [get_bd_cells axi_fifo_mm_s_0]
endgroup
startgroup
set_property -dict [list CONFIG.C_USE_RX_CUT_THROUGH {false}] [get_bd_cells axi_fifo_mm_s_0]
endgroup
delete_bd_objs [get_bd_intf_nets axi_dma_0_M_AXIS_MM2S]
set_property location {2.5 874 1430} [get_bd_cells axi_dma_0]
set_property location {3 1130 1061} [get_bd_cells axi_fifo_mm_s_0]
set_property location {4 1352 1129} [get_bd_cells axi_fifo_mm_s_0]
set_property location {3 1070 1095} [get_bd_cells axi_dma_0]
startgroup
create_bd_cell -type ip -vlnv xilinx.com:ip:axi_mm2s_mapper:1.1 axi_mm2s_mapper_0
endgroup
connect_bd_intf_net [get_bd_intf_pins axi_adc_1c_0/S_AXIS_S2MM] [get_bd_intf_pins axi_dma_0/M_AXIS_MM2S]
delete_bd_objs [get_bd_intf_nets axi_dma_0_M_AXIS_MM2S]
set_property location {3 1157 1096} [get_bd_cells axi_dma_0]
set_property location {2 657 1017} [get_bd_cells axi_adc_1c_0]
connect_bd_intf_net [get_bd_intf_pins axi_dma_0/M_AXIS_MM2S] [get_bd_intf_pins axi_adc_1c_0/S_AXIS_S2MM]
connect_bd_intf_net [get_bd_intf_pins axi_dma_0/S_AXIS_S2MM] [get_bd_intf_pins axi_fifo_mm_s_0/AXI_STR_TXD]
delete_bd_objs [get_bd_intf_nets axi_fifo_mm_s_0_AXI_STR_TXD]
delete_bd_objs [get_bd_intf_nets axi_dma_0_M_AXIS_MM2S]
ERROR: [Common 17-55] 'get_property' expects at least one object.
ERROR: [BD 41-1273] Error running can_apply_rule TCL procedure: ERROR: [Common 17-55] 'get_property' expects at least one object.
    find_connected_slave_intf Line 9
ERROR: [Common 17-55] 'get_property' expects at least one object.
ERROR: [BD 41-1273] Error running can_apply_rule TCL procedure: ERROR: [Common 17-55] 'get_property' expects at least one object.
    find_connected_slave_intf Line 9
ERROR: [Common 17-55] 'get_property' expects at least one object.
ERROR: [BD 41-1273] Error running can_apply_rule TCL procedure: ERROR: [Common 17-55] 'get_property' expects at least one object.
    find_connected_slave_intf Line 9
startgroup
create_bd_cell -type ip -vlnv xilinx.com:ip:axis_interconnect:2.1 axis_interconnect_0
endgroup
connect_bd_intf_net [get_bd_intf_pins axi_adc_1c_0/S_AXIS_S2MM] [get_bd_intf_pins axis_interconnect_0/M00_AXIS]
connect_bd_intf_net [get_bd_intf_pins axis_interconnect_0/M01_AXIS] [get_bd_intf_pins axi_dma_0/S_AXIS_S2MM]
delete_bd_objs [get_bd_intf_nets axis_interconnect_0_M01_AXIS]
connect_bd_intf_net [get_bd_intf_pins axis_interconnect_0/S00_AXIS] [get_bd_intf_pins axi_dma_0/S_AXIS_S2MM]
ERROR: [BD 41-171] The modes of the interface pins 'S00_AXIS'(Slave) and 'S_AXIS_S2MM'(Slave) are incompatible. They cannot be connected.
ERROR: [BD 5-3] Error: running connect_bd_intf_net.
ERROR: [Common 17-39] 'connect_bd_intf_net' failed due to earlier errors.
connect_bd_intf_net [get_bd_intf_pins axis_interconnect_0/S00_AXIS] [get_bd_intf_pins axi_dma_0/S_AXIS_S2MM]
ERROR: [BD 41-171] The modes of the interface pins 'S00_AXIS'(Slave) and 'S_AXIS_S2MM'(Slave) are incompatible. They cannot be connected.
ERROR: [BD 5-3] Error: running connect_bd_intf_net.
ERROR: [Common 17-39] 'connect_bd_intf_net' failed due to earlier errors.
ERROR: [Common 17-55] 'get_property' expects at least one object.
ERROR: [BD 41-1273] Error running can_apply_rule TCL procedure: ERROR: [Common 17-55] 'get_property' expects at least one object.
    find_connected_slave_intf Line 9
ERROR: [Common 17-55] 'get_property' expects at least one object.
ERROR: [BD 41-1273] Error running can_apply_rule TCL procedure: ERROR: [Common 17-55] 'get_property' expects at least one object.
    find_connected_slave_intf Line 9
ERROR: [Common 17-55] 'get_property' expects at least one object.
ERROR: [BD 41-1273] Error running can_apply_rule TCL procedure: ERROR: [Common 17-55] 'get_property' expects at least one object.
    find_connected_slave_intf Line 9
connect_bd_intf_net [get_bd_intf_pins axis_interconnect_0/S00_AXIS] [get_bd_intf_pins axi_dma_0/M_AXIS_MM2S]
delete_bd_objs [get_bd_intf_nets S00_AXIS_1]
connect_bd_intf_net [get_bd_intf_pins axis_interconnect_0/S00_AXIS] [get_bd_intf_pins axi_dma_0/S_AXIS_S2MM]
ERROR: [BD 41-171] The modes of the interface pins 'S00_AXIS'(Slave) and 'S_AXIS_S2MM'(Slave) are incompatible. They cannot be connected.
ERROR: [BD 5-3] Error: running connect_bd_intf_net.
ERROR: [Common 17-39] 'connect_bd_intf_net' failed due to earlier errors.
connect_bd_intf_net [get_bd_intf_pins axis_interconnect_0/S00_AXIS] [get_bd_intf_pins axi_fifo_mm_s_0/AXI_STR_RXD]
ERROR: [BD 41-171] The modes of the interface pins 'S00_AXIS'(Slave) and 'AXI_STR_RXD'(Slave) are incompatible. They cannot be connected.
ERROR: [BD 5-3] Error: running connect_bd_intf_net.
ERROR: [Common 17-39] 'connect_bd_intf_net' failed due to earlier errors.
connect_bd_intf_net [get_bd_intf_pins axis_interconnect_0/M01_AXIS] [get_bd_intf_pins axis_interconnect_0/S00_AXIS]
ERROR: [BD 41-738] Exec TCL: the object /axis_interconnect_0 is part of the hierarchical IP MOBASE@0x0000000000000000 and cannot be modified directly.
ERROR: [BD 5-3] Error: running connect_bd_intf_net.
ERROR: [Common 17-39] 'connect_bd_intf_net' failed due to earlier errors.
connect_bd_intf_net [get_bd_intf_pins axis_interconnect_0/M01_AXIS] [get_bd_intf_pins axis_interconnect_0/S00_AXIS]
ERROR: [BD 41-738] Exec TCL: the object /axis_interconnect_0 is part of the hierarchical IP MOBASE@0x0000000000000000 and cannot be modified directly.
ERROR: [BD 5-3] Error: running connect_bd_intf_net.
ERROR: [Common 17-39] 'connect_bd_intf_net' failed due to earlier errors.
connect_bd_intf_net [get_bd_intf_pins axis_interconnect_0/M01_AXIS] [get_bd_intf_pins axi_dma_0/S_AXIS_S2MM]
connect_bd_intf_net [get_bd_intf_pins axis_interconnect_0/S00_AXIS] [get_bd_intf_pins axi_dma_0/M_AXIS_MM2S]
delete_bd_objs [get_bd_intf_nets axis_interconnect_0_M01_AXIS]
startgroup
create_bd_cell -type ip -vlnv xilinx.com:ip:axis_data_fifo:1.1 axis_data_fifo_0
endgroup
connect_bd_intf_net [get_bd_intf_pins axi_dma_0/S_AXIS_S2MM] [get_bd_intf_pins axis_data_fifo_0/M_AXIS]
delete_bd_objs [get_bd_intf_nets axis_data_fifo_0_M_AXIS]
delete_bd_objs [get_bd_intf_nets axis_interconnect_0_M00_AXIS]
connect_bd_intf_net [get_bd_intf_pins axi_adc_1c_0/S_AXIS_S2MM] [get_bd_intf_pins axis_data_fifo_0/M_AXIS]
delete_bd_objs [get_bd_intf_nets S00_AXIS_1] [get_bd_cells axis_interconnect_0]
connect_bd_intf_net [get_bd_intf_pins axis_data_fifo_0/S_AXIS] [get_bd_intf_pins axi_dma_0/M_AXIS_MM2S]
create_peripheral {xilinx.com} {user} {my} {1.0} -dir {C:/Users}
add_peripheral_interface {M00_AXIS} -interface_mode {master} -axi_type {stream} [ipx::find_open_core xilinx.com:user:my:1.0]
add_peripheral_interface {S00_AXIS} -interface_mode {slave} -axi_type {stream} [ipx::find_open_core xilinx.com:user:my:1.0]
generate_peripheral [ipx::find_open_core xilinx.com:user:my:1.0]
ERROR: [Ptgen 51-45] Unable to create directory: c:/Users/my_1.0
ERROR: [Ipptcl 7-552] Failed to generate peripheral !
ERROR: [Common 17-39] 'generate_peripheral' failed due to earlier errors.
create_peripheral {xilinx.com} {user} {myip} {1.0} -dir {C:/Users}
add_peripheral_interface {M00_AXIS} -interface_mode {master} -axi_type {stream} [ipx::find_open_core xilinx.com:user:myip:1.0]
add_peripheral_interface {S00_AXIS} -interface_mode {slave} -axi_type {stream} [ipx::find_open_core xilinx.com:user:myip:1.0]
generate_peripheral [ipx::find_open_core xilinx.com:user:myip:1.0]
ERROR: [Ptgen 51-45] Unable to create directory: c:/Users/myip_1.0
ERROR: [Ipptcl 7-552] Failed to generate peripheral !
ERROR: [Common 17-39] 'generate_peripheral' failed due to earlier errors.
create_peripheral {xilinx.com} {user} {myip} {1.0} -dir {C:/}
add_peripheral_interface {S00_AXIS} -interface_mode {slave} -axi_type {stream} [ipx::find_open_core xilinx.com:user:myip:1.0]
generate_peripheral [ipx::find_open_core xilinx.com:user:myip:1.0]
write_peripheral [ipx::find_open_core xilinx.com:user:myip:1.0]
set_property ip_repo_paths  {C:/myip_1.0 c:/Users/Станислав/Desktop/zedboard/IPCore/init_cdma_1.0 c:/Users/Станислав/Desktop/zedboard/IPCore/axi_adc_1c_v1_00_a c:/Users/Станислав/Desktop/zedboard/IPCore/reg_status_1.0 c:/Users/Станислав/Desktop/zedboard/IPCore/acp_1.0} [current_fileset]
update_ip_catalog -rebuild
INFO: [IP_Flow 19-234] Refreshing IP repositories
INFO: [IP_Flow 19-1700] Loaded user IP repository 'c:/myip_1.0'.
INFO: [IP_Flow 19-1700] Loaded user IP repository 'c:/Users/Станислав/Desktop/zedboard/IPCore/init_cdma_1.0'.
INFO: [IP_Flow 19-1700] Loaded user IP repository 'c:/Users/Станислав/Desktop/zedboard/IPCore/axi_adc_1c_v1_00_a'.
INFO: [IP_Flow 19-1700] Loaded user IP repository 'c:/Users/Станислав/Desktop/zedboard/IPCore/reg_status_1.0'.
INFO: [IP_Flow 19-1700] Loaded user IP repository 'c:/Users/Станислав/Desktop/zedboard/IPCore/acp_1.0'.
startgroup
create_bd_cell -type ip -vlnv xilinx.com:user:myip:1.0 myip_0
endgroup
delete_bd_objs [get_bd_cells myip_0]
create_peripheral {xilinx.com} {user} {myip1} {1.0} -dir {C:/}
add_peripheral_interface {S00_AXIS} -interface_mode {slave} -axi_type {stream} [ipx::find_open_core xilinx.com:user:myip1:1.0]
add_peripheral_interface {M00_AXI} -interface_mode {master} -axi_type {lite} [ipx::find_open_core xilinx.com:user:myip1:1.0]
generate_peripheral -example_design [ipx::find_open_core xilinx.com:user:myip1:1.0]
write_peripheral [ipx::find_open_core xilinx.com:user:myip1:1.0]
set_property ip_repo_paths  {C:/myip1_1.0 C:/myip_1.0 c:/Users/Станислав/Desktop/zedboard/IPCore/init_cdma_1.0 c:/Users/Станислав/Desktop/zedboard/IPCore/axi_adc_1c_v1_00_a c:/Users/Станислав/Desktop/zedboard/IPCore/reg_status_1.0 c:/Users/Станислав/Desktop/zedboard/IPCore/acp_1.0} [current_fileset]
update_ip_catalog -rebuild
INFO: [IP_Flow 19-234] Refreshing IP repositories
INFO: [IP_Flow 19-1700] Loaded user IP repository 'c:/myip1_1.0'.
INFO: [IP_Flow 19-1700] Loaded user IP repository 'c:/myip_1.0'.
INFO: [IP_Flow 19-1700] Loaded user IP repository 'c:/Users/Станислав/Desktop/zedboard/IPCore/init_cdma_1.0'.
INFO: [IP_Flow 19-1700] Loaded user IP repository 'c:/Users/Станислав/Desktop/zedboard/IPCore/axi_adc_1c_v1_00_a'.
INFO: [IP_Flow 19-1700] Loaded user IP repository 'c:/Users/Станислав/Desktop/zedboard/IPCore/reg_status_1.0'.
INFO: [IP_Flow 19-1700] Loaded user IP repository 'c:/Users/Станислав/Desktop/zedboard/IPCore/acp_1.0'.
ipx::edit_ip_in_project -upgrade true -name {edit_myip1_v1_0} -directory {C:/Users/Станислав/Desktop/zedboard/260214} {c:/myip1_1.0/component.xml}
INFO: [IP_Flow 19-234] Refreshing IP repositories
INFO: [IP_Flow 19-1700] Loaded user IP repository 'c:/myip1_1.0'.
INFO: [IP_Flow 19-1700] Loaded user IP repository 'c:/myip_1.0'.
INFO: [IP_Flow 19-1700] Loaded user IP repository 'c:/Users/Станислав/Desktop/zedboard/IPCore/init_cdma_1.0'.
INFO: [IP_Flow 19-1700] Loaded user IP repository 'c:/Users/Станислав/Desktop/zedboard/IPCore/axi_adc_1c_v1_00_a'.
INFO: [IP_Flow 19-1700] Loaded user IP repository 'c:/Users/Станислав/Desktop/zedboard/IPCore/reg_status_1.0'.
INFO: [IP_Flow 19-1700] Loaded user IP repository 'c:/Users/Станислав/Desktop/zedboard/IPCore/acp_1.0'.
INFO: [IP_Flow 19-2313] Loaded Vivado IP repository 'C:/Xilinx/Vivado/2013.4/data/ip'.
update_compile_order -fileset sim_1
close_project
create_peripheral {xilinx.com} {user} {myip2} {1.0} -dir {C:/}
add_peripheral_interface {S00_AXIS} -interface_mode {slave} -axi_type {stream} [ipx::find_open_core xilinx.com:user:myip2:1.0]
add_peripheral_interface {M00_AXIS} -interface_mode {master} -axi_type {stream} [ipx::find_open_core xilinx.com:user:myip2:1.0]
generate_peripheral [ipx::find_open_core xilinx.com:user:myip2:1.0]
write_peripheral [ipx::find_open_core xilinx.com:user:myip2:1.0]
set_property ip_repo_paths  {C:/myip2_1.0 C:/myip1_1.0 C:/myip_1.0 c:/Users/Станислав/Desktop/zedboard/IPCore/init_cdma_1.0 c:/Users/Станислав/Desktop/zedboard/IPCore/axi_adc_1c_v1_00_a c:/Users/Станислав/Desktop/zedboard/IPCore/reg_status_1.0 c:/Users/Станислав/Desktop/zedboard/IPCore/acp_1.0} [current_fileset]
update_ip_catalog -rebuild
INFO: [IP_Flow 19-234] Refreshing IP repositories
INFO: [IP_Flow 19-1700] Loaded user IP repository 'c:/myip2_1.0'.
INFO: [IP_Flow 19-1700] Loaded user IP repository 'c:/myip1_1.0'.
INFO: [IP_Flow 19-1700] Loaded user IP repository 'c:/myip_1.0'.
INFO: [IP_Flow 19-1700] Loaded user IP repository 'c:/Users/Станислав/Desktop/zedboard/IPCore/init_cdma_1.0'.
INFO: [IP_Flow 19-1700] Loaded user IP repository 'c:/Users/Станислав/Desktop/zedboard/IPCore/axi_adc_1c_v1_00_a'.
INFO: [IP_Flow 19-1700] Loaded user IP repository 'c:/Users/Станислав/Desktop/zedboard/IPCore/reg_status_1.0'.
INFO: [IP_Flow 19-1700] Loaded user IP repository 'c:/Users/Станислав/Desktop/zedboard/IPCore/acp_1.0'.
ipx::edit_ip_in_project -upgrade true -name {edit_myip2_v1_0} -directory {C:/Users/Станислав/Desktop/zedboard/260214} {c:/myip2_1.0/component.xml}
INFO: [IP_Flow 19-234] Refreshing IP repositories
INFO: [IP_Flow 19-1700] Loaded user IP repository 'c:/myip2_1.0'.
INFO: [IP_Flow 19-1700] Loaded user IP repository 'c:/myip1_1.0'.
INFO: [IP_Flow 19-1700] Loaded user IP repository 'c:/myip_1.0'.
INFO: [IP_Flow 19-1700] Loaded user IP repository 'c:/Users/Станислав/Desktop/zedboard/IPCore/init_cdma_1.0'.
INFO: [IP_Flow 19-1700] Loaded user IP repository 'c:/Users/Станислав/Desktop/zedboard/IPCore/axi_adc_1c_v1_00_a'.
INFO: [IP_Flow 19-1700] Loaded user IP repository 'c:/Users/Станислав/Desktop/zedboard/IPCore/reg_status_1.0'.
INFO: [IP_Flow 19-1700] Loaded user IP repository 'c:/Users/Станислав/Desktop/zedboard/IPCore/acp_1.0'.
INFO: [IP_Flow 19-2313] Loaded Vivado IP repository 'C:/Xilinx/Vivado/2013.4/data/ip'.
update_compile_order -fileset sim_1
WARNING: [IP_Flow 19-465] param 'C_M00_AXIS_START_COUNT' already exists. Ignoring.
current_project 260214
