Copyright 1986-1999, 2001-2013 Xilinx, Inc. All Rights Reserved.
---------------------------------------------------------------------------------------------------------------------
| Tool Version     : Vivado v.2013.3 (lin64) Build 329390 Wed Oct 16 18:26:55 MDT 2013
| Date             : Fri Apr 18 09:44:24 2014
| Host             : ubuntu running 64-bit Ubuntu 12.04.4 LTS
| Command          : report_power -file dma_wrapper_power_routed.rpt -pb dma_wrapper_power_summary_routed.pb
| Design           : dma_wrapper
| Device           : xc7z020clg484-1
| Design State     : Routed
| Grade            : commercial
| Process          : typical
| Characterization : Production
---------------------------------------------------------------------------------------------------------------------

Power Report

Table of Contents
-----------------
1. Summary
1.1 On-Chip Components
1.2 Power Supply Summary
1.3 Confidence Level
2. Settings
2.1 Environment
2.2 Clock Constraints
3. Detailed Reports
3.1 By Hierarchy

1. Summary
----------

+--------------------------+-------+
| Total On-Chip Power (W)  | 1.499 |
| Dynamic (W)              | 1.348 |
| Device Static (W)        | 0.151 |
| Total Off-Chip Power (W) | 0.121 |
| Effective TJA (C/W)      | 11.5  |
| Max Ambient (C)          | 67.7  |
| Junction Temperature (C) | 42.3  |
| Confidence Level         | Low   |
| Setting File             | ---   |
| Simulation Activity File | ---   |
| Design Nets Matched      | NA    |
+--------------------------+-------+


1.1 On-Chip Components
----------------------

+--------------------------+-----------+----------+-----------+-----------------+
| On-Chip                  | Power (W) | Used     | Available | Utilization (%) |
+--------------------------+-----------+----------+-----------+-----------------+
| Clocks                   |     0.023 |        1 |       --- |             --- |
| Slice Logic              |     0.005 |    22692 |       --- |             --- |
|   LUT as Logic           |     0.005 |    10049 |     53200 |           18.89 |
|   Register               |    <0.001 |     9313 |    106400 |            8.75 |
|   CARRY4                 |    <0.001 |      175 |     13300 |            1.32 |
|   F7/F8 Muxes            |    <0.001 |      652 |     53200 |            1.23 |
|   LUT as Distributed RAM |    <0.001 |      234 |     17400 |            1.34 |
|   LUT as Shift Register  |    <0.001 |      247 |     17400 |            1.42 |
|   Others                 |     0.000 |      229 |       --- |             --- |
| Signals                  |     0.009 |    15925 |       --- |             --- |
| Block RAM                |     0.003 |      131 |       140 |           93.57 |
| I/O                      |    <0.001 |        6 |       200 |            3.00 |
| PS7                      |     1.308 |        1 |       --- |             --- |
| Static Power             |     0.151 |          |           |                 |
| Total                    |     1.499 |          |           |                 |
+--------------------------+-----------+----------+-----------+-----------------+


1.2 Power Supply Summary
------------------------

+-----------+-------------+-----------+-------------+------------+
| Source    | Voltage (V) | Total (A) | Dynamic (A) | Static (A) |
+-----------+-------------+-----------+-------------+------------+
| Vccint    |       1.000 |     0.054 |       0.039 |      0.015 |
| Vccaux    |       1.800 |     0.020 |       0.000 |      0.020 |
| Vcco33    |       3.300 |     0.000 |       0.000 |      0.000 |
| Vcco25    |       2.500 |     0.000 |       0.000 |      0.000 |
| Vcco18    |       1.800 |     0.000 |       0.000 |      0.000 |
| Vcco15    |       1.500 |     0.001 |       0.000 |      0.001 |
| Vcco135   |       1.350 |     0.000 |       0.000 |      0.000 |
| Vcco12    |       1.200 |     0.000 |       0.000 |      0.000 |
| Vccaux_io |       1.800 |     0.000 |       0.000 |      0.000 |
| Vccbram   |       1.000 |     0.004 |       0.000 |      0.004 |
| MGTAVcc   |       1.000 |     0.000 |       0.000 |      0.000 |
| MGTAVtt   |       1.200 |     0.000 |       0.000 |      0.000 |
| MGTVccaux |       1.800 |     0.000 |       0.000 |      0.000 |
| Vccpint   |       1.000 |     0.419 |       0.391 |      0.028 |
| Vccpaux   |       1.800 |     0.045 |       0.034 |      0.010 |
| Vccpll    |       1.800 |     0.116 |       0.113 |      0.003 |
| Vcco_ddr  |       1.500 |     0.511 |       0.509 |      0.002 |
| Vcco_mio0 |       1.800 |     0.004 |       0.003 |      0.001 |
| Vcco_mio1 |       1.800 |     0.003 |       0.002 |      0.001 |
| Vccadc    |       1.800 |     0.020 |       0.000 |      0.020 |
+-----------+-------------+-----------+-------------+------------+


1.3 Confidence Level
--------------------

+-----------------------------+------------+--------------------------------------------------------+--------------------------------------------------------------------------------------------------------------------+
| User Input Data             | Confidence | Details                                                | Action                                                                                                             |
+-----------------------------+------------+--------------------------------------------------------+--------------------------------------------------------------------------------------------------------------------+
| Design implementation state | High       | Design is completely routed                            |                                                                                                                    |
| Clock nodes activity        | Low        | User specified less than 75% of clocks                 | Provide missing clock activity with a constraint file, simulation results or by editing the "By Clock Domain" view |
| I/O nodes activity          | Low        | More than 75% of inputs are missing user specification | Provide missing input activity with simulation results or by editing the "By Resource Type -> I/Os" view           |
| Internal nodes activity     | Medium     | User specified less than 25% of internal nodes         | Provide missing internal nodes activity with simulation results or by editing the "By Resource Type" views         |
| Device models               | High       | Device models are Production                           |                                                                                                                    |
|                             |            |                                                        |                                                                                                                    |
| Overall confidence level    | Low        |                                                        |                                                                                                                    |
+-----------------------------+------------+--------------------------------------------------------+--------------------------------------------------------------------------------------------------------------------+


2. Settings
-----------

2.1 Environment
---------------

+-----------------------+------------------------+
| Ambient Temp (C)      | 25.0                   |
| ThetaJA (C/W)         | 11.5                   |
| Airflow (LFM)         | 250                    |
| Heat Sink             | none                   |
| ThetaSA (C/W)         | 0.0                    |
| Board Selection       | medium (10"x10")       |
| # of Board Layers     | 8to11 (8 to 11 Layers) |
| Board Temperature (C) | 25.0                   |
+-----------------------+------------------------+


2.2 Clock Constraints
---------------------

+------------+--------------------------------------------------------+-----------------+
| Clock      | Domain                                                 | Constraint (ns) |
+------------+--------------------------------------------------------+-----------------+
| clk_fpga_2 | dma_i/processing_system7_0/inst/FCLK_CLK_unbuffered[2] |            20.0 |
+------------+--------------------------------------------------------+-----------------+


3. Detailed Reports
-------------------

3.1 By Hierarchy
----------------

+---------------------------------------------------------------------------------------------------------------------------------------------------------------------------------------------------------------------------------------------+-----------+
| Name                                                                                                                                                                                                                                        | Power (W) |
+---------------------------------------------------------------------------------------------------------------------------------------------------------------------------------------------------------------------------------------------+-----------+
| dma_wrapper                                                                                                                                                                                                                                 |     1.348 |
|   dma_i                                                                                                                                                                                                                                     |     1.348 |
|     ADC_emul_0                                                                                                                                                                                                                              |    <0.001 |
|     acp_0                                                                                                                                                                                                                                   |    <0.001 |
|     axi_bram_ctrl_0                                                                                                                                                                                                                         |    <0.001 |
|     axi_bram_ctrl_0_bram                                                                                                                                                                                                                    |     0.003 |
|     axi_cdma_0                                                                                                                                                                                                                              |     0.003 |
|       U0                                                                                                                                                                                                                                    |     0.003 |
|     axi_mem_intercon                                                                                                                                                                                                                        |     0.017 |
|       m00_couplers/auto_pc                                                                                                                                                                                                                  |     0.001 |
|         inst/gen_axi4_axi3.axi3_conv_inst/USE_READ.USE_SPLIT_R.read_addr_inst/USE_R_CHANNEL.cmd_queue/inst/fifo_gen_inst/inst_fifo_gen/gconvfifo.rf/grf.rf/gntv_or_sync_fifo.mem/gdm.dm/RAM_reg_0_31_0_0                                    |    <0.001 |
|         inst/gen_axi4_axi3.axi3_conv_inst/USE_WRITE.write_addr_inst/USE_BURSTS.cmd_queue/inst/fifo_gen_inst/inst_fifo_gen/gconvfifo.rf/grf.rf/gntv_or_sync_fifo.mem/gdm.dm/RAM_reg_0_31_0_4                                                 |    <0.001 |
|         inst/gen_axi4_axi3.axi3_conv_inst/USE_WRITE.write_addr_inst/USE_B_CHANNEL.cmd_b_queue/inst/fifo_gen_inst/inst_fifo_gen/gconvfifo.rf/grf.rf/gntv_or_sync_fifo.mem/gdm.dm/RAM_reg_0_31_0_4                                            |    <0.001 |
|       m01_couplers/auto_ds                                                                                                                                                                                                                  |     0.002 |
|         inst                                                                                                                                                                                                                                |     0.002 |
|           gen_downsizer.gen_simple_downsizer.axi_downsizer_inst/USE_READ.read_addr_inst/cmd_queue/inst/fifo_gen_inst/inst_fifo_gen/gconvfifo.rf/grf.rf/gntv_or_sync_fifo.mem/gdm.dm/RAM_reg_0_31_0_5                                        |    <0.001 |
|           gen_downsizer.gen_simple_downsizer.axi_downsizer_inst/USE_READ.read_addr_inst/cmd_queue/inst/fifo_gen_inst/inst_fifo_gen/gconvfifo.rf/grf.rf/gntv_or_sync_fifo.mem/gdm.dm/RAM_reg_0_31_12_17                                      |    <0.001 |
|           gen_downsizer.gen_simple_downsizer.axi_downsizer_inst/USE_READ.read_addr_inst/cmd_queue/inst/fifo_gen_inst/inst_fifo_gen/gconvfifo.rf/grf.rf/gntv_or_sync_fifo.mem/gdm.dm/RAM_reg_0_31_18_23                                      |    <0.001 |
|           gen_downsizer.gen_simple_downsizer.axi_downsizer_inst/USE_READ.read_addr_inst/cmd_queue/inst/fifo_gen_inst/inst_fifo_gen/gconvfifo.rf/grf.rf/gntv_or_sync_fifo.mem/gdm.dm/RAM_reg_0_31_24_25                                      |    <0.001 |
|           gen_downsizer.gen_simple_downsizer.axi_downsizer_inst/USE_READ.read_addr_inst/cmd_queue/inst/fifo_gen_inst/inst_fifo_gen/gconvfifo.rf/grf.rf/gntv_or_sync_fifo.mem/gdm.dm/RAM_reg_0_31_6_11                                       |    <0.001 |
|           gen_downsizer.gen_simple_downsizer.axi_downsizer_inst/USE_WRITE.write_addr_inst/USE_B_CHANNEL.cmd_b_queue/inst/fifo_gen_inst/inst_fifo_gen/gconvfifo.rf/grf.rf/gntv_or_sync_fifo.mem/gdm.dm/RAM_reg_0_31_0_5                      |    <0.001 |
|           gen_downsizer.gen_simple_downsizer.axi_downsizer_inst/USE_WRITE.write_addr_inst/USE_B_CHANNEL.cmd_b_queue/inst/fifo_gen_inst/inst_fifo_gen/gconvfifo.rf/grf.rf/gntv_or_sync_fifo.mem/gdm.dm/RAM_reg_0_31_6_8                      |    <0.001 |
|           gen_downsizer.gen_simple_downsizer.axi_downsizer_inst/USE_WRITE.write_addr_inst/cmd_queue/inst/fifo_gen_inst/inst_fifo_gen/gconvfifo.rf/grf.rf/gntv_or_sync_fifo.mem/gdm.dm/RAM_reg_0_31_0_5                                      |    <0.001 |
|           gen_downsizer.gen_simple_downsizer.axi_downsizer_inst/USE_WRITE.write_addr_inst/cmd_queue/inst/fifo_gen_inst/inst_fifo_gen/gconvfifo.rf/grf.rf/gntv_or_sync_fifo.mem/gdm.dm/RAM_reg_0_31_12_17                                    |    <0.001 |
|           gen_downsizer.gen_simple_downsizer.axi_downsizer_inst/USE_WRITE.write_addr_inst/cmd_queue/inst/fifo_gen_inst/inst_fifo_gen/gconvfifo.rf/grf.rf/gntv_or_sync_fifo.mem/gdm.dm/RAM_reg_0_31_18_23                                    |    <0.001 |
|           gen_downsizer.gen_simple_downsizer.axi_downsizer_inst/USE_WRITE.write_addr_inst/cmd_queue/inst/fifo_gen_inst/inst_fifo_gen/gconvfifo.rf/grf.rf/gntv_or_sync_fifo.mem/gdm.dm/RAM_reg_0_31_24_25                                    |    <0.001 |
|           gen_downsizer.gen_simple_downsizer.axi_downsizer_inst/USE_WRITE.write_addr_inst/cmd_queue/inst/fifo_gen_inst/inst_fifo_gen/gconvfifo.rf/grf.rf/gntv_or_sync_fifo.mem/gdm.dm/RAM_reg_0_31_6_11                                     |    <0.001 |
|       m01_couplers/auto_pc                                                                                                                                                                                                                  |     0.001 |
|       m01_couplers/auto_rs                                                                                                                                                                                                                  |     0.002 |
|       m01_couplers/m01_data_fifo                                                                                                                                                                                                            |     0.003 |
|         inst/gen_fifo.fifo_gen_inst/inst_fifo_gen/gaxi_full_lite.gread_ch.grach2.axi_rach/grf.rf/gntv_or_sync_fifo.mem/gdm.dm/RAM_reg_0_31_12_17                                                                                            |    <0.001 |
|         inst/gen_fifo.fifo_gen_inst/inst_fifo_gen/gaxi_full_lite.gread_ch.grach2.axi_rach/grf.rf/gntv_or_sync_fifo.mem/gdm.dm/RAM_reg_0_31_18_23                                                                                            |    <0.001 |
|         inst/gen_fifo.fifo_gen_inst/inst_fifo_gen/gaxi_full_lite.gread_ch.grach2.axi_rach/grf.rf/gntv_or_sync_fifo.mem/gdm.dm/RAM_reg_0_31_24_29                                                                                            |    <0.001 |
|         inst/gen_fifo.fifo_gen_inst/inst_fifo_gen/gaxi_full_lite.gread_ch.grach2.axi_rach/grf.rf/gntv_or_sync_fifo.mem/gdm.dm/RAM_reg_0_31_30_35                                                                                            |    <0.001 |
|         inst/gen_fifo.fifo_gen_inst/inst_fifo_gen/gaxi_full_lite.gread_ch.grach2.axi_rach/grf.rf/gntv_or_sync_fifo.mem/gdm.dm/RAM_reg_0_31_36_41                                                                                            |    <0.001 |
|         inst/gen_fifo.fifo_gen_inst/inst_fifo_gen/gaxi_full_lite.gread_ch.grach2.axi_rach/grf.rf/gntv_or_sync_fifo.mem/gdm.dm/RAM_reg_0_31_42_47                                                                                            |    <0.001 |
|         inst/gen_fifo.fifo_gen_inst/inst_fifo_gen/gaxi_full_lite.gread_ch.grach2.axi_rach/grf.rf/gntv_or_sync_fifo.mem/gdm.dm/RAM_reg_0_31_48_53                                                                                            |    <0.001 |
|         inst/gen_fifo.fifo_gen_inst/inst_fifo_gen/gaxi_full_lite.gread_ch.grach2.axi_rach/grf.rf/gntv_or_sync_fifo.mem/gdm.dm/RAM_reg_0_31_60_62                                                                                            |    <0.001 |
|         inst/gen_fifo.fifo_gen_inst/inst_fifo_gen/gaxi_full_lite.gwrite_ch.gwach2.axi_wach/grf.rf/gntv_or_sync_fifo.mem/gdm.dm/RAM_reg_0_31_12_17                                                                                           |    <0.001 |
|         inst/gen_fifo.fifo_gen_inst/inst_fifo_gen/gaxi_full_lite.gwrite_ch.gwach2.axi_wach/grf.rf/gntv_or_sync_fifo.mem/gdm.dm/RAM_reg_0_31_18_23                                                                                           |    <0.001 |
|         inst/gen_fifo.fifo_gen_inst/inst_fifo_gen/gaxi_full_lite.gwrite_ch.gwach2.axi_wach/grf.rf/gntv_or_sync_fifo.mem/gdm.dm/RAM_reg_0_31_24_29                                                                                           |    <0.001 |
|         inst/gen_fifo.fifo_gen_inst/inst_fifo_gen/gaxi_full_lite.gwrite_ch.gwach2.axi_wach/grf.rf/gntv_or_sync_fifo.mem/gdm.dm/RAM_reg_0_31_30_35                                                                                           |    <0.001 |
|         inst/gen_fifo.fifo_gen_inst/inst_fifo_gen/gaxi_full_lite.gwrite_ch.gwach2.axi_wach/grf.rf/gntv_or_sync_fifo.mem/gdm.dm/RAM_reg_0_31_36_41                                                                                           |    <0.001 |
|         inst/gen_fifo.fifo_gen_inst/inst_fifo_gen/gaxi_full_lite.gwrite_ch.gwach2.axi_wach/grf.rf/gntv_or_sync_fifo.mem/gdm.dm/RAM_reg_0_31_42_47                                                                                           |    <0.001 |
|         inst/gen_fifo.fifo_gen_inst/inst_fifo_gen/gaxi_full_lite.gwrite_ch.gwach2.axi_wach/grf.rf/gntv_or_sync_fifo.mem/gdm.dm/RAM_reg_0_31_48_53                                                                                           |    <0.001 |
|         inst/gen_fifo.fifo_gen_inst/inst_fifo_gen/gaxi_full_lite.gwrite_ch.gwach2.axi_wach/grf.rf/gntv_or_sync_fifo.mem/gdm.dm/RAM_reg_0_31_60_62                                                                                           |    <0.001 |
|       s00_couplers/auto_us                                                                                                                                                                                                                  |     0.002 |
|         inst                                                                                                                                                                                                                                |     0.002 |
|       s01_couplers/auto_pc                                                                                                                                                                                                                  |     0.000 |
|       s01_couplers/auto_us_df                                                                                                                                                                                                               |     0.004 |
|         inst                                                                                                                                                                                                                                |     0.004 |
|           gen_upsizer.gen_full_upsizer.axi_upsizer_inst/USE_READ.gen_pktfifo_r_upsizer.pktfifo_read_data_inst/dw_fifogen_ar/inst_fifo_gen/gaxi_full_lite.gread_ch.grach2.axi_rach/grf.rf/gntv_or_sync_fifo.mem/gdm.dm/RAM_reg_0_31_0_5      |    <0.001 |
|           gen_upsizer.gen_full_upsizer.axi_upsizer_inst/USE_READ.gen_pktfifo_r_upsizer.pktfifo_read_data_inst/dw_fifogen_ar/inst_fifo_gen/gaxi_full_lite.gread_ch.grach2.axi_rach/grf.rf/gntv_or_sync_fifo.mem/gdm.dm/RAM_reg_0_31_12_17    |    <0.001 |
|           gen_upsizer.gen_full_upsizer.axi_upsizer_inst/USE_READ.gen_pktfifo_r_upsizer.pktfifo_read_data_inst/dw_fifogen_ar/inst_fifo_gen/gaxi_full_lite.gread_ch.grach2.axi_rach/grf.rf/gntv_or_sync_fifo.mem/gdm.dm/RAM_reg_0_31_18_23    |    <0.001 |
|           gen_upsizer.gen_full_upsizer.axi_upsizer_inst/USE_READ.gen_pktfifo_r_upsizer.pktfifo_read_data_inst/dw_fifogen_ar/inst_fifo_gen/gaxi_full_lite.gread_ch.grach2.axi_rach/grf.rf/gntv_or_sync_fifo.mem/gdm.dm/RAM_reg_0_31_24_29    |    <0.001 |
|           gen_upsizer.gen_full_upsizer.axi_upsizer_inst/USE_READ.gen_pktfifo_r_upsizer.pktfifo_read_data_inst/dw_fifogen_ar/inst_fifo_gen/gaxi_full_lite.gread_ch.grach2.axi_rach/grf.rf/gntv_or_sync_fifo.mem/gdm.dm/RAM_reg_0_31_30_35    |    <0.001 |
|           gen_upsizer.gen_full_upsizer.axi_upsizer_inst/USE_READ.gen_pktfifo_r_upsizer.pktfifo_read_data_inst/dw_fifogen_ar/inst_fifo_gen/gaxi_full_lite.gread_ch.grach2.axi_rach/grf.rf/gntv_or_sync_fifo.mem/gdm.dm/RAM_reg_0_31_36_41    |    <0.001 |
|           gen_upsizer.gen_full_upsizer.axi_upsizer_inst/USE_READ.gen_pktfifo_r_upsizer.pktfifo_read_data_inst/dw_fifogen_ar/inst_fifo_gen/gaxi_full_lite.gread_ch.grach2.axi_rach/grf.rf/gntv_or_sync_fifo.mem/gdm.dm/RAM_reg_0_31_42_47    |    <0.001 |
|           gen_upsizer.gen_full_upsizer.axi_upsizer_inst/USE_READ.gen_pktfifo_r_upsizer.pktfifo_read_data_inst/dw_fifogen_ar/inst_fifo_gen/gaxi_full_lite.gread_ch.grach2.axi_rach/grf.rf/gntv_or_sync_fifo.mem/gdm.dm/RAM_reg_0_31_48_53    |    <0.001 |
|           gen_upsizer.gen_full_upsizer.axi_upsizer_inst/USE_READ.gen_pktfifo_r_upsizer.pktfifo_read_data_inst/dw_fifogen_ar/inst_fifo_gen/gaxi_full_lite.gread_ch.grach2.axi_rach/grf.rf/gntv_or_sync_fifo.mem/gdm.dm/RAM_reg_0_31_54_59    |    <0.001 |
|           gen_upsizer.gen_full_upsizer.axi_upsizer_inst/USE_READ.gen_pktfifo_r_upsizer.pktfifo_read_data_inst/dw_fifogen_ar/inst_fifo_gen/gaxi_full_lite.gread_ch.grach2.axi_rach/grf.rf/gntv_or_sync_fifo.mem/gdm.dm/RAM_reg_0_31_60_61    |    <0.001 |
|           gen_upsizer.gen_full_upsizer.axi_upsizer_inst/USE_READ.gen_pktfifo_r_upsizer.pktfifo_read_data_inst/dw_fifogen_ar/inst_fifo_gen/gaxi_full_lite.gread_ch.grach2.axi_rach/grf.rf/gntv_or_sync_fifo.mem/gdm.dm/RAM_reg_0_31_6_11     |    <0.001 |
|           gen_upsizer.gen_full_upsizer.axi_upsizer_inst/USE_READ.gen_pktfifo_r_upsizer.pktfifo_read_data_inst/m_cmd_fifo/inst_fifo_gen/gconvfifo.rf/grf.rf/gntv_or_sync_fifo.mem/gdm.dm/RAM_reg_0_31_12_17                                  |    <0.001 |
|           gen_upsizer.gen_full_upsizer.axi_upsizer_inst/USE_READ.gen_pktfifo_r_upsizer.pktfifo_read_data_inst/s_cmd_fifo/inst_fifo_gen/gconvfifo.rf/grf.rf/gntv_or_sync_fifo.mem/gdm.dm/RAM_reg_0_31_0_5                                    |    <0.001 |
|           gen_upsizer.gen_full_upsizer.axi_upsizer_inst/USE_READ.gen_pktfifo_r_upsizer.pktfifo_read_data_inst/s_cmd_fifo/inst_fifo_gen/gconvfifo.rf/grf.rf/gntv_or_sync_fifo.mem/gdm.dm/RAM_reg_0_31_12_17                                  |    <0.001 |
|           gen_upsizer.gen_full_upsizer.axi_upsizer_inst/USE_READ.gen_pktfifo_r_upsizer.pktfifo_read_data_inst/s_cmd_fifo/inst_fifo_gen/gconvfifo.rf/grf.rf/gntv_or_sync_fifo.mem/gdm.dm/RAM_reg_0_31_18_23                                  |    <0.001 |
|           gen_upsizer.gen_full_upsizer.axi_upsizer_inst/USE_READ.gen_pktfifo_r_upsizer.pktfifo_read_data_inst/s_cmd_fifo/inst_fifo_gen/gconvfifo.rf/grf.rf/gntv_or_sync_fifo.mem/gdm.dm/RAM_reg_0_31_24_27                                  |    <0.001 |
|           gen_upsizer.gen_full_upsizer.axi_upsizer_inst/USE_READ.gen_pktfifo_r_upsizer.pktfifo_read_data_inst/s_cmd_fifo/inst_fifo_gen/gconvfifo.rf/grf.rf/gntv_or_sync_fifo.mem/gdm.dm/RAM_reg_0_31_6_11                                   |    <0.001 |
|           gen_upsizer.gen_full_upsizer.axi_upsizer_inst/USE_WRITE.gen_pktfifo_w_upsizer.pktfifo_write_data_inst/dw_fifogen_aw/inst_fifo_gen/gaxi_full_lite.gwrite_ch.gwach2.axi_wach/grf.rf/gntv_or_sync_fifo.mem/gdm.dm/RAM_reg_0_31_0_5   |    <0.001 |
|           gen_upsizer.gen_full_upsizer.axi_upsizer_inst/USE_WRITE.gen_pktfifo_w_upsizer.pktfifo_write_data_inst/dw_fifogen_aw/inst_fifo_gen/gaxi_full_lite.gwrite_ch.gwach2.axi_wach/grf.rf/gntv_or_sync_fifo.mem/gdm.dm/RAM_reg_0_31_12_17 |    <0.001 |
|           gen_upsizer.gen_full_upsizer.axi_upsizer_inst/USE_WRITE.gen_pktfifo_w_upsizer.pktfifo_write_data_inst/dw_fifogen_aw/inst_fifo_gen/gaxi_full_lite.gwrite_ch.gwach2.axi_wach/grf.rf/gntv_or_sync_fifo.mem/gdm.dm/RAM_reg_0_31_18_23 |    <0.001 |
|           gen_upsizer.gen_full_upsizer.axi_upsizer_inst/USE_WRITE.gen_pktfifo_w_upsizer.pktfifo_write_data_inst/dw_fifogen_aw/inst_fifo_gen/gaxi_full_lite.gwrite_ch.gwach2.axi_wach/grf.rf/gntv_or_sync_fifo.mem/gdm.dm/RAM_reg_0_31_24_29 |    <0.001 |
|           gen_upsizer.gen_full_upsizer.axi_upsizer_inst/USE_WRITE.gen_pktfifo_w_upsizer.pktfifo_write_data_inst/dw_fifogen_aw/inst_fifo_gen/gaxi_full_lite.gwrite_ch.gwach2.axi_wach/grf.rf/gntv_or_sync_fifo.mem/gdm.dm/RAM_reg_0_31_30_35 |    <0.001 |
|           gen_upsizer.gen_full_upsizer.axi_upsizer_inst/USE_WRITE.gen_pktfifo_w_upsizer.pktfifo_write_data_inst/dw_fifogen_aw/inst_fifo_gen/gaxi_full_lite.gwrite_ch.gwach2.axi_wach/grf.rf/gntv_or_sync_fifo.mem/gdm.dm/RAM_reg_0_31_36_41 |    <0.001 |
|           gen_upsizer.gen_full_upsizer.axi_upsizer_inst/USE_WRITE.gen_pktfifo_w_upsizer.pktfifo_write_data_inst/dw_fifogen_aw/inst_fifo_gen/gaxi_full_lite.gwrite_ch.gwach2.axi_wach/grf.rf/gntv_or_sync_fifo.mem/gdm.dm/RAM_reg_0_31_42_47 |    <0.001 |
|           gen_upsizer.gen_full_upsizer.axi_upsizer_inst/USE_WRITE.gen_pktfifo_w_upsizer.pktfifo_write_data_inst/dw_fifogen_aw/inst_fifo_gen/gaxi_full_lite.gwrite_ch.gwach2.axi_wach/grf.rf/gntv_or_sync_fifo.mem/gdm.dm/RAM_reg_0_31_48_53 |    <0.001 |
|           gen_upsizer.gen_full_upsizer.axi_upsizer_inst/USE_WRITE.gen_pktfifo_w_upsizer.pktfifo_write_data_inst/dw_fifogen_aw/inst_fifo_gen/gaxi_full_lite.gwrite_ch.gwach2.axi_wach/grf.rf/gntv_or_sync_fifo.mem/gdm.dm/RAM_reg_0_31_54_59 |    <0.001 |
|           gen_upsizer.gen_full_upsizer.axi_upsizer_inst/USE_WRITE.gen_pktfifo_w_upsizer.pktfifo_write_data_inst/dw_fifogen_aw/inst_fifo_gen/gaxi_full_lite.gwrite_ch.gwach2.axi_wach/grf.rf/gntv_or_sync_fifo.mem/gdm.dm/RAM_reg_0_31_60_63 |    <0.001 |
|           gen_upsizer.gen_full_upsizer.axi_upsizer_inst/USE_WRITE.gen_pktfifo_w_upsizer.pktfifo_write_data_inst/dw_fifogen_aw/inst_fifo_gen/gaxi_full_lite.gwrite_ch.gwach2.axi_wach/grf.rf/gntv_or_sync_fifo.mem/gdm.dm/RAM_reg_0_31_6_11  |    <0.001 |
|       xbar                                                                                                                                                                                                                                  |     0.002 |
|     init_cdma_0                                                                                                                                                                                                                             |    <0.001 |
|     proc_sys_reset                                                                                                                                                                                                                          |    <0.001 |
|       U0                                                                                                                                                                                                                                    |    <0.001 |
|     processing_system7_0                                                                                                                                                                                                                    |     1.309 |
|       inst                                                                                                                                                                                                                                  |     1.309 |
|     processing_system7_0_axi_periph                                                                                                                                                                                                         |     0.004 |
|       s00_couplers/auto_pc                                                                                                                                                                                                                  |     0.002 |
|       xbar                                                                                                                                                                                                                                  |     0.002 |
|     reg_init_0                                                                                                                                                                                                                              |     0.006 |
|     reg_status_0                                                                                                                                                                                                                            |     0.003 |
+---------------------------------------------------------------------------------------------------------------------------------------------------------------------------------------------------------------------------------------------+-----------+


