#
# An unexpected error has occurred (11)
#
Stack:
/lib/x86_64-linux-gnu/libpthread.so.0(+0xfcb0) [0x7f837cdc1cb0]
/opt/Xilinx/Vivado/2013.3/lib/lnx64.o/libtcmalloc.so.4(tcmalloc::ThreadCache::ReleaseToCentralCache(tcmalloc::ThreadCache::FreeList*, unsigned long, int)+0x10b) [0x7f837e2ea91b]
/opt/Xilinx/Vivado/2013.3/lib/lnx64.o/libtcmalloc.so.4(tcmalloc::ThreadCache::ListTooLong(tcmalloc::ThreadCache::FreeList*, unsigned long)+0x1d) [0x7f837e2ea9ed]
/opt/Xilinx/Vivado/2013.3/lib/lnx64.o/libtcmalloc.so.4(tc_free+0x1e8) [0x7f837e2fa478]
/opt/Xilinx/Vivado/2013.3/lib/lnx64.o/librdi_device.so(HDSPWireModel::~HDSPWireModel()+0x20) [0x7f83688e3640]
/opt/Xilinx/Vivado/2013.3/lib/lnx64.o/librdi_device.so(HDSPWireModel::~HDSPWireModel()+0x9) [0x7f83688e3659]
/opt/Xilinx/Vivado/2013.3/lib/lnx64.o/librdi_device.so(HDSPController::~HDSPController()+0x2e) [0x7f83688c7fee]
/opt/Xilinx/Vivado/2013.3/lib/lnx64.o/librdi_device.so(HDSPControllerCache::~HDSPControllerCache()+0x21) [0x7f83688c8211]
/lib/x86_64-linux-gnu/libc.so.6(+0x3b901) [0x7f837ca2d901]
/lib/x86_64-linux-gnu/libc.so.6(+0x3b985) [0x7f837ca2d985]
/opt/Xilinx/Vivado/2013.3/lib/lnx64.o/libtcl8.5.so(+0x72931) [0x7f8378d44931]
/opt/Xilinx/Vivado/2013.3/lib/lnx64.o/libtcl8.5.so(+0x3abaf) [0x7f8378d0cbaf]
/opt/Xilinx/Vivado/2013.3/lib/lnx64.o/libtcl8.5.so(+0x32c19) [0x7f8378d04c19]
/opt/Xilinx/Vivado/2013.3/lib/lnx64.o/libtcl8.5.so(+0x345a2) [0x7f8378d065a2]
/opt/Xilinx/Vivado/2013.3/lib/lnx64.o/libtcl8.5.so(Tcl_Eval+0x15) [0x7f8378d06a85]
/opt/Xilinx/Vivado/2013.3/lib/lnx64.o/librdi_commontasks.so(+0x2980e3) [0x7f8374c020e3]
/opt/Xilinx/Vivado/2013.3/lib/lnx64.o/librdi_commontasks.so(+0x29515c) [0x7f8374bff15c]
/opt/Xilinx/Vivado/2013.3/lib/lnx64.o/librdi_common.so(+0x4b3a0b) [0x7f837db3ea0b]
/opt/Xilinx/Vivado/2013.3/lib/lnx64.o/libtcl8.5.so(+0x32c19) [0x7f8378d04c19]
/opt/Xilinx/Vivado/2013.3/lib/lnx64.o/libtcl8.5.so(Tcl_EvalObjv+0x32) [0x7f8378d05202]
/opt/Xilinx/Vivado/2013.3/lib/lnx64.o/libtcl8.5.so(TclEvalObjEx+0x2c2) [0x7f8378d06d62]
/opt/Xilinx/Vivado/2013.3/lib/lnx64.o/librdi_commonmain.so(+0x7f0e) [0x7f837d484f0e]
/opt/Xilinx/Vivado/2013.3/lib/lnx64.o/libtcl8.5.so(Tcl_Main+0x1d5) [0x7f8378d6fbc5]
/opt/Xilinx/Vivado/2013.3/lib/lnx64.o/librdi_common.so(boost::function0<void>::operator()() const+0x1c) [0x7f837db5205c]
/opt/Xilinx/Vivado/2013.3/lib/lnx64.o/librdi_common.so(+0x4e1b99) [0x7f837db6cb99]
/lib/x86_64-linux-gnu/libpthread.so.0(+0x7e9a) [0x7f837cdb9e9a]
/lib/x86_64-linux-gnu/libc.so.6(clone+0x6d) [0x7f837cae63fd]
