10:07:30 **** Auto Build of project device-tree_bsp_0 ****
make -k all 
libgen -hw ../hw_platform_0/system.xml\
	       -lp /home/chupa/zedboard\
	       -pe ps7_cortexa9_0 \
	       -log libgen.log \
	       system.mss
libgen
Xilinx EDK 14.7 Build EDK_P.20131013
Copyright (c) 1995-2012 Xilinx, Inc.  All rights reserved.

Command Line: libgen -hw ../hw_platform_0/system.xml -lp /home/chupa/zedboard
-pe ps7_cortexa9_0 -log libgen.log system.mss 

ERROR:EDK:3326 -
   /home/vladimir/Z/zedboard/180414stream/device-tree_bsp_0/system.mss line 5 -
   Cannot find MLD file device-tree_v2_1_0.mld for the os device-tree 
INFO:EDK:1040 - Directories Searched :
  -
/home/vladimir/Z/zedboard/180414stream/device-tree_bsp_0/bsp/device-tree/data
  - /home/chupa/zedboard/bsp/device-tree/data
  - /opt/Xilinx/14.7/ISE_DS/EDK/sw/lib/bsp/device-tree/data
  - /opt/Xilinx/14.7/ISE_DS/EDK/sw/XilinxProcessorIPLib/bsp/device-tree/data
make: *** [ps7_cortexa9_0/lib/libxil.a] Ошибка 2
make: Цель `all' не была пересобрана из-за ошибок.
  - /opt/Xilinx/14.7/ISE_DS/EDK/sw/ThirdParty/bsp/device-tree/data
INFO:EDK:773 - Check the following for possible causes of not finding MLD:
  - If OS_VER is specified in MSS, it must follow literal form X.YY.Z
  - There is no OS with given name
  - OS exists but not that version
  - OS and version (directory) exist but no MLD is available

ERROR:EDK:1204 - Errors occured while creating Software System.

10:07:32 Build Finished (took 1s.160ms)

